Log file open, 09/10/17 18:29:32
LogWindows: LoadLibraryWithSearchPaths failed for file aqProf.dll. GetLastError=0
LogWindows: LoadLibraryWithSearchPaths failed for file VtuneApi.dll. GetLastError=0
LogWindows: LoadLibraryWithSearchPaths failed for file VtuneApi32e.dll. GetLastError=0
LogInit: Display: Running engine for game: ScripterWorkshop
LogPlatformFile: Not using cached read wrapper
LogInit: Display: RandInit(-1464963181) SRandInit(-1464963181).
LogTaskGraph: Started task graph with 5 named threads and 8 total threads with 3 sets of task threads.
LogStats: Stats thread started at 5.333978
LogD3D11RHI: Aftermath initialized
LogPluginManager: Mounting plugin Paper2D
LogPluginManager: Mounting plugin LightPropagationVolume
LogPluginManager: Mounting plugin CodeLiteSourceCodeAccess
LogPluginManager: Mounting plugin GitSourceControl
LogPluginManager: Mounting plugin KDevelopSourceCodeAccess
LogPluginManager: Mounting plugin NullSourceCodeAccess
LogPluginManager: Mounting plugin PerforceSourceControl
LogPluginManager: Mounting plugin SubversionSourceControl
LogPluginManager: Mounting plugin UObjectPlugin
LogPluginManager: Mounting plugin VisualStudioSourceCodeAccess
LogPluginManager: Mounting plugin XCodeSourceCodeAccess
LogPluginManager: Mounting plugin AssetManagerEditor
LogPluginManager: Mounting plugin AudioCapture
LogPluginManager: Mounting plugin FacialAnimation
LogPluginManager: Mounting plugin GameplayTagsEditor
LogPluginManager: Mounting plugin MobileLauncherProfileWizard
LogPluginManager: Mounting plugin PluginBrowser
LogPluginManager: Mounting plugin SpeedTreeImporter
LogPluginManager: Mounting plugin AlembicImporter
LogPluginManager: Mounting plugin CharacterAI
LogPluginManager: Mounting plugin HTML5Networking
LogPluginManager: Mounting plugin AndroidMedia
LogPluginManager: Mounting plugin AvfMedia
LogPluginManager: Mounting plugin MediaPlayerEditor
LogPluginManager: Mounting plugin WmfMedia
LogPluginManager: Mounting plugin TcpMessaging
LogPluginManager: Mounting plugin UdpMessaging
LogPluginManager: Mounting plugin LevelSequenceEditor
LogPluginManager: Mounting plugin MatineeToLevelSequence
LogPluginManager: Mounting plugin OnlineSubsystemGooglePlay
LogPluginManager: Mounting plugin OnlineSubsystemIOS
LogPluginManager: Mounting plugin OnlineSubsystem
LogPluginManager: Mounting plugin OnlineSubsystemNull
LogPluginManager: Mounting plugin OnlineSubsystemUtils
LogPluginManager: Mounting plugin AndroidDeviceProfileSelector
LogPluginManager: Mounting plugin AndroidMoviePlayer
LogPluginManager: Mounting plugin AndroidPermission
LogPluginManager: Mounting plugin AppleMoviePlayer
LogPluginManager: Mounting plugin ArchVisCharacter
LogPluginManager: Mounting plugin CableComponent
LogPluginManager: Mounting plugin CustomMeshComponent
LogPluginManager: Mounting plugin ExampleDeviceProfileSelector
LogPluginManager: Mounting plugin GoogleCloudMessaging
LogPluginManager: Mounting plugin ImmediatePhysics
LogPluginManager: Mounting plugin IOSDeviceProfileSelector
LogPluginManager: Mounting plugin LinuxDeviceProfileSelector
LogPluginManager: Mounting plugin LocationServicesBPLibrary
LogPluginManager: Mounting plugin MobilePatchingUtils
LogPluginManager: Mounting plugin OculusVR
LogPluginManager: Mounting plugin PhysXVehicles
LogPluginManager: Mounting plugin ProceduralMeshComponent
LogPluginManager: Mounting plugin RuntimePhysXCooking
LogPluginManager: Mounting plugin SteamVR
LogPluginManager: Mounting plugin WindowsMoviePlayer
LogInit: Using libcurl 7.47.1
LogInit:  - built for x86_64-pc-win32
LogInit:  - supports SSL with OpenSSL/1.0.2g
LogInit:  - supports HTTP deflate (compression) using libz 1.2.8
LogInit:  - other features:
LogInit:      CURL_VERSION_SSL
LogInit:      CURL_VERSION_LIBZ
LogInit:      CURL_VERSION_IPV6
LogInit:      CURL_VERSION_ASYNCHDNS
LogInit:      CURL_VERSION_LARGEFILE
LogInit:      CURL_VERSION_IDN
LogInit:  CurlRequestOptions (configurable via config and command line):
LogInit:  - bVerifyPeer = false  - Libcurl will NOT verify peer certificate
LogInit:  - bUseHttpProxy = false  - Libcurl will NOT use HTTP proxy
LogInit:  - bDontReuseConnections = false  - Libcurl will reuse connections
LogInit:  - CertBundlePath = nullptr  - Libcurl will use whatever was configured at build time.
LogInit: Build: ++UE4+Release-4.17-CL-3586342
LogInit: Engine Version: 4.17.1-3586342+++UE4+Release-4.17
LogInit: Compatible Engine Version: 4.17.0-3573198+++UE4+Release-4.17
LogInit: Net CL: 3573198
LogDevObjectVersion: Number of dev versions registered: 16
LogDevObjectVersion:   Dev-Blueprints (B0D832E4-1F89-4F0D-ACCF-7EB736FD4AA2): 10
LogDevObjectVersion:   Dev-Build (E1C64328-A22C-4D53-A36C-8E866417BD8C): 0
LogDevObjectVersion:   Dev-Core (375EC13C-06E4-48FB-B500-84F0262A717E): 2
LogDevObjectVersion:   Dev-Editor (E4B068ED-F494-42E9-A231-DA0B2E46BB41): 20
LogDevObjectVersion:   Dev-Framework (CFFC743F-43B0-4480-9391-14DF171D2073): 28
LogDevObjectVersion:   Dev-Mobile (B02B49B5-BB20-44E9-A304-32B752E40360): 0
LogDevObjectVersion:   Dev-Networking (A4E4105C-59A1-49B5-A7C5-40C4547EDFEE): 0
LogDevObjectVersion:   Dev-Online (39C831C9-5AE6-47DC-9A44-9C173E1C8E7C): 0
LogDevObjectVersion:   Dev-Physics (78F01B33-EBEA-4F98-B9B4-84EACCB95AA2): 0
LogDevObjectVersion:   Dev-Platform (6631380F-2D4D-43E0-8009-CF276956A95A): 0
LogDevObjectVersion:   Dev-Rendering (12F88B9F-8875-4AFC-A67C-D90C383ABD29): 19
LogDevObjectVersion:   Dev-Sequencer (7B5AE74C-D270-4C10-A958-57980B212A5A): 4
LogDevObjectVersion:   Dev-VR (D7296918-1DD6-4BDD-9DE2-64A83CC13884): 0
LogDevObjectVersion:   Dev-LoadTimes (C2A15278-BFE7-4AFE-6C17-90FF531DF755): 1
LogDevObjectVersion:   Private-Geometry (6EACA3D4-40EC-4CC1-B786-8BED09428FC5): 1
LogDevObjectVersion:   Dev-AnimPhys (29E575DD-E0A3-4627-9D10-D276232CDCEA): 7
LogInit: Compiled (64-bit): Aug 15 2017 02:05:26
LogInit: Compiled with Visual C++: 19.00.24215.01
LogInit: Build Configuration: Development
LogInit: Branch Name: ++UE4+Release-4.17
LogInit: Command line:  
LogInit: Base directory: C:/Program Files/Epic Games/UE_4.17/Engine/Binaries/Win64/
LogInit: Installed Engine Build: 1
LogInit: Presizing for max 8388607 objects, including 0 objects not considered by GC, pre-allocating 0 bytes for permanent pool.
LogInit: Object subsystem initialized
[2017.09.10-16.29.36:957][  0]LogInit: Selected Device Profile: [Windows]
[2017.09.10-16.29.36:957][  0]LogInit: Applying CVar settings loaded from the selected device profile: [Windows]
[2017.09.10-16.29.37:070][  0]LogInit: Computer: ADMIN-PC
[2017.09.10-16.29.37:070][  0]LogInit: User: Admin
[2017.09.10-16.29.37:070][  0]LogInit: CPU Page size=4096, Cores=2
[2017.09.10-16.29.37:070][  0]LogInit: High frequency timer resolution =3.020537 MHz
[2017.09.10-16.29.37:071][  0]LogMemory: Memory total: Physical=8.0GB (8GB approx)
[2017.09.10-16.29.37:071][  0]LogMemory: Platform Memory Stats for Windows
[2017.09.10-16.29.37:071][  0]LogMemory: Process Physical Memory: 277.83 MB used, 277.83 MB peak
[2017.09.10-16.29.37:071][  0]LogMemory: Process Virtual Memory: 278.01 MB used, 278.01 MB peak
[2017.09.10-16.29.37:071][  0]LogMemory: Physical Memory: 4729.36 MB used,  3445.95 MB free, 8175.30 MB total
[2017.09.10-16.29.37:071][  0]LogMemory: Virtual Memory: 650.45 MB used,  3445.95 MB free, 8388608.00 MB total
[2017.09.10-16.29.37:946][  0]LogInit: Using OS detected language (it-IT).
[2017.09.10-16.29.37:946][  0]LogInit: Using OS detected locale (it-IT).
[2017.09.10-16.29.38:158][  0]LogTextLocalizationManager: No localization for 'it-IT' exists, so 'en' will be used for the language.
[2017.09.10-16.29.38:159][  0]LogTextLocalizationManager: No localization for 'it-IT' exists, so 'en' will be used for the locale.
[2017.09.10-16.29.45:646][  0]LogD3D11RHI: D3D11 adapters:
[2017.09.10-16.29.46:919][  0]LogD3D11RHI:    0. 'NVIDIA GeForce GTX 960' (Feature Level 11_0)
[2017.09.10-16.29.46:919][  0]LogD3D11RHI:       1969/0/3831 MB DedicatedVideo/DedicatedSystem/SharedSystem, Outputs:1, VendorId:0x10de
[2017.09.10-16.29.46:919][  0]LogD3D11RHI: Chosen D3D11 Adapter: 0
[2017.09.10-16.29.46:947][  0]LogD3D11RHI: Creating new Direct3DDevice
[2017.09.10-16.29.46:947][  0]LogD3D11RHI:     GPU DeviceId: 0x1401 (for the marketing name, search the web for "GPU Device Id")
[2017.09.10-16.29.46:947][  0]LogWindows: EnumDisplayDevices:
[2017.09.10-16.29.46:947][  0]LogWindows:    0. 'NVIDIA GeForce GTX 960' (P:1 D:1)
[2017.09.10-16.29.46:948][  0]LogWindows:    1. 'NVIDIA GeForce GTX 960' (P:0 D:0)
[2017.09.10-16.29.46:948][  0]LogWindows:    2. 'NVIDIA GeForce GTX 960' (P:0 D:0)
[2017.09.10-16.29.46:949][  0]LogWindows:    3. 'NVIDIA GeForce GTX 960' (P:0 D:0)
[2017.09.10-16.29.46:949][  0]LogWindows:    4. 'RDPDD Chained DD' (P:0 D:0)
[2017.09.10-16.29.46:949][  0]LogWindows:    5. 'RDP Encoder Mirror Driver' (P:0 D:0)
[2017.09.10-16.29.46:949][  0]LogWindows:    6. 'RDP Reflector Display Driver' (P:0 D:0)
[2017.09.10-16.29.46:949][  0]LogWindows: DebugString: GetVideoDriverDetailsInvalid PrimaryIsNotTheChoosenAdapter GetVideoDriverDetailsInvalid PrimaryIsNotTheChoosenAdapter GetVideoDriverDetailsInvalid PrimaryIsNotTheChoosenAdapter FoundDriverCount:4 
[2017.09.10-16.29.46:949][  0]LogD3D11RHI:     Adapter Name: NVIDIA GeForce GTX 960
[2017.09.10-16.29.46:949][  0]LogD3D11RHI:   Driver Version: 384.76 (internal:22.21.13.8476, unified:384.76)
[2017.09.10-16.29.46:949][  0]LogD3D11RHI:      Driver Date: 6-27-2017
[2017.09.10-16.29.46:949][  0]LogRHI: Texture pool is 1361 MB (70% of 1945 MB)
[2017.09.10-16.29.47:824][  0]LogD3D11RHI: Async texture creation enabled
[2017.09.10-16.29.48:209][  0]LogD3D11RHI: GPU Timing Frequency: 1000.000000 (Debug: 2 2)
[2017.09.10-16.29.48:296][  0]LogShaderCompilers: Guid format shader working directory is -40 characters bigger than the processId version (../../../../../../Users/Admin/Documents/Repositories/ScripterWorkshop/ScripterWorkshop/Intermediate/Shaders/WorkingDirectory/8812/).
[2017.09.10-16.29.48:296][  0]LogShaderCompilers: Cleaned the shader compiler working directory 'C:/Users/Admin/AppData/Local/Temp/UnrealShaderWorkingDir/292825254EEADE0AE647919221D69CBF/'.
[2017.09.10-16.29.48:296][  0]LogShaderCompilers: Display: Using Local Shader Compiler.
[2017.09.10-16.29.54:340][  0]LogTemp: Display: Loaded TP AllDesktopTargetPlatform
[2017.09.10-16.29.54:432][  0]LogTemp: Display: Loaded TP MacClientTargetPlatform
[2017.09.10-16.29.54:523][  0]LogTemp: Display: Loaded TP MacNoEditorTargetPlatform
[2017.09.10-16.29.54:615][  0]LogTemp: Display: Loaded TP MacServerTargetPlatform
[2017.09.10-16.29.54:717][  0]LogTemp: Display: Loaded TP MacTargetPlatform
[2017.09.10-16.29.54:812][  0]LogTemp: Display: Loaded TP WindowsClientTargetPlatform
[2017.09.10-16.29.54:905][  0]LogTemp: Display: Loaded TP WindowsNoEditorTargetPlatform
[2017.09.10-16.29.54:998][  0]LogTemp: Display: Loaded TP WindowsServerTargetPlatform
[2017.09.10-16.29.55:091][  0]LogTemp: Display: Loaded TP WindowsTargetPlatform
[2017.09.10-16.29.55:197][  0]LogTemp: Display: Loaded TP AndroidTargetPlatform
[2017.09.10-16.29.55:290][  0]LogTemp: Display: Loaded TP Android_ASTCTargetPlatform
[2017.09.10-16.29.55:378][  0]LogTemp: Display: Loaded TP Android_ATCTargetPlatform
[2017.09.10-16.29.55:469][  0]LogTemp: Display: Loaded TP Android_DXTTargetPlatform
[2017.09.10-16.29.55:562][  0]LogTemp: Display: Loaded TP Android_ETC1TargetPlatform
[2017.09.10-16.29.55:654][  0]LogTemp: Display: Loaded TP Android_ETC2TargetPlatform
[2017.09.10-16.29.55:839][  0]LogTemp: Display: Loaded TP Android_MultiTargetPlatform
[2017.09.10-16.29.55:839][  0]LogTemp: Display: Loaded TP Android_PVRTCTargetPlatform
[2017.09.10-16.29.55:924][  0]LogTemp: Display: Loaded TP HTML5TargetPlatform
[2017.09.10-16.29.56:124][  0]LogTemp: Display: Loaded TP IOSTargetPlatform
[2017.09.10-16.29.56:171][  0]LogTemp: Display: Loaded TP TVOSTargetPlatform
[2017.09.10-16.29.56:261][  0]LogTemp: Display: Loaded TP LinuxClientTargetPlatform
[2017.09.10-16.29.56:349][  0]LogTemp: Display: Loaded TP LinuxNoEditorTargetPlatform
[2017.09.10-16.29.56:453][  0]LogTemp: Display: Loaded TP LinuxServerTargetPlatform
[2017.09.10-16.29.56:596][  0]LogTemp: Display: Loaded TP LinuxTargetPlatform
[2017.09.10-16.29.56:596][  0]LogTargetPlatformManager: Display: Building Assets For Windows
[2017.09.10-16.29.57:984][  0]LogDerivedDataCache: Display: Max Cache Size: 512 MB
[2017.09.10-16.29.58:935][  0]LogDerivedDataCache: Loaded boot cache 0.95s 93MB C:/Users/Admin/AppData/Local/UnrealEngine/4.17/DerivedDataCache/Boot.ddc.
[2017.09.10-16.29.58:935][  0]LogDerivedDataCache: Display: Loaded Boot cache: C:/Users/Admin/AppData/Local/UnrealEngine/4.17/DerivedDataCache/Boot.ddc
[2017.09.10-16.29.58:935][  0]LogDerivedDataCache: FDerivedDataBackendGraph:  Pak pak cache file ../../../../../../Users/Admin/Documents/Repositories/ScripterWorkshop/ScripterWorkshop/DerivedDataCache/DDC.ddp not found, will not use a pak cache.
[2017.09.10-16.29.58:935][  0]LogDerivedDataCache: Unable to find inner node Pak for hierarchical cache Hierarchy.
[2017.09.10-16.29.58:935][  0]LogDerivedDataCache: FDerivedDataBackendGraph:  CompressedPak pak cache file ../../../../../../Users/Admin/Documents/Repositories/ScripterWorkshop/ScripterWorkshop/DerivedDataCache/Compressed.ddp not found, will not use a pak cache.
[2017.09.10-16.29.58:935][  0]LogDerivedDataCache: Unable to find inner node CompressedPak for hierarchical cache Hierarchy.
[2017.09.10-16.29.59:024][  0]LogDerivedDataCache: Display: Pak cache opened for reading ../../../Engine/DerivedDataCache/Compressed.ddp.
[2017.09.10-16.29.59:056][  0]LogDerivedDataCache: Using Local data cache path C:/Users/Admin/AppData/Local/UnrealEngine/Common/DerivedDataCache: Writable
[2017.09.10-16.29.59:075][  0]LogMaterial: Verifying Global Shaders for PCD3D_SM5
[2017.09.10-16.29.59:138][  0]LogSlate: Using Freetype 2.6.0
[2017.09.10-16.29.59:172][  0]LogSlate: SlateFontCache - WITH_FREETYPE: 1, WITH_HARFBUZZ: 1
[2017.09.10-16.29.59:172][  0]LogSlate: SlateFontCache - WITH_FREETYPE: 1, WITH_HARFBUZZ: 1
[2017.09.10-16.30.06:163][  0]LogAssetRegistry: FAssetRegistry took 0.0278 seconds to start up
[2017.09.10-16.30.08:633][  0]LogInit: Selected Device Profile: [Windows]
[2017.09.10-16.30.08:695][  0]LogContentStreaming: Texture pool size is 0.00 MB
[2017.09.10-16.30.11:361][  0]LogSimplygon: Simplygon DLL not present - disabling.
[2017.09.10-16.30.11:497][  0]LogMeshReduction: Using SimplygonSwarm for distributed automatic mesh merging
[2017.09.10-16.30.11:498][  0]LogMeshReduction: Using QuadricMeshReduction for automatic static mesh reduction
[2017.09.10-16.30.11:498][  0]LogMeshReduction: No automatic skeletal mesh reduction module available
[2017.09.10-16.30.11:498][  0]LogMeshReduction: No automatic mesh merging module available
[2017.09.10-16.30.11:498][  0]LogMeshMerging: No automatic mesh merging module available
[2017.09.10-16.30.15:677][  0]LogNetVersion: ScripterWorkshop , NetCL: 3573198, EngineNetVer: 2, GameNetVer: 0 (Checksum: 3244171880)
[2017.09.10-16.30.16:906][  0]LogPackageLocalizationCache: Processed 5 localized package path(s) for 1 prioritized culture(s) in 0.062374 seconds
[2017.09.10-16.30.16:914][  0]LogUObjectArray: 35825 objects as part of root set at end of initial load.
[2017.09.10-16.30.16:914][  0]LogUObjectAllocator: 7529112 out of 0 bytes used by permanent object pool.
[2017.09.10-16.30.16:914][  0]LogUObjectArray: CloseDisregardForGC: 0/0 objects in disregard for GC pool
[2017.09.10-16.30.17:057][  0]LogInit: WinSock: version 1.1 (2.2), MaxSocks=32767, MaxUdp=65467
[2017.09.10-16.30.56:338][  0]LogTcpMessaging: Initializing TcpMessaging bridge
[2017.09.10-16.30.56:417][  0]LogUdpMessaging: Initializing bridge on interface 0.0.0.0:0 to multicast group 230.0.0.1:6666.
[2017.09.10-16.31.01:698][  0]LogMaterial: Uniform references updated for custom material expression Custom.
[2017.09.10-16.31.03:028][  0]SourceControl: Source control is disabled
[2017.09.10-16.31.03:044][  0]SourceControl: Source control is disabled
[2017.09.10-16.31.03:276][  0]SourceControl: Source control is disabled
[2017.09.10-16.31.03:430][  0]SourceControl: Source control is disabled
[2017.09.10-16.31.05:486][  0]LogAndroidPermission: UAndroidPermissionCallbackProxy::GetInstance
[2017.09.10-16.31.06:056][  0]LogOcInput: OculusInput pre-init called
[2017.09.10-16.31.07:113][  0]LogEngine: Initializing Engine...
[2017.09.10-16.31.07:153][  0]LogHMD: Failed to initialize OpenVR with code 110
[2017.09.10-16.31.08:165][  0]LogStats: UGameplayTagsManager::ConstructGameplayTagTree: Construct from data asset -  0.000 s
[2017.09.10-16.31.08:165][  0]LogStats: UGameplayTagsManager::ConstructGameplayTagTree: GameplayTagTreeChangedEvent.Broadcast -  0.000 s
[2017.09.10-16.31.08:952][  0]LogAIModule: Creating AISystem for world Untitled
[2017.09.10-16.31.09:100][  0]LogInit: XAudio2 using 'Altoparlanti (Realtek High Definition Audio)' : 2 channels at 48 kHz using 32 bits per sample (channel mask 0x3)
[2017.09.10-16.31.09:120][  0]LogInit: FAudioDevice initialized.
[2017.09.10-16.31.09:295][  0]LogDerivedDataCache: Saved boot cache 0.17s 93MB C:/Users/Admin/AppData/Local/UnrealEngine/4.17/DerivedDataCache/Boot.ddc.
[2017.09.10-16.31.09:310][  0]LogInit: Texture streaming: Enabled
[2017.09.10-16.31.09:646][  0]LogEngineSessionManager: EngineSessionManager initialized
[2017.09.10-16.31.10:892][  0]LogInit: Transaction tracking system initialized
[2017.09.10-16.31.11:914][  0]BlueprintLog: New page: Editor Load
[2017.09.10-16.31.14:962][  0]LocalizationService: Localization service is disabled
[2017.09.10-16.31.17:618][  0]LogConsoleResponse: Display: 
[2017.09.10-16.31.21:677][  0]LogFileCache: Scanning file cache for directory 'C:/Users/Admin/Documents/Repositories/ScripterWorkshop/ScripterWorkshop/Content/' took 0.05s
[2017.09.10-16.31.21:678][  0]LogCook: Display: Max memory allowance for cook 16384mb min free memory 0mb
[2017.09.10-16.31.21:716][  0]LogCook: Display: Mobile HDR setting 1
[2017.09.10-16.31.21:882][  0]LogGameplayTags: Display: UGameplayTagsManager::DoneAddingNativeTags. DelegateIsBound: 0
[2017.09.10-16.31.27:809][  0]SourceControl: Source control is disabled
[2017.09.10-16.31.27:917][  0]Cmd: MAP LOAD FILE="../../../../../../Users/Admin/Documents/Repositories/ScripterWorkshop/ScripterWorkshop/Content/ScripterWorkshop.umap" TEMPLATE=0 SHOWPROGRESS=1 FEATURELEVEL=3
[2017.09.10-16.31.27:976][  0]LightingResults: New page: Lighting Build
[2017.09.10-16.31.28:473][  0]MapCheck: New page: Map Check
[2017.09.10-16.31.28:473][  0]LightingResults: New page: Lighting Build
[2017.09.10-16.31.31:956][  0]LogAIModule: Creating AISystem for world ScripterWorkshop
[2017.09.10-16.31.32:707][  0]LogEditorServer: Finished looking for orphan Actors (0.000 secs)
[2017.09.10-16.31.32:846][  0]Cmd: MAP CHECKDEP NOCLEARLOG
[2017.09.10-16.31.33:013][  0]MapCheck: Map check complete: 0 Error(s), 0 Warning(s), took 167.313ms to complete.
[2017.09.10-16.31.33:014][  0]LogFileHelpers: Loading map 'ScripterWorkshop' took 5.169
[2017.09.10-16.31.36:165][  0]LogCollectionManager: Loaded 0 collections in 0.004725 seconds
[2017.09.10-16.31.36:460][  0]LogFileCache: Scanning file cache for directory 'C:/Users/Admin/Documents/Repositories/ScripterWorkshop/ScripterWorkshop/Saved/Collections/' took 0.01s
[2017.09.10-16.31.36:461][  0]LogFileCache: Scanning file cache for directory 'C:/Users/Admin/Documents/Repositories/ScripterWorkshop/ScripterWorkshop/Content/Developers/Admin/Collections/' took 0.01s
[2017.09.10-16.31.36:461][  0]LogFileCache: Scanning file cache for directory 'C:/Users/Admin/Documents/Repositories/ScripterWorkshop/ScripterWorkshop/Content/Collections/' took 0.01s
[2017.09.10-16.31.36:461][  0]LogCollectionManager: Rebuilt the GUID cache for 0 collections in 0.000001 seconds
[2017.09.10-16.31.36:514][  0]LogContentBrowser: Native class hierarchy populated in 0.0502 seconds. Added 2392 classes and 504 folders.
[2017.09.10-16.31.36:745][  0]LogContentBrowser: Native class hierarchy updated for 'WidgetCarousel' in 0.0032 seconds. Added 0 classes and 0 folders.
[2017.09.10-16.31.38:591][  0]LogContentBrowser: Native class hierarchy updated for 'AddContentDialog' in 0.0034 seconds. Added 0 classes and 0 folders.
[2017.09.10-16.31.38:671][  0]LogSlate: Took 0.004808 seconds to synchronously load lazily loaded font '../../../Engine/Content/Slate/Fonts/Roboto-Regular.ttf' (155K)
[2017.09.10-16.31.38:694][  0]LogSlate: Took 0.012324 seconds to synchronously load lazily loaded font '../../../Engine/Content/Slate/Fonts/Roboto-Bold.ttf' (160K)
[2017.09.10-16.31.38:730][  0]LogSlate: Took 0.011907 seconds to synchronously load lazily loaded font '../../../Engine/Content/Editor/Slate/Fonts/FontAwesome.ttf' (139K)
[2017.09.10-16.31.38:746][  0]LogSlate: Took 0.013536 seconds to synchronously load lazily loaded font '../../../Engine/Content/Editor/Slate/Fonts/DroidSansMono.ttf' (77K)
[2017.09.10-16.31.39:390][  0]LogRenderer: Reallocating scene render targets to support 832x588 Format 10 NumSamples 1 (Frame:1).
[2017.09.10-16.31.40:347][  0]LogContentBrowser: Native class hierarchy updated for 'HierarchicalLODOutliner' in 0.0028 seconds. Added 1 classes and 2 folders.
[2017.09.10-16.31.40:348][  0]LogLoad: (Engine Initialization) Total time: 143.33 seconds
[2017.09.10-16.31.40:348][  0]LogLoad: (Engine Initialization) Total Blueprint compile time: 0.00 seconds
[2017.09.10-16.31.40:366][  0]LogExternalProfiler: Found external profiler: VSPerf
[2017.09.10-16.31.40:366][  0]LogExternalProfiler: Using external profiler: VSPerf
[2017.09.10-16.31.40:757][  0]LogContentStreaming: Texture pool size now 1000 MB
[2017.09.10-16.31.41:743][  3]LogSlate: Took 0.013809 seconds to synchronously load lazily loaded font '../../../Engine/Content/Slate/Fonts/Roboto-Light.ttf' (159K)
[2017.09.10-16.31.42:379][  5]LogAssetRegistry: Asset discovery search completed in 96.2358 seconds
[2017.09.10-16.31.42:382][  5]LogCollectionManager: Rebuilt the object cache for 0 collections in 0.000001 seconds (found 0 objects)
[2017.09.10-16.31.42:382][  5]LogCollectionManager: Fixed up redirectors for 0 collections in 0.000293 seconds (updated 0 objects)
[2017.09.10-16.37.30:923][677]LogSlate: Took 0.000284 seconds to synchronously load lazily loaded font '../../../Engine/Content/Slate/Fonts/Roboto-Light.ttf' (159K)
[2017.09.10-16.37.38:184][529]LogSlate: Took 0.000209 seconds to synchronously load lazily loaded font '../../../Engine/Content/Slate/Fonts/Roboto-Light.ttf' (159K)
[2017.09.10-16.38.36:929][786]LogVSAccessor: Warning: Couldn't goto line number '0' in 'C:/Users/Admin/Documents/Repositories/ScripterWorkshop/ScripterWorkshop/Source/ScripterWorkshop/MaterialSwitcher.h'
[2017.09.10-16.38.41:225][786]LogVSAccessor: Warning: Couldn't goto line number '0' in 'C:/Users/Admin/Documents/Repositories/ScripterWorkshop/ScripterWorkshop/Source/ScripterWorkshop/MaterialSwitcher.cpp'
[2017.09.10-16.45.19:368][153]LogTemp: Repeating last play command: Selected Viewport
[2017.09.10-16.45.19:621][153]LogPlayLevel: PlayLevel: No blueprints needed recompiling
[2017.09.10-16.45.19:840][153]PIE: New page: PIE session: ScripterWorkshop (Sep 10, 2017, 8:45:19 PM)
[2017.09.10-16.45.19:856][153]LogPlayLevel: Creating play world package: /Game/UEDPIE_0_ScripterWorkshop
[2017.09.10-16.45.19:893][153]LogPlayLevel: PIE: StaticDuplicateObject took: (0.037027s)
[2017.09.10-16.45.19:895][153]LogAIModule: Creating AISystem for world ScripterWorkshop
[2017.09.10-16.45.19:898][153]LogPlayLevel: PIE: World Init took: (0.004236s)
[2017.09.10-16.45.19:906][153]LogPlayLevel: PIE: Created PIE world by copying editor world from /Game/ScripterWorkshop.ScripterWorkshop to /Game/UEDPIE_0_ScripterWorkshop.ScripterWorkshop (0.050713s)
[2017.09.10-16.45.19:981][153]LogInit: XAudio2 using 'Altoparlanti (Realtek High Definition Audio)' : 2 channels at 48 kHz using 32 bits per sample (channel mask 0x3)
[2017.09.10-16.45.20:001][153]LogInit: FAudioDevice initialized.
[2017.09.10-16.45.20:200][153]LogLoad: Game class is 'BasicFirstPerson_C'
[2017.09.10-16.45.20:473][153]LogWorld: Bringing World /Game/UEDPIE_0_ScripterWorkshop.ScripterWorkshop up for play (max tick rate 0) at 2017.09.10-18.45.20
[2017.09.10-16.45.20:521][153]LogWorld: Bringing up level for play took: 0.106550
[2017.09.10-16.45.20:809][153]LogContentBrowser: Native class hierarchy updated for 'MovieSceneCapture' in 0.0026 seconds. Added 11 classes and 0 folders.
[2017.09.10-16.45.20:989][153]PIE: Play in editor start time for /Game/UEDPIE_0_ScripterWorkshop 2.05
[2017.09.10-16.45.22:765][297]LogTemp: Warning: Detected collision with SM_Chair_2
[2017.09.10-16.45.37:532][856]Candidate modules for hot reload:
[2017.09.10-16.45.37:532][856]  ScripterWorkshop
[2017.09.10-16.45.37:532][856]Launching UnrealBuildTool... [C:/Program Files/Epic Games/UE_4.17/Engine/Binaries/DotNET/UnrealBuildTool.exe ScripterWorkshop -ModuleWithSuffix ScripterWorkshop 5572 Win64 Development -editorrecompile -canskiplink "C:/Users/Admin/Documents/Repositories/ScripterWorkshop/ScripterWorkshop/ScripterWorkshop.uproject" ]
[2017.09.10-16.45.37:535][856]Warning: Starting HotReload took  0.3s.
[2017.09.10-16.48.31:749][471]CompilerResultsLog: New page: Compilation - Sep 10, 2017, 8:48:31 PM
[2017.09.10-16.48.31:749][471]CompilerResultsLog: Compiling game modules for hot reload
[2017.09.10-16.48.31:749][471]CompilerResultsLog: Parsing headers for ScripterWorkshopEditor
[2017.09.10-16.48.31:749][471]CompilerResultsLog:   Running UnrealHeaderTool "C:\Users\Admin\Documents\Repositories\ScripterWorkshop\ScripterWorkshop\ScripterWorkshop.uproject" "C:\Users\Admin\Documents\Repositories\ScripterWorkshop\ScripterWorkshop\Intermediate\Build\Win64\ScripterWorkshopEditor\Development\ScripterWorkshopEditor.uhtmanifest" -LogCmds="loginit warning, logexit warning, logdatabase error" -Unattended -WarningsAsErrors -installed
[2017.09.10-16.48.31:750][471]CompilerResultsLog: Reflection code generated for ScripterWorkshopEditor in 18,8213215 seconds
[2017.09.10-16.48.31:750][471]CompilerResultsLog: Performing 3 actions (2 in parallel)
[2017.09.10-16.48.31:750][471]CompilerResultsLog: MaterialSwitcher.cpp
[2017.09.10-16.48.31:750][471]CompilerResultsLog: [2/3] Link UE4Editor-ScripterWorkshop-5572.dll
[2017.09.10-16.48.31:751][471]CompilerResultsLog: [3/3] Link UE4Editor-ScripterWorkshop-5572.lib
[2017.09.10-16.48.31:751][471]CompilerResultsLog:    Creazione della libreria C:\Users\Admin\Documents\Repositories\ScripterWorkshop\ScripterWorkshop\Intermediate\Build\Win64\UE4Editor\Development\UE4Editor-ScripterWorkshop-5572.lib e dell'oggetto C:\Users\Admin\Documents\Repositories\ScripterWorkshop\ScripterWorkshop\Intermediate\Build\Win64\UE4Editor\Development\UE4Editor-ScripterWorkshop-5572.exp
[2017.09.10-16.48.31:751][471]CompilerResultsLog:    Creazione della libreria C:\Users\Admin\Documents\Repositories\ScripterWorkshop\ScripterWorkshop\Intermediate\Build\Win64\UE4Editor\Development\UE4Editor-ScripterWorkshop-5572.suppressed.lib e dell'oggetto C:\Users\Admin\Documents\Repositories\ScripterWorkshop\ScripterWorkshop\Intermediate\Build\Win64\UE4Editor\Development\UE4Editor-ScripterWorkshop-5572.suppressed.exp
[2017.09.10-16.48.31:752][471]CompilerResultsLog: Total build time: 173,04 seconds (Local executor: 85,51 seconds)
[2017.09.10-16.48.31:752][471]LogMainFrame: MainFrame: Module compiling took 174.422 seconds
[2017.09.10-16.48.31:916][471]LogContentBrowser: Native class hierarchy updated for 'ScripterWorkshop' in 0.0030 seconds. Added 5 classes and 2 folders.
[2017.09.10-16.48.31:918][471]Display: HotReload successful (1 functions remapped  0 scriptstructs remapped)
[2017.09.10-16.48.32:235][471]LogContentBrowser: Native class hierarchy populated in 0.0213 seconds. Added 2393 classes and 506 folders.
[2017.09.10-16.48.32:311][471]Display: HotReload took 175.1s.
[2017.09.10-16.48.37:091][544]LogTemp: Repeating last play command: Selected Viewport
[2017.09.10-16.48.37:109][544]LogPlayLevel: PlayLevel: No blueprints needed recompiling
[2017.09.10-16.48.37:109][544]PIE: New page: PIE session: ScripterWorkshop (Sep 10, 2017, 8:48:37 PM)
[2017.09.10-16.48.37:110][544]LogPlayLevel: Creating play world package: /Game/UEDPIE_0_ScripterWorkshop
[2017.09.10-16.48.37:114][544]LogPlayLevel: PIE: StaticDuplicateObject took: (0.003714s)
[2017.09.10-16.48.37:115][544]LogAIModule: Creating AISystem for world ScripterWorkshop
[2017.09.10-16.48.37:116][544]LogPlayLevel: PIE: World Init took: (0.001728s)
[2017.09.10-16.48.37:116][544]LogPlayLevel: PIE: Created PIE world by copying editor world from /Game/ScripterWorkshop.ScripterWorkshop to /Game/UEDPIE_0_ScripterWorkshop.ScripterWorkshop (0.006422s)
[2017.09.10-16.48.37:142][544]LogInit: XAudio2 using 'Altoparlanti (Realtek High Definition Audio)' : 2 channels at 48 kHz using 32 bits per sample (channel mask 0x3)
[2017.09.10-16.48.37:158][544]LogInit: FAudioDevice initialized.
[2017.09.10-16.48.37:196][544]LogLoad: Game class is 'BasicFirstPerson_C'
[2017.09.10-16.48.37:198][544]LogWorld: Bringing World /Game/UEDPIE_0_ScripterWorkshop.ScripterWorkshop up for play (max tick rate 0) at 2017.09.10-18.48.37
[2017.09.10-16.48.37:199][544]LogWorld: Bringing up level for play took: 0.002159
[2017.09.10-16.48.37:203][544]PIE: Play in editor start time for /Game/UEDPIE_0_ScripterWorkshop 0.261
[2017.09.10-16.48.40:830][876]LogTemp: Warning: Detected collision with SM_MatPreviewMesh_02_2
[2017.09.10-16.48.48:908][647]LogTemp: Warning: Detected collision with SM_MatPreviewMesh_02_2
[2017.09.10-16.48.49:136][668]LogTemp: Warning: Detected collision with SM_MatPreviewMesh_02_2
[2017.09.10-16.48.49:417][694]LogTemp: Warning: Detected collision with SM_MatPreviewMesh_02_2
[2017.09.10-16.49.37:366][172]Candidate modules for hot reload:
[2017.09.10-16.49.37:366][172]  ScripterWorkshop
[2017.09.10-16.49.37:367][172]Launching UnrealBuildTool... [C:/Program Files/Epic Games/UE_4.17/Engine/Binaries/DotNET/UnrealBuildTool.exe ScripterWorkshop -ModuleWithSuffix ScripterWorkshop 6141 Win64 Development -editorrecompile -canskiplink "C:/Users/Admin/Documents/Repositories/ScripterWorkshop/ScripterWorkshop/ScripterWorkshop.uproject" ]
[2017.09.10-16.49.37:372][172]Warning: Starting HotReload took  0.0s.
[2017.09.10-16.50.29:899][912]CompilerResultsLog: New page: Compilation - Sep 10, 2017, 8:50:29 PM
[2017.09.10-16.50.29:900][912]CompilerResultsLog: Compiling game modules for hot reload
[2017.09.10-16.50.29:900][912]CompilerResultsLog: Parsing headers for ScripterWorkshopEditor
[2017.09.10-16.50.29:900][912]CompilerResultsLog:   Running UnrealHeaderTool "C:\Users\Admin\Documents\Repositories\ScripterWorkshop\ScripterWorkshop\ScripterWorkshop.uproject" "C:\Users\Admin\Documents\Repositories\ScripterWorkshop\ScripterWorkshop\Intermediate\Build\Win64\ScripterWorkshopEditor\Development\ScripterWorkshopEditor.uhtmanifest" -LogCmds="loginit warning, logexit warning, logdatabase error" -Unattended -WarningsAsErrors -installed
[2017.09.10-16.50.29:901][912]CompilerResultsLog: Reflection code generated for ScripterWorkshopEditor in 25,3480212 seconds
[2017.09.10-16.50.29:901][912]CompilerResultsLog: Performing 3 actions (2 in parallel)
[2017.09.10-16.50.29:901][912]CompilerResultsLog: MaterialSwitcher.cpp
[2017.09.10-16.50.29:902][912]CompilerResultsLog: [2/3] Link UE4Editor-ScripterWorkshop-6141.dll
[2017.09.10-16.50.29:902][912]CompilerResultsLog: [3/3] Link UE4Editor-ScripterWorkshop-6141.lib
[2017.09.10-16.50.29:902][912]CompilerResultsLog:    Creazione della libreria C:\Users\Admin\Documents\Repositories\ScripterWorkshop\ScripterWorkshop\Intermediate\Build\Win64\UE4Editor\Development\UE4Editor-ScripterWorkshop-6141.suppressed.lib e dell'oggetto C:\Users\Admin\Documents\Repositories\ScripterWorkshop\ScripterWorkshop\Intermediate\Build\Win64\UE4Editor\Development\UE4Editor-ScripterWorkshop-6141.suppressed.exp
[2017.09.10-16.50.29:903][912]CompilerResultsLog:    Creazione della libreria C:\Users\Admin\Documents\Repositories\ScripterWorkshop\ScripterWorkshop\Intermediate\Build\Win64\UE4Editor\Development\UE4Editor-ScripterWorkshop-6141.lib e dell'oggetto C:\Users\Admin\Documents\Repositories\ScripterWorkshop\ScripterWorkshop\Intermediate\Build\Win64\UE4Editor\Development\UE4Editor-ScripterWorkshop-6141.exp
[2017.09.10-16.50.29:904][912]CompilerResultsLog: Total build time: 51,28 seconds (Local executor: 6,42 seconds)
[2017.09.10-16.50.29:904][912]LogMainFrame: MainFrame: Module compiling took 52.543 seconds
[2017.09.10-16.50.30:057][912]LogContentBrowser: Native class hierarchy updated for 'ScripterWorkshop' in 0.0043 seconds. Added 5 classes and 2 folders.
[2017.09.10-16.50.30:061][912]Display: HotReload successful (1 functions remapped  0 scriptstructs remapped)
[2017.09.10-16.50.30:140][912]LogContentBrowser: Native class hierarchy populated in 0.0184 seconds. Added 2393 classes and 506 folders.
[2017.09.10-16.50.30:146][912]Display: HotReload took 52.8s.
[2017.09.10-16.50.31:546][ 38]LogTemp: Repeating last play command: Selected Viewport
[2017.09.10-16.50.31:568][ 38]LogPlayLevel: PlayLevel: No blueprints needed recompiling
[2017.09.10-16.50.31:568][ 38]PIE: New page: PIE session: ScripterWorkshop (Sep 10, 2017, 8:50:31 PM)
[2017.09.10-16.50.31:568][ 38]LogPlayLevel: Creating play world package: /Game/UEDPIE_0_ScripterWorkshop
[2017.09.10-16.50.31:572][ 38]LogPlayLevel: PIE: StaticDuplicateObject took: (0.003034s)
[2017.09.10-16.50.31:573][ 38]LogAIModule: Creating AISystem for world ScripterWorkshop
[2017.09.10-16.50.31:573][ 38]LogPlayLevel: PIE: World Init took: (0.001309s)
[2017.09.10-16.50.31:573][ 38]LogPlayLevel: PIE: Created PIE world by copying editor world from /Game/ScripterWorkshop.ScripterWorkshop to /Game/UEDPIE_0_ScripterWorkshop.ScripterWorkshop (0.005165s)
[2017.09.10-16.50.31:595][ 38]LogInit: XAudio2 using 'Altoparlanti (Realtek High Definition Audio)' : 2 channels at 48 kHz using 32 bits per sample (channel mask 0x3)
[2017.09.10-16.50.31:609][ 38]LogInit: FAudioDevice initialized.
[2017.09.10-16.50.31:641][ 38]LogLoad: Game class is 'BasicFirstPerson_C'
[2017.09.10-16.50.31:643][ 38]LogWorld: Bringing World /Game/UEDPIE_0_ScripterWorkshop.ScripterWorkshop up for play (max tick rate 0) at 2017.09.10-18.50.31
[2017.09.10-16.50.31:643][ 38]LogWorld: Bringing up level for play took: 0.001764
[2017.09.10-16.50.31:646][ 38]PIE: Play in editor start time for /Game/UEDPIE_0_ScripterWorkshop 0.702
[2017.09.10-16.50.32:824][153]LogTemp: Warning: Detected collision with SM_MatPreviewMesh_02_2
[2017.09.10-16.50.35:795][427]LogTemp: Warning: Detected collision with SM_Chair_2
[2017.09.10-16.50.39:316][769]LogTemp: Warning: Detected collision with SM_MatPreviewMesh_02_2
[2017.09.10-16.50.40:269][858]LogTemp: Warning: Detected collision with SM_Chair_2
[2017.09.10-16.50.40:953][920]LogTemp: Warning: Detected collision with SM_Chair_2
[2017.09.10-16.50.43:509][168]LogTemp: Warning: Detected collision with SM_MatPreviewMesh_02_2
[2017.09.10-16.50.44:346][246]LogTemp: Warning: Detected collision with SM_MatPreviewMesh_02_2
[2017.09.10-16.50.45:102][314]LogTemp: Warning: Detected collision with SM_MatPreviewMesh_02_2
[2017.09.10-16.50.45:443][346]LogTemp: Warning: Detected collision with SM_MatPreviewMesh_02_2
[2017.09.10-16.50.46:033][409]LogTemp: Warning: Detected collision with SM_MatPreviewMesh_02_2
[2017.09.10-16.50.46:246][433]LogTemp: Warning: Detected collision with SM_MatPreviewMesh_02_2
[2017.09.10-16.50.46:525][464]LogTemp: Warning: Detected collision with SM_MatPreviewMesh_02_2
[2017.09.10-16.50.47:851][579]LogTemp: Warning: Detected collision with SM_MatPreviewMesh_02_2
[2017.09.10-16.50.48:197][613]LogTemp: Warning: Detected collision with SM_MatPreviewMesh_02_2
[2017.09.10-16.50.48:840][676]LogTemp: Warning: Detected collision with SM_MatPreviewMesh_02_2
[2017.09.10-16.50.49:811][769]LogTemp: Warning: Detected collision with SM_Chair_2
[2017.09.10-16.50.50:005][786]LogTemp: Warning: Detected collision with SM_Chair_2
[2017.09.10-16.50.50:182][805]LogTemp: Warning: Detected collision with SM_Chair_2
[2017.09.10-16.50.50:729][865]LogTemp: Warning: Detected collision with SM_Chair_2
[2017.09.10-16.50.50:953][889]LogTemp: Warning: Detected collision with SM_Chair_2
[2017.09.10-16.50.51:158][910]LogTemp: Warning: Detected collision with SM_Chair_2
[2017.09.10-16.50.51:322][924]LogTemp: Warning: Detected collision with SM_Chair_2
[2017.09.10-16.50.51:825][969]LogTemp: Warning: Detected collision with SM_Chair_2
[2017.09.10-16.50.52:763][ 54]LogTemp: Warning: Detected collision with SM_MatPreviewMesh_02_2
[2017.09.10-16.50.53:160][ 91]LogTemp: Warning: Detected collision with SM_MatPreviewMesh_02_2
[2017.09.10-16.51.32:473][472]LogEditorViewport: Clicking on Actor (LMB): StaticMeshActor (SM_Chair)
[2017.09.10-16.51.37:005][703]LogTemp: Repeating last play command: Selected Viewport
[2017.09.10-16.51.37:028][703]LogPlayLevel: PlayLevel: No blueprints needed recompiling
[2017.09.10-16.51.37:028][703]PIE: New page: PIE session: ScripterWorkshop (Sep 10, 2017, 8:51:37 PM)
[2017.09.10-16.51.37:029][703]LogPlayLevel: Creating play world package: /Game/UEDPIE_0_ScripterWorkshop
[2017.09.10-16.51.37:034][703]LogPlayLevel: PIE: StaticDuplicateObject took: (0.004150s)
[2017.09.10-16.51.37:035][703]LogAIModule: Creating AISystem for world ScripterWorkshop
[2017.09.10-16.51.37:036][703]LogPlayLevel: PIE: World Init took: (0.001724s)
[2017.09.10-16.51.37:036][703]LogPlayLevel: PIE: Created PIE world by copying editor world from /Game/ScripterWorkshop.ScripterWorkshop to /Game/UEDPIE_0_ScripterWorkshop.ScripterWorkshop (0.006905s)
[2017.09.10-16.51.37:129][703]LogInit: XAudio2 using 'Altoparlanti (Realtek High Definition Audio)' : 2 channels at 48 kHz using 32 bits per sample (channel mask 0x3)
[2017.09.10-16.51.37:149][703]LogInit: FAudioDevice initialized.
[2017.09.10-16.51.37:183][703]LogLoad: Game class is 'BasicFirstPerson_C'
[2017.09.10-16.51.37:186][703]LogWorld: Bringing World /Game/UEDPIE_0_ScripterWorkshop.ScripterWorkshop up for play (max tick rate 0) at 2017.09.10-18.51.37
[2017.09.10-16.51.37:186][703]LogWorld: Bringing up level for play took: 0.001747
[2017.09.10-16.51.37:190][703]PIE: Play in editor start time for /Game/UEDPIE_0_ScripterWorkshop 0.244
[2017.09.10-16.51.38:447][809]LogTemp: Warning: Detected collision with SM_Chair_2
[2017.09.10-16.51.39:018][862]LogTemp: Warning: Detected collision with SM_Chair_2
[2017.09.10-16.51.40:295][996]LogTemp: Warning: Detected collision with SM_Chair_2
[2017.09.10-16.52.17:258][987]LogSavePackage: Save=136.35ms
[2017.09.10-16.52.17:258][987]LogSavePackage: Moving '../../../../../../Users/Admin/Documents/Repositories/ScripterWorkshop/ScripterWorkshop/Saved/ScripterWorkshop68353F924695982CA2AE67870553757F.tmp' to '../../../../../../Users/Admin/Documents/Repositories/ScripterWorkshop/ScripterWorkshop/Content/ScripterWorkshop.umap'
[2017.09.10-16.52.17:313][987]LogSavePackage: Display: Finished SavePackage ../../../../../../Users/Admin/Documents/Repositories/ScripterWorkshop/ScripterWorkshop/Content/ScripterWorkshop.umap
[2017.09.10-16.52.17:494][987]LogFileHelpers: Saving map 'ScripterWorkshop' took 0.639
[2017.09.10-16.55.03:187][574]LogSlate: Took 0.034009 seconds to synchronously load lazily loaded font '../../../Engine/Content/Editor/Slate/Fonts/Roboto-BoldCondensed.ttf' (158K)
[2017.09.10-16.58.29:004][986]Running C:/Program Files/Epic Games/UE_4.17/Engine/Binaries/DotNET/UnrealBuildTool.exe ScripterWorkshop Win64 Development -editorrecompile "C:/Users/Admin/Documents/Repositories/ScripterWorkshop/ScripterWorkshop/ScripterWorkshop.uproject" -invalidatemakefilesonly
[2017.09.10-16.58.29:807][986]Invalidating makefiles only in this run.
[2017.09.10-16.58.29:941][986]LogSlate: Took 0.015554 seconds to synchronously load lazily loaded font '../../../Engine/Content/Slate/Fonts/Roboto-Regular.ttf' (155K)
[2017.09.10-16.58.29:993][986]Candidate modules for hot reload:
[2017.09.10-16.58.29:993][986]  ScripterWorkshop
[2017.09.10-16.58.29:994][986]Launching UnrealBuildTool... [C:/Program Files/Epic Games/UE_4.17/Engine/Binaries/DotNET/UnrealBuildTool.exe ScripterWorkshop -ModuleWithSuffix ScripterWorkshop 8616 Win64 Development -editorrecompile -canskiplink "C:/Users/Admin/Documents/Repositories/ScripterWorkshop/ScripterWorkshop/ScripterWorkshop.uproject" ]
[2017.09.10-16.59.08:312][986]CompilerResultsLog: New page: Compilation - Sep 10, 2017, 8:59:08 PM
[2017.09.10-16.59.08:312][986]CompilerResultsLog: Compiling game modules for hot reload
[2017.09.10-16.59.08:312][986]CompilerResultsLog: Parsing headers for ScripterWorkshopEditor
[2017.09.10-16.59.08:312][986]CompilerResultsLog:   Running UnrealHeaderTool "C:\Users\Admin\Documents\Repositories\ScripterWorkshop\ScripterWorkshop\ScripterWorkshop.uproject" "C:\Users\Admin\Documents\Repositories\ScripterWorkshop\ScripterWorkshop\Intermediate\Build\Win64\ScripterWorkshopEditor\Development\ScripterWorkshopEditor.uhtmanifest" -LogCmds="loginit warning, logexit warning, logdatabase error" -Unattended -WarningsAsErrors -installed
[2017.09.10-16.59.08:313][986]CompilerResultsLog: Reflection code generated for ScripterWorkshopEditor in 16,5394209 seconds
[2017.09.10-16.59.08:313][986]CompilerResultsLog: Performing 6 actions (2 in parallel)
[2017.09.10-16.59.08:313][986]CompilerResultsLog: MaterialSwitcher.cpp
[2017.09.10-16.59.08:313][986]CompilerResultsLog: SwitchableMaterials.cpp
[2017.09.10-16.59.08:313][986]CompilerResultsLog: ScripterWorkshop.init.gen.cpp
[2017.09.10-16.59.08:314][986]CompilerResultsLog: SwitchableMaterials.gen.cpp
[2017.09.10-16.59.08:314][986]CompilerResultsLog: [5/6] Link UE4Editor-ScripterWorkshop-8616.dll
[2017.09.10-16.59.08:314][986]CompilerResultsLog: [6/6] Link UE4Editor-ScripterWorkshop-8616.lib
[2017.09.10-16.59.08:314][986]CompilerResultsLog:    Creazione della libreria C:\Users\Admin\Documents\Repositories\ScripterWorkshop\ScripterWorkshop\Intermediate\Build\Win64\UE4Editor\Development\UE4Editor-ScripterWorkshop-8616.lib e dell'oggetto C:\Users\Admin\Documents\Repositories\ScripterWorkshop\ScripterWorkshop\Intermediate\Build\Win64\UE4Editor\Development\UE4Editor-ScripterWorkshop-8616.exp
[2017.09.10-16.59.08:315][986]CompilerResultsLog:    Creazione della libreria C:\Users\Admin\Documents\Repositories\ScripterWorkshop\ScripterWorkshop\Intermediate\Build\Win64\UE4Editor\Development\UE4Editor-ScripterWorkshop-8616.suppressed.lib e dell'oggetto C:\Users\Admin\Documents\Repositories\ScripterWorkshop\ScripterWorkshop\Intermediate\Build\Win64\UE4Editor\Development\UE4Editor-ScripterWorkshop-8616.suppressed.exp
[2017.09.10-16.59.08:315][986]CompilerResultsLog: Total build time: 37,97 seconds (Local executor: 9,34 seconds)
[2017.09.10-16.59.08:315][986]LogMainFrame: MainFrame: Module compiling took 38.325 seconds
[2017.09.10-16.59.08:462][986]LogClass: Could not find existing class SwitchableMaterials in package /Script/ScripterWorkshop for HotReload, assuming new class
[2017.09.10-16.59.08:472][986]LogContentBrowser: Native class hierarchy updated for 'ScripterWorkshop' in 0.0038 seconds. Added 6 classes and 2 folders.
[2017.09.10-16.59.08:474][986]Display: HotReload successful (1 functions remapped  0 scriptstructs remapped)
[2017.09.10-16.59.08:539][986]LogContentBrowser: Native class hierarchy populated in 0.0149 seconds. Added 2394 classes and 506 folders.
[2017.09.10-16.59.08:543][986]Display: HotReload took 38.6s.
[2017.09.10-16.59.08:544][986]Warning: HotReload operation took 38.6s.
[2017.09.10-16.59.11:378][986]LogVSAccessor: Warning: Couldn't goto line number '0' in 'C:/Users/Admin/Documents/Repositories/ScripterWorkshop/ScripterWorkshop/Source/ScripterWorkshop/SwitchableMaterials.h'
[2017.09.10-16.59.12:353][986]LogVSAccessor: Warning: Couldn't goto line number '0' in 'C:/Users/Admin/Documents/Repositories/ScripterWorkshop/ScripterWorkshop/Source/ScripterWorkshop/SwitchableMaterials.cpp'
[2017.09.10-16.59.12:452][986]LogHotReload: New module detected: UE4Editor-ScripterWorkshop-8616.dll
[2017.09.10-16.59.12:516][987]LogHotReload: Starting Hot-Reload from IDE
[2017.09.10-16.59.12:699][987]LogContentBrowser: Native class hierarchy updated for 'ScripterWorkshop' in 0.0040 seconds. Added 6 classes and 2 folders.
[2017.09.10-16.59.12:702][987]Display: HotReload successful (0 functions remapped  0 scriptstructs remapped)
[2017.09.10-16.59.12:727][987]LogContentBrowser: Native class hierarchy populated in 0.0247 seconds. Added 2394 classes and 506 folders.
[2017.09.10-16.59.12:738][987]Display: HotReload took  0.2s.
[2017.09.10-16.59.25:822][363]Cmd: QUIT_EDITOR
[2017.09.10-16.59.26:408][363]LogExit: Preparing to exit.
[2017.09.10-16.59.27:610][363]LogDirectoryWatcher: A directory notification for 'C:/Users/Admin/Documents/Repositories/ScripterWorkshop/ScripterWorkshop/Content/' was aborted.
[2017.09.10-16.59.27:953][363]LogExit: Editor shut down
[2017.09.10-16.59.27:959][363]LogExit: Transaction tracking system shut down
[2017.09.10-16.59.28:387][363]LogDirectoryWatcher: A directory notification for '../../../Engine/Content/' was aborted.
[2017.09.10-16.59.28:388][363]LogDirectoryWatcher: A directory notification for '../../../../../../Users/Admin/Documents/Repositories/ScripterWorkshop/ScripterWorkshop/Content/' was aborted.
[2017.09.10-16.59.28:388][363]LogDirectoryWatcher: A directory notification for '../../../Engine/Plugins/2D/Paper2D/Content/' was aborted.
[2017.09.10-16.59.28:388][363]LogDirectoryWatcher: A directory notification for '../../../Engine/Plugins/Runtime/Oculus/OculusVR/Content/' was aborted.
[2017.09.10-16.59.28:388][363]LogDirectoryWatcher: A directory notification for '../../../Engine/Plugins/Runtime/Steam/SteamVR/Content/' was aborted.
[2017.09.10-16.59.32:064][363]LogExit: Object subsystem successfully closed.
[2017.09.10-16.59.32:261][363]LogD3D11RHI: Shutdown
[2017.09.10-16.59.32:269][363]LogD3D11RHI: CleanupD3DDevice
[2017.09.10-16.59.32:584][363]LogD3D11RHI: ~FD3D11DynamicRHI
[2017.09.10-16.59.33:572][363]LogModuleManager: Shutting down and abandoning module ScripterWorkshop (538)
[2017.09.10-16.59.33:572][363]LogModuleManager: Shutting down and abandoning module MovieSceneCapture (534)
[2017.09.10-16.59.33:572][363]LogModuleManager: Shutting down and abandoning module HierarchicalLODOutliner (532)
[2017.09.10-16.59.33:572][363]LogModuleManager: Shutting down and abandoning module AddContentDialog (530)
[2017.09.10-16.59.33:584][363]LogDirectoryWatcher: A directory notification for 'C:/Program Files/Epic Games/UE_4.17/FeaturePacks/' was aborted.
[2017.09.10-16.59.33:610][363]LogModuleManager: Shutting down and abandoning module WidgetCarousel (529)
[2017.09.10-16.59.33:610][363]LogModuleManager: Shutting down and abandoning module EditorWidgets (526)
[2017.09.10-16.59.33:610][363]LogModuleManager: Shutting down and abandoning module CollectionManager (524)
[2017.09.10-16.59.33:616][363]LogDirectoryWatcher: A directory notification for 'C:/Users/Admin/Documents/Repositories/ScripterWorkshop/ScripterWorkshop/Content/Collections/' was aborted.
[2017.09.10-16.59.33:616][363]LogDirectoryWatcher: A directory notification for 'C:/Users/Admin/Documents/Repositories/ScripterWorkshop/ScripterWorkshop/Content/Developers/Admin/Collections/' was aborted.
[2017.09.10-16.59.33:616][363]LogDirectoryWatcher: A directory notification for 'C:/Users/Admin/Documents/Repositories/ScripterWorkshop/ScripterWorkshop/Saved/Collections/' was aborted.
[2017.09.10-16.59.33:616][363]LogModuleManager: Shutting down and abandoning module SceneOutliner (522)
[2017.09.10-16.59.33:628][363]LogModuleManager: Shutting down and abandoning module StatsViewer (520)
[2017.09.10-16.59.33:643][363]LogModuleManager: Shutting down and abandoning module FoliageEdit (518)
[2017.09.10-16.59.33:643][363]LogModuleManager: Shutting down and abandoning module LandscapeEditor (516)
[2017.09.10-16.59.33:643][363]LogModuleManager: Shutting down and abandoning module MeshPaintMode (514)
[2017.09.10-16.59.33:643][363]LogModuleManager: Shutting down and abandoning module SceneDepthPickerMode (512)
[2017.09.10-16.59.33:643][363]LogModuleManager: Shutting down and abandoning module ActorPickerMode (510)
[2017.09.10-16.59.33:643][363]LogModuleManager: Shutting down and abandoning module GeometryMode (508)
[2017.09.10-16.59.33:643][363]LogModuleManager: Shutting down and abandoning module TextureAlignMode (506)
[2017.09.10-16.59.33:643][363]LogModuleManager: Shutting down and abandoning module BspMode (504)
[2017.09.10-16.59.33:654][363]LogModuleManager: Shutting down and abandoning module PIEPreviewDeviceProfileSelector (502)
[2017.09.10-16.59.33:654][363]LogModuleManager: Shutting down and abandoning module HardwareSurvey (500)
[2017.09.10-16.59.33:654][363]LogModuleManager: Shutting down and abandoning module SequenceRecorderSections (498)
[2017.09.10-16.59.33:661][363]LogModuleManager: Shutting down and abandoning module AutomationWorker (496)
[2017.09.10-16.59.33:668][363]LogModuleManager: Shutting down and abandoning module MatineeToLevelSequence (494)
[2017.09.10-16.59.33:682][363]LogModuleManager: Shutting down and abandoning module LevelSequenceEditor (492)
[2017.09.10-16.59.33:729][363]LogModuleManager: Shutting down and abandoning module PlacementMode (491)
[2017.09.10-16.59.33:729][363]LogModuleManager: Shutting down and abandoning module WmfMediaFactory (488)
[2017.09.10-16.59.33:729][363]LogModuleManager: Shutting down and abandoning module WmfMediaEditor (486)
[2017.09.10-16.59.33:729][363]LogModuleManager: Shutting down and abandoning module AvfMediaFactory (484)
[2017.09.10-16.59.33:729][363]LogModuleManager: Shutting down and abandoning module AvfMediaEditor (482)
[2017.09.10-16.59.33:729][363]LogModuleManager: Shutting down and abandoning module AndroidMediaFactory (480)
[2017.09.10-16.59.33:730][363]LogModuleManager: Shutting down and abandoning module Media (479)
[2017.09.10-16.59.33:730][363]LogModuleManager: Shutting down and abandoning module AndroidMediaEditor (476)
[2017.09.10-16.59.33:730][363]LogModuleManager: Shutting down and abandoning module CharacterAI (474)
[2017.09.10-16.59.33:730][363]LogModuleManager: Shutting down and abandoning module AudioCapture (472)
[2017.09.10-16.59.33:730][363]LogModuleManager: Shutting down and abandoning module SequenceRecorder (471)
[2017.09.10-16.59.33:751][363]LogModuleManager: Shutting down and abandoning module SmartSnapping (468)
[2017.09.10-16.59.33:751][363]LogModuleManager: Shutting down and abandoning module SessionServices (466)
[2017.09.10-16.59.33:751][363]LogModuleManager: Shutting down and abandoning module ViewportSnapping (464)
[2017.09.10-16.59.33:751][363]LogModuleManager: Shutting down and abandoning module ViewportInteraction (462)
[2017.09.10-16.59.33:751][363]LogModuleManager: Shutting down and abandoning module ClothPainter (460)
[2017.09.10-16.59.33:772][363]LogModuleManager: Shutting down and abandoning module LogVisualizer (458)
[2017.09.10-16.59.33:787][363]LogModuleManager: Shutting down and abandoning module IntroTutorials (456)
[2017.09.10-16.59.33:812][363]LogModuleManager: Shutting down and abandoning module GameProjectGeneration (455)
[2017.09.10-16.59.33:812][363]LogModuleManager: Shutting down and abandoning module IOSPlatformEditor (452)
[2017.09.10-16.59.33:812][363]LogModuleManager: Shutting down and abandoning module HTML5PlatformEditor (450)
[2017.09.10-16.59.33:812][363]LogModuleManager: Shutting down and abandoning module AndroidPlatformEditor (448)
[2017.09.10-16.59.33:812][363]LogModuleManager: Shutting down and abandoning module AndroidDeviceDetection (447)
[2017.09.10-16.59.34:404][363]LogModuleManager: Shutting down and abandoning module WindowsPlatformEditor (444)
[2017.09.10-16.59.34:404][363]LogModuleManager: Shutting down and abandoning module IOSRuntimeSettings (442)
[2017.09.10-16.59.34:404][363]LogModuleManager: Shutting down and abandoning module AndroidRuntimeSettings (440)
[2017.09.10-16.59.34:404][363]LogModuleManager: Shutting down and abandoning module InputBindingEditor (438)
[2017.09.10-16.59.34:417][363]LogModuleManager: Shutting down and abandoning module MergeActors (436)
[2017.09.10-16.59.34:437][363]LogModuleManager: Shutting down and abandoning module SizeMap (434)
[2017.09.10-16.59.34:437][363]LogModuleManager: Shutting down and abandoning module TreeMap (432)
[2017.09.10-16.59.34:458][363]LogModuleManager: Shutting down and abandoning module ReferenceViewer (430)
[2017.09.10-16.59.34:458][363]LogModuleManager: Shutting down and abandoning module LocalizationDashboard (428)
[2017.09.10-16.59.34:471][363]LogModuleManager: Shutting down and abandoning module LocalizationService (427)
[2017.09.10-16.59.34:477][363]LogModuleManager: Shutting down and abandoning module HardwareTargeting (424)
[2017.09.10-16.59.34:477][363]LogModuleManager: Shutting down and abandoning module DeviceProfileEditor (422)
[2017.09.10-16.59.34:488][363]LogModuleManager: Shutting down and abandoning module UndoHistory (420)
[2017.09.10-16.59.34:488][363]LogModuleManager: Shutting down and abandoning module XmlParser (418)
[2017.09.10-16.59.34:488][363]LogModuleManager: Shutting down and abandoning module Blutility (416)
[2017.09.10-16.59.34:488][363]LogModuleManager: Shutting down and abandoning module ProjectSettingsViewer (414)
[2017.09.10-16.59.34:489][363]LogModuleManager: Shutting down and abandoning module ProjectTargetPlatformEditor (413)
[2017.09.10-16.59.34:489][363]LogModuleManager: Shutting down and abandoning module EditorSettingsViewer (410)
[2017.09.10-16.59.34:489][363]LogModuleManager: Shutting down and abandoning module SettingsEditor (408)
[2017.09.10-16.59.34:512][363]LogModuleManager: Shutting down and abandoning module ProjectLauncher (406)
[2017.09.10-16.59.34:524][363]LogModuleManager: Shutting down and abandoning module SessionFrontend (404)
[2017.09.10-16.59.34:529][363]LogModuleManager: Shutting down and abandoning module ProfilerClient (402)
[2017.09.10-16.59.34:542][363]LogModuleManager: Shutting down and abandoning module DeviceManager (400)
[2017.09.10-16.59.34:556][363]LogModuleManager: Shutting down and abandoning module TargetDeviceServices (399)
[2017.09.10-16.59.34:616][363]LogModuleManager: Shutting down and abandoning module AutomationController (396)
[2017.09.10-16.59.34:635][363]LogModuleManager: Shutting down and abandoning module AutomationWindow (394)
[2017.09.10-16.59.34:651][363]LogModuleManager: Shutting down and abandoning module Layers (392)
[2017.09.10-16.59.34:671][363]LogModuleManager: Shutting down and abandoning module ComponentVisualizers (390)
[2017.09.10-16.59.34:671][363]LogModuleManager: Shutting down and abandoning module DetailCustomizations (388)
[2017.09.10-16.59.34:671][363]LogModuleManager: Shutting down and abandoning module PackagesDialog (386)
[2017.09.10-16.59.34:671][363]LogModuleManager: Shutting down and abandoning module Persona (384)
[2017.09.10-16.59.34:717][363]LogModuleManager: Shutting down and abandoning module AdvancedPreviewScene (383)
[2017.09.10-16.59.34:717][363]LogModuleManager: Shutting down and abandoning module AnimGraph (381)
[2017.09.10-16.59.34:732][363]LogModuleManager: Shutting down and abandoning module Kismet (378)
[2017.09.10-16.59.34:751][363]LogModuleManager: Shutting down and abandoning module ClassViewer (376)
[2017.09.10-16.59.34:753][363]LogModuleManager: Shutting down and abandoning module Toolbox (374)
[2017.09.10-16.59.34:753][363]LogModuleManager: Shutting down and abandoning module ModuleUI (372)
[2017.09.10-16.59.34:770][363]LogModuleManager: Shutting down and abandoning module MovieSceneTools (370)
[2017.09.10-16.59.34:786][363]LogModuleManager: Shutting down and abandoning module OutputLog (368)
[2017.09.10-16.59.34:786][363]LogModuleManager: Shutting down and abandoning module GammaUI (366)
[2017.09.10-16.59.34:794][363]LogModuleManager: Shutting down and abandoning module Documentation (364)
[2017.09.10-16.59.34:794][363]LogModuleManager: Shutting down and abandoning module MovieSceneTracks (362)
[2017.09.10-16.59.34:794][363]LogModuleManager: Shutting down and abandoning module MovieScene (360)
[2017.09.10-16.59.34:794][363]LogModuleManager: Shutting down and abandoning module Niagara (358)
[2017.09.10-16.59.34:794][363]LogModuleManager: Shutting down and abandoning module NiagaraEditor (357)
[2017.09.10-16.59.34:813][363]LogModuleManager: Shutting down and abandoning module StreamingPauseRendering (354)
[2017.09.10-16.59.34:813][363]LogModuleManager: Shutting down and abandoning module LauncherPlatform (352)
[2017.09.10-16.59.34:813][363]LogModuleManager: Shutting down and abandoning module AnalyticsET (350)
[2017.09.10-16.59.34:813][363]LogModuleManager: Shutting down and abandoning module PortalServices (348)
[2017.09.10-16.59.34:813][363]LogModuleManager: Shutting down and abandoning module PortalRpc (346)
[2017.09.10-16.59.34:814][363]LogModuleManager: Shutting down and abandoning module MessagingRpc (344)
[2017.09.10-16.59.34:814][363]LogModuleManager: Shutting down and abandoning module AIModule (342)
[2017.09.10-16.59.34:814][363]LogModuleManager: Shutting down and abandoning module GameplayDebugger (341)
[2017.09.10-16.59.34:814][363]LogModuleManager: Shutting down and abandoning module AITestSuite (339)
[2017.09.10-16.59.34:824][363]LogModuleManager: Shutting down and abandoning module ProfilerService (336)
[2017.09.10-16.59.34:828][363]LogModuleManager: Shutting down and abandoning module TaskGraph (334)
[2017.09.10-16.59.34:849][363]LogModuleManager: Shutting down and abandoning module SteamVRController (332)
[2017.09.10-16.59.34:849][363]LogModuleManager: Shutting down and abandoning module ProceduralMeshComponentEditor (330)
[2017.09.10-16.59.34:849][363]LogModuleManager: Shutting down and abandoning module ProceduralMeshComponent (328)
[2017.09.10-16.59.34:849][363]LogModuleManager: Shutting down and abandoning module OculusInput (326)
[2017.09.10-16.59.34:854][363]LogModuleManager: Shutting down and abandoning module MobilePatchingUtils (324)
[2017.09.10-16.59.34:854][363]LogModuleManager: Shutting down and abandoning module CustomMeshComponent (322)
[2017.09.10-16.59.34:854][363]LogModuleManager: Shutting down and abandoning module CableComponent (320)
[2017.09.10-16.59.34:863][363]LogModuleManager: Shutting down and abandoning module ArchVisCharacter (318)
[2017.09.10-16.59.34:863][363]LogModuleManager: Shutting down and abandoning module AndroidPermission (316)
[2017.09.10-16.59.34:863][363]LogModuleManager: Shutting down and abandoning module MediaPlayerEditor (312)
[2017.09.10-16.59.34:890][363]LogModuleManager: Shutting down and abandoning module HTML5Networking (310)
[2017.09.10-16.59.34:890][363]LogModuleManager: Shutting down and abandoning module AlembicImporter (308)
[2017.09.10-16.59.34:899][363]LogModuleManager: Shutting down and abandoning module AlembicLibrary (307)
[2017.09.10-16.59.34:899][363]LogModuleManager: Shutting down and abandoning module GeometryCache (306)
[2017.09.10-16.59.34:899][363]LogModuleManager: Shutting down and abandoning module GeometryCacheEd (305)
[2017.09.10-16.59.34:899][363]LogModuleManager: Shutting down and abandoning module SpeedTreeImporter (300)
[2017.09.10-16.59.34:899][363]LogModuleManager: Shutting down and abandoning module PluginBrowser (298)
[2017.09.10-16.59.34:923][363]LogModuleManager: Shutting down and abandoning module MobileLauncherProfileWizard (296)
[2017.09.10-16.59.34:924][363]LogModuleManager: Shutting down and abandoning module VisualStudioSourceCodeAccess (294)
[2017.09.10-16.59.34:924][363]LogModuleManager: Shutting down and abandoning module DesktopPlatform (293)
[2017.09.10-16.59.34:924][363]LogModuleManager: Shutting down and abandoning module UObjectPlugin (290)
[2017.09.10-16.59.34:924][363]LogModuleManager: Shutting down and abandoning module SubversionSourceControl (288)
[2017.09.10-16.59.34:941][363]LogModuleManager: Shutting down and abandoning module PerforceSourceControl (286)
[2017.09.10-16.59.34:958][363]LogModuleManager: Shutting down and abandoning module GitSourceControl (284)
[2017.09.10-16.59.34:981][363]LogModuleManager: Shutting down and abandoning module SourceControl (283)
[2017.09.10-16.59.34:991][363]LogModuleManager: Shutting down and abandoning module LightPropagationVolumeEditor (280)
[2017.09.10-16.59.34:991][363]LogModuleManager: Shutting down and abandoning module PaperTiledImporter (278)
[2017.09.10-16.59.34:991][363]LogModuleManager: Shutting down and abandoning module PaperSpriteSheetImporter (276)
[2017.09.10-16.59.34:991][363]LogModuleManager: Shutting down and abandoning module Paper2DEditor (274)
[2017.09.10-16.59.35:002][363]LogModuleManager: Shutting down and abandoning module MeshPaint (273)
[2017.09.10-16.59.35:014][363]LogModuleManager: Shutting down and abandoning module LevelEditor (271)
[2017.09.10-16.59.35:023][363]LogModuleManager: Shutting down and abandoning module PixelInspectorModule (270)
[2017.09.10-16.59.35:037][363]LogModuleManager: Shutting down and abandoning module MainFrame (268)
[2017.09.10-16.59.35:037][363]LogModuleManager: Shutting down and abandoning module HotReload (267)
[2017.09.10-16.59.35:037][363]LogDirectoryWatcher: A directory notification for 'C:/Users/Admin/Documents/Repositories/ScripterWorkshop/ScripterWorkshop/Binaries/Win64' was aborted.
[2017.09.10-16.59.35:038][363]LogModuleManager: Shutting down and abandoning module RuntimePhysXCooking (260)
[2017.09.10-16.59.35:038][363]LogModuleManager: Shutting down and abandoning module PhysXVehiclesEditor (258)
[2017.09.10-16.59.35:038][363]LogModuleManager: Shutting down and abandoning module PhysXVehicles (256)
[2017.09.10-16.59.35:038][363]LogModuleManager: Shutting down and abandoning module OculusEditor (254)
[2017.09.10-16.59.35:038][363]LogModuleManager: Shutting down and abandoning module LocationServicesBPLibrary (252)
[2017.09.10-16.59.35:038][363]LogModuleManager: Shutting down and abandoning module ImmediatePhysicsEditor (250)
[2017.09.10-16.59.35:038][363]LogModuleManager: Shutting down and abandoning module ImmediatePhysics (248)
[2017.09.10-16.59.35:050][363]LogModuleManager: Shutting down and abandoning module UdpMessaging (246)
[2017.09.10-16.59.35:150][363]LogModuleManager: Shutting down and abandoning module TcpMessaging (244)
[2017.09.10-16.59.35:256][363]LogModuleManager: Shutting down and abandoning module GameplayTagsEditor (242)
[2017.09.10-16.59.35:284][363]LogModuleManager: Shutting down and abandoning module FacialAnimationEditor (240)
[2017.09.10-16.59.35:284][363]LogModuleManager: Shutting down and abandoning module FacialAnimation (238)
[2017.09.10-16.59.35:284][363]LogModuleManager: Shutting down and abandoning module AssetManagerEditor (236)
[2017.09.10-16.59.35:297][363]LogModuleManager: Shutting down and abandoning module GraphEditor (235)
[2017.09.10-16.59.35:354][363]LogModuleManager: Shutting down and abandoning module ContentBrowser (233)
[2017.09.10-16.59.35:355][363]LogModuleManager: Shutting down and abandoning module LightPropagationVolumeRuntime (230)
[2017.09.10-16.59.35:355][363]LogModuleManager: Shutting down and abandoning module Paper2D (228)
[2017.09.10-16.59.35:364][363]LogModuleManager: Shutting down and abandoning module WindowsMoviePlayer (226)
[2017.09.10-16.59.35:372][363]LogModuleManager: Shutting down and abandoning module WmfMedia (224)
[2017.09.10-16.59.35:406][363]LogModuleManager: Shutting down and abandoning module PacketHandler (222)
[2017.09.10-16.59.35:406][363]LogModuleManager: Shutting down and abandoning module ClothingSystemEditor (220)
[2017.09.10-16.59.35:406][363]LogModuleManager: Shutting down and abandoning module ClothingSystemRuntime (218)
[2017.09.10-16.59.35:413][363]LogModuleManager: Shutting down and abandoning module Overlay (216)
[2017.09.10-16.59.35:413][363]LogModuleManager: Shutting down and abandoning module OverlayEditor (215)
[2017.09.10-16.59.35:413][363]LogModuleManager: Shutting down and abandoning module MediaAssets (212)
[2017.09.10-16.59.35:413][363]LogModuleManager: Shutting down and abandoning module VREditor (210)
[2017.09.10-16.59.35:431][363]LogModuleManager: Shutting down and abandoning module StringTableEditor (208)
[2017.09.10-16.59.35:443][363]LogModuleManager: Shutting down and abandoning module GameplayTasksEditor (206)
[2017.09.10-16.59.35:443][363]LogModuleManager: Shutting down and abandoning module BehaviorTreeEditor (204)
[2017.09.10-16.59.35:461][363]LogModuleManager: Shutting down and abandoning module FunctionalTesting (202)
[2017.09.10-16.59.35:461][363]LogModuleManager: Shutting down and abandoning module CollisionAnalyzer (200)
[2017.09.10-16.59.35:472][363]LogModuleManager: Shutting down and abandoning module WorkspaceMenuStructure (199)
[2017.09.10-16.59.35:472][363]LogModuleManager: Shutting down and abandoning module UMG (196)
[2017.09.10-16.59.35:489][363]LogModuleManager: Shutting down and abandoning module UMGEditor (195)
[2017.09.10-16.59.35:512][363]LogModuleManager: Shutting down and abandoning module Sequencer (194)
[2017.09.10-16.59.35:520][363]LogModuleManager: Shutting down and abandoning module MessageLog (191)
[2017.09.10-16.59.35:520][363]LogModuleManager: Shutting down and abandoning module SlateReflector (186)
[2017.09.10-16.59.35:553][363]LogModuleManager: Shutting down and abandoning module Slate (184)
[2017.09.10-16.59.35:553][363]LogModuleManager: Shutting down and abandoning module EditorStyle (182)
[2017.09.10-16.59.35:558][363]LogModuleManager: Shutting down and abandoning module MRMesh (180)
[2017.09.10-16.59.35:558][363]LogModuleManager: Shutting down and abandoning module SourceCodeAccess (178)
[2017.09.10-16.59.35:558][363]LogModuleManager: Shutting down and abandoning module HeadMountedDisplay (176)
[2017.09.10-16.59.35:558][363]LogModuleManager: Shutting down and abandoning module XAudio2 (174)
[2017.09.10-16.59.35:558][363]LogModuleManager: Shutting down and abandoning module Networking (172)
[2017.09.10-16.59.35:558][363]LogModuleManager: Shutting down and abandoning module Core (168)
[2017.09.10-16.59.35:558][363]LogModuleManager: Shutting down and abandoning module KismetCompiler (164)
[2017.09.10-16.59.35:558][363]LogModuleManager: Shutting down and abandoning module MeshUtilities (162)
[2017.09.10-16.59.35:581][363]LogModuleManager: Shutting down and abandoning module MeshMergeUtilities (161)
[2017.09.10-16.59.35:591][363]LogModuleManager: Shutting down and abandoning module MeshReductionInterface (160)
[2017.09.10-16.59.35:591][363]LogModuleManager: Shutting down and abandoning module SimplygonSwarm (159)
[2017.09.10-16.59.35:601][363]LogModuleManager: Shutting down and abandoning module SimplygonMeshReduction (157)
[2017.09.10-16.59.35:601][363]LogModuleManager: Shutting down and abandoning module QuadricMeshReduction (155)
[2017.09.10-16.59.35:619][363]LogModuleManager: Shutting down and abandoning module MaterialBaking (151)
[2017.09.10-16.59.35:624][363]LogModuleManager: Shutting down and abandoning module LevelSequence (148)
[2017.09.10-16.59.35:624][363]LogModuleManager: Shutting down and abandoning module DirectoryWatcher (146)
[2017.09.10-16.59.35:625][363]LogModuleManager: Shutting down and abandoning module DerivedDataCache (144)
[2017.09.10-16.59.35:672][363]LogDerivedDataCache: Shutdown
[2017.09.10-16.59.35:678][363]LogModuleManager: Shutting down and abandoning module TargetPlatform (142)
[2017.09.10-16.59.35:678][363]LogModuleManager: Shutting down and abandoning module VulkanShaderFormat (141)
[2017.09.10-16.59.35:693][363]LogModuleManager: Shutting down and abandoning module ShaderFormatVectorVM (139)
[2017.09.10-16.59.35:700][363]LogModuleManager: Shutting down and abandoning module ShaderFormatOpenGL (137)
[2017.09.10-16.59.35:709][363]LogModuleManager: Shutting down and abandoning module ShaderFormatD3D (135)
[2017.09.10-16.59.35:725][363]LogModuleManager: Shutting down and abandoning module MetalShaderFormat (133)
[2017.09.10-16.59.35:740][363]LogModuleManager: Shutting down and abandoning module TextureFormatUncompressed (131)
[2017.09.10-16.59.35:741][363]LogModuleManager: Shutting down and abandoning module TextureFormatPVR (129)
[2017.09.10-16.59.35:741][363]LogModuleManager: Shutting down and abandoning module TextureFormatDXT (127)
[2017.09.10-16.59.35:747][363]LogModuleManager: Shutting down and abandoning module TextureFormatIntelISPCTexComp (125)
[2017.09.10-16.59.35:758][363]LogModuleManager: Shutting down and abandoning module TextureFormatASTC (123)
[2017.09.10-16.59.35:758][363]LogModuleManager: Shutting down and abandoning module ImageWrapper (122)
[2017.09.10-16.59.35:758][363]LogModuleManager: Shutting down and abandoning module TextureFormatAndroid (119)
[2017.09.10-16.59.35:758][363]LogModuleManager: Shutting down and abandoning module AudioFormatOpus (117)
[2017.09.10-16.59.35:758][363]LogModuleManager: Shutting down and abandoning module AudioFormatOgg (115)
[2017.09.10-16.59.35:759][363]LogModuleManager: Shutting down and abandoning module AudioFormatADPCM (113)
[2017.09.10-16.59.35:759][363]LogModuleManager: Shutting down and abandoning module LinuxTargetPlatform (111)
[2017.09.10-16.59.35:759][363]LogModuleManager: Shutting down and abandoning module LinuxServerTargetPlatform (109)
[2017.09.10-16.59.35:759][363]LogModuleManager: Shutting down and abandoning module LinuxNoEditorTargetPlatform (107)
[2017.09.10-16.59.35:759][363]LogModuleManager: Shutting down and abandoning module LinuxClientTargetPlatform (105)
[2017.09.10-16.59.35:759][363]LogModuleManager: Shutting down and abandoning module TVOSTargetPlatform (103)
[2017.09.10-16.59.35:759][363]LogModuleManager: Shutting down and abandoning module Messaging (101)
[2017.09.10-16.59.35:759][363]LogModuleManager: Shutting down and abandoning module IOSTargetPlatform (99)
[2017.09.10-16.59.35:759][363]LogModuleManager: Shutting down and abandoning module HTML5TargetPlatform (97)
[2017.09.10-16.59.35:759][363]LogModuleManager: Shutting down and abandoning module Android_PVRTCTargetPlatform (95)
[2017.09.10-16.59.35:759][363]LogModuleManager: Shutting down and abandoning module Android_MultiTargetPlatform (93)
[2017.09.10-16.59.35:759][363]LogModuleManager: Shutting down and abandoning module Android_ETC2TargetPlatform (91)
[2017.09.10-16.59.35:759][363]LogModuleManager: Shutting down and abandoning module Android_ETC1TargetPlatform (89)
[2017.09.10-16.59.35:759][363]LogModuleManager: Shutting down and abandoning module Android_DXTTargetPlatform (87)
[2017.09.10-16.59.35:759][363]LogModuleManager: Shutting down and abandoning module Android_ATCTargetPlatform (85)
[2017.09.10-16.59.35:759][363]LogModuleManager: Shutting down and abandoning module Android_ASTCTargetPlatform (83)
[2017.09.10-16.59.35:759][363]LogModuleManager: Shutting down and abandoning module AndroidTargetPlatform (81)
[2017.09.10-16.59.35:759][363]LogModuleManager: Shutting down and abandoning module WindowsTargetPlatform (79)
[2017.09.10-16.59.35:759][363]LogModuleManager: Shutting down and abandoning module WindowsServerTargetPlatform (77)
[2017.09.10-16.59.35:759][363]LogModuleManager: Shutting down and abandoning module WindowsNoEditorTargetPlatform (75)
[2017.09.10-16.59.35:759][363]LogModuleManager: Shutting down and abandoning module WindowsClientTargetPlatform (73)
[2017.09.10-16.59.35:759][363]LogModuleManager: Shutting down and abandoning module MacTargetPlatform (71)
[2017.09.10-16.59.35:759][363]LogModuleManager: Shutting down and abandoning module MacServerTargetPlatform (69)
[2017.09.10-16.59.35:759][363]LogModuleManager: Shutting down and abandoning module MacNoEditorTargetPlatform (67)
[2017.09.10-16.59.35:759][363]LogModuleManager: Shutting down and abandoning module MacClientTargetPlatform (65)
[2017.09.10-16.59.35:759][363]LogModuleManager: Shutting down and abandoning module AllDesktopTargetPlatform (63)
[2017.09.10-16.59.35:759][363]LogModuleManager: Shutting down and abandoning module InputCore (60)
[2017.09.10-16.59.35:759][363]LogModuleManager: Shutting down and abandoning module Settings (58)
[2017.09.10-16.59.35:759][363]LogModuleManager: Shutting down and abandoning module PhysXCooking (56)
[2017.09.10-16.59.35:759][363]LogModuleManager: Shutting down and abandoning module SteamVR (54)
[2017.09.10-16.59.35:759][363]LogModuleManager: Shutting down and abandoning module OculusHMD (52)
[2017.09.10-16.59.35:770][363]LogModuleManager: Shutting down and abandoning module ExampleDeviceProfileSelector (50)
[2017.09.10-16.59.35:770][363]LogModuleManager: Shutting down and abandoning module OnlineBlueprintSupport (48)
[2017.09.10-16.59.35:770][363]LogModuleManager: Shutting down and abandoning module OnlineSubsystem (44)
[2017.09.10-16.59.35:770][363]LogOnline: Display: Unloading online subsystem: NULL
[2017.09.10-16.59.35:794][363]LogModuleManager: Shutting down and abandoning module XMPP (43)
[2017.09.10-16.59.35:814][363]LogModuleManager: Shutting down and abandoning module HTTP (41)
[2017.09.10-16.59.35:814][363]LogHttp: Display: Http module shutting down, but needs to wait on 1 outstanding Http requests:
[2017.09.10-16.59.35:820][363]LogHttp: Display: 	verb=[POST] url=[https://datarouter.ol.epicgames.com/datarouter/api/v1/public/data?SessionID=%7BE568F730-44F8-B785-A45A-30AA8BFD55BF%7D&AppID=UEEditor.Rocket.Release&AppVersion=4.17.1-3586342%2B%2B%2BUE4%2BRelease-4.17&UserID=e596fd8543d8b022c6c53ab13e8a51b7%7C2bdd1138e9c84a049480766a9822828c%7C2095de21-1a6e-4602-8a10-60df676f333c&AppEnvironment=datacollector-binary&UploadType=eteventstream] status=Processing
[2017.09.10-16.59.35:839][363]LogModuleManager: Shutting down and abandoning module SSL (40)
[2017.09.10-16.59.35:849][363]LogModuleManager: Shutting down and abandoning module AnimationModifiers (36)
[2017.09.10-16.59.35:855][363]LogModuleManager: Shutting down and abandoning module PropertyEditor (35)
[2017.09.10-16.59.35:855][363]LogModuleManager: Shutting down and abandoning module AudioEditor (32)
[2017.09.10-16.59.35:867][363]LogModuleManager: Shutting down and abandoning module TextureCompressor (30)
[2017.09.10-16.59.35:878][363]LogModuleManager: Shutting down and abandoning module ShaderCore (28)
[2017.09.10-16.59.35:878][363]LogModuleManager: Shutting down and abandoning module Landscape (26)
[2017.09.10-16.59.35:878][363]LogModuleManager: Shutting down and abandoning module SlateRHIRenderer (24)
[2017.09.10-16.59.35:894][363]LogModuleManager: Shutting down and abandoning module OpenGLDrv (22)
[2017.09.10-16.59.35:902][363]LogModuleManager: Shutting down and abandoning module D3D11RHI (20)
[2017.09.10-16.59.35:902][363]LogModuleManager: Shutting down and abandoning module AnimGraphRuntime (18)
[2017.09.10-16.59.35:902][363]LogModuleManager: Shutting down and abandoning module Renderer (16)
[2017.09.10-16.59.35:902][363]LogModuleManager: Shutting down and abandoning module Engine (14)
[2017.09.10-16.59.35:902][363]LogModuleManager: Shutting down and abandoning module CoreUObject (12)
[2017.09.10-16.59.35:902][363]LogModuleManager: Shutting down and abandoning module NetworkFile (10)
[2017.09.10-16.59.35:912][363]LogModuleManager: Shutting down and abandoning module CookedIterativeFile (8)
[2017.09.10-16.59.35:912][363]LogModuleManager: Shutting down and abandoning module StreamingFile (6)
[2017.09.10-16.59.35:914][363]LogModuleManager: Shutting down and abandoning module SandboxFile (4)
[2017.09.10-16.59.35:914][363]LogModuleManager: Shutting down and abandoning module PakFile (2)
[2017.09.10-16.59.35:933][363]LogExit: Exiting.
[2017.09.10-16.59.35:945][363]Log file closed, 09/10/17 18:59:35
