Log file open, 09/13/17 12:54:02
LogWindows: LoadLibraryWithSearchPaths failed for file aqProf.dll. GetLastError=0
LogWindows: LoadLibraryWithSearchPaths failed for file VtuneApi.dll. GetLastError=0
LogWindows: LoadLibraryWithSearchPaths failed for file VtuneApi32e.dll. GetLastError=0
LogInit: Display: Running engine for game: ScripterWorkshop
LogPlatformFile: Not using cached read wrapper
LogInit: Display: RandInit(-967848460) SRandInit(-967848460).
LogTaskGraph: Started task graph with 5 named threads and 8 total threads with 3 sets of task threads.
LogStats: Stats thread started at 0.162877
LogD3D11RHI: Aftermath initialized
LogPluginManager: Mounting plugin Paper2D
LogPluginManager: Mounting plugin LightPropagationVolume
LogPluginManager: Mounting plugin CodeLiteSourceCodeAccess
LogPluginManager: Mounting plugin GitSourceControl
LogPluginManager: Mounting plugin KDevelopSourceCodeAccess
LogPluginManager: Mounting plugin NullSourceCodeAccess
LogPluginManager: Mounting plugin PerforceSourceControl
LogPluginManager: Mounting plugin SubversionSourceControl
LogPluginManager: Mounting plugin UObjectPlugin
LogPluginManager: Mounting plugin VisualStudioSourceCodeAccess
LogPluginManager: Mounting plugin XCodeSourceCodeAccess
LogPluginManager: Mounting plugin AssetManagerEditor
LogPluginManager: Mounting plugin AudioCapture
LogPluginManager: Mounting plugin FacialAnimation
LogPluginManager: Mounting plugin GameplayTagsEditor
LogPluginManager: Mounting plugin MobileLauncherProfileWizard
LogPluginManager: Mounting plugin PluginBrowser
LogPluginManager: Mounting plugin SpeedTreeImporter
LogPluginManager: Mounting plugin AlembicImporter
LogPluginManager: Mounting plugin CharacterAI
LogPluginManager: Mounting plugin HTML5Networking
LogPluginManager: Mounting plugin AndroidMedia
LogPluginManager: Mounting plugin AvfMedia
LogPluginManager: Mounting plugin MediaPlayerEditor
LogPluginManager: Mounting plugin WmfMedia
LogPluginManager: Mounting plugin TcpMessaging
LogPluginManager: Mounting plugin UdpMessaging
LogPluginManager: Mounting plugin LevelSequenceEditor
LogPluginManager: Mounting plugin MatineeToLevelSequence
LogPluginManager: Mounting plugin OnlineSubsystemGooglePlay
LogPluginManager: Mounting plugin OnlineSubsystemIOS
LogPluginManager: Mounting plugin OnlineSubsystem
LogPluginManager: Mounting plugin OnlineSubsystemNull
LogPluginManager: Mounting plugin OnlineSubsystemUtils
LogPluginManager: Mounting plugin AndroidDeviceProfileSelector
LogPluginManager: Mounting plugin AndroidMoviePlayer
LogPluginManager: Mounting plugin AndroidPermission
LogPluginManager: Mounting plugin AppleMoviePlayer
LogPluginManager: Mounting plugin ArchVisCharacter
LogPluginManager: Mounting plugin CableComponent
LogPluginManager: Mounting plugin CustomMeshComponent
LogPluginManager: Mounting plugin ExampleDeviceProfileSelector
LogPluginManager: Mounting plugin GoogleCloudMessaging
LogPluginManager: Mounting plugin ImmediatePhysics
LogPluginManager: Mounting plugin IOSDeviceProfileSelector
LogPluginManager: Mounting plugin LinuxDeviceProfileSelector
LogPluginManager: Mounting plugin LocationServicesBPLibrary
LogPluginManager: Mounting plugin MobilePatchingUtils
LogPluginManager: Mounting plugin OculusVR
LogPluginManager: Mounting plugin PhysXVehicles
LogPluginManager: Mounting plugin ProceduralMeshComponent
LogPluginManager: Mounting plugin RuntimePhysXCooking
LogPluginManager: Mounting plugin SteamVR
LogPluginManager: Mounting plugin WindowsMoviePlayer
LogInit: Using libcurl 7.47.1
LogInit:  - built for x86_64-pc-win32
LogInit:  - supports SSL with OpenSSL/1.0.2g
LogInit:  - supports HTTP deflate (compression) using libz 1.2.8
LogInit:  - other features:
LogInit:      CURL_VERSION_SSL
LogInit:      CURL_VERSION_LIBZ
LogInit:      CURL_VERSION_IPV6
LogInit:      CURL_VERSION_ASYNCHDNS
LogInit:      CURL_VERSION_LARGEFILE
LogInit:      CURL_VERSION_IDN
LogInit:  CurlRequestOptions (configurable via config and command line):
LogInit:  - bVerifyPeer = false  - Libcurl will NOT verify peer certificate
LogInit:  - bUseHttpProxy = false  - Libcurl will NOT use HTTP proxy
LogInit:  - bDontReuseConnections = false  - Libcurl will reuse connections
LogInit:  - CertBundlePath = nullptr  - Libcurl will use whatever was configured at build time.
LogInit: Build: ++UE4+Release-4.17-CL-3586342
LogInit: Engine Version: 4.17.1-3586342+++UE4+Release-4.17
LogInit: Compatible Engine Version: 4.17.0-3573198+++UE4+Release-4.17
LogInit: Net CL: 3573198
LogDevObjectVersion: Number of dev versions registered: 16
LogDevObjectVersion:   Dev-Blueprints (B0D832E4-1F89-4F0D-ACCF-7EB736FD4AA2): 10
LogDevObjectVersion:   Dev-Build (E1C64328-A22C-4D53-A36C-8E866417BD8C): 0
LogDevObjectVersion:   Dev-Core (375EC13C-06E4-48FB-B500-84F0262A717E): 2
LogDevObjectVersion:   Dev-Editor (E4B068ED-F494-42E9-A231-DA0B2E46BB41): 20
LogDevObjectVersion:   Dev-Framework (CFFC743F-43B0-4480-9391-14DF171D2073): 28
LogDevObjectVersion:   Dev-Mobile (B02B49B5-BB20-44E9-A304-32B752E40360): 0
LogDevObjectVersion:   Dev-Networking (A4E4105C-59A1-49B5-A7C5-40C4547EDFEE): 0
LogDevObjectVersion:   Dev-Online (39C831C9-5AE6-47DC-9A44-9C173E1C8E7C): 0
LogDevObjectVersion:   Dev-Physics (78F01B33-EBEA-4F98-B9B4-84EACCB95AA2): 0
LogDevObjectVersion:   Dev-Platform (6631380F-2D4D-43E0-8009-CF276956A95A): 0
LogDevObjectVersion:   Dev-Rendering (12F88B9F-8875-4AFC-A67C-D90C383ABD29): 19
LogDevObjectVersion:   Dev-Sequencer (7B5AE74C-D270-4C10-A958-57980B212A5A): 4
LogDevObjectVersion:   Dev-VR (D7296918-1DD6-4BDD-9DE2-64A83CC13884): 0
LogDevObjectVersion:   Dev-LoadTimes (C2A15278-BFE7-4AFE-6C17-90FF531DF755): 1
LogDevObjectVersion:   Private-Geometry (6EACA3D4-40EC-4CC1-B786-8BED09428FC5): 1
LogDevObjectVersion:   Dev-AnimPhys (29E575DD-E0A3-4627-9D10-D276232CDCEA): 7
LogInit: Compiled (64-bit): Aug 15 2017 02:05:26
LogInit: Compiled with Visual C++: 19.00.24215.01
LogInit: Build Configuration: Development
LogInit: Branch Name: ++UE4+Release-4.17
LogInit: Command line: 
LogInit: Base directory: C:/Program Files/Epic Games/UE_4.17/Engine/Binaries/Win64/
LogInit: Installed Engine Build: 1
LogInit: Presizing for max 8388607 objects, including 0 objects not considered by GC, pre-allocating 0 bytes for permanent pool.
LogInit: Object subsystem initialized
[2017.09.13-10.54.04:368][  0]LogInit: Selected Device Profile: [Windows]
[2017.09.13-10.54.04:368][  0]LogInit: Applying CVar settings loaded from the selected device profile: [Windows]
[2017.09.13-10.54.04:379][  0]LogInit: Computer: ADMIN-PC
[2017.09.13-10.54.04:380][  0]LogInit: User: Admin
[2017.09.13-10.54.04:380][  0]LogInit: CPU Page size=4096, Cores=2
[2017.09.13-10.54.04:380][  0]LogInit: High frequency timer resolution =3.020527 MHz
[2017.09.13-10.54.04:380][  0]LogMemory: Memory total: Physical=8.0GB (8GB approx)
[2017.09.13-10.54.04:380][  0]LogMemory: Platform Memory Stats for Windows
[2017.09.13-10.54.04:380][  0]LogMemory: Process Physical Memory: 278.10 MB used, 278.10 MB peak
[2017.09.13-10.54.04:380][  0]LogMemory: Process Virtual Memory: 278.39 MB used, 278.39 MB peak
[2017.09.13-10.54.04:380][  0]LogMemory: Physical Memory: 5507.18 MB used,  2668.13 MB free, 8175.30 MB total
[2017.09.13-10.54.04:380][  0]LogMemory: Virtual Memory: 654.45 MB used,  2668.13 MB free, 8388608.00 MB total
[2017.09.13-10.54.04:734][  0]LogInit: Using OS detected language (it-IT).
[2017.09.13-10.54.04:734][  0]LogInit: Using OS detected locale (it-IT).
[2017.09.13-10.54.04:739][  0]LogTextLocalizationManager: No localization for 'it-IT' exists, so 'en' will be used for the language.
[2017.09.13-10.54.04:739][  0]LogTextLocalizationManager: No localization for 'it-IT' exists, so 'en' will be used for the locale.
[2017.09.13-10.54.05:819][  0]LogD3D11RHI: D3D11 adapters:
[2017.09.13-10.54.06:999][  0]LogD3D11RHI:    0. 'NVIDIA GeForce GTX 960' (Feature Level 11_0)
[2017.09.13-10.54.06:999][  0]LogD3D11RHI:       1969/0/3831 MB DedicatedVideo/DedicatedSystem/SharedSystem, Outputs:1, VendorId:0x10de
[2017.09.13-10.54.06:999][  0]LogD3D11RHI: Chosen D3D11 Adapter: 0
[2017.09.13-10.54.07:007][  0]LogD3D11RHI: Creating new Direct3DDevice
[2017.09.13-10.54.07:007][  0]LogD3D11RHI:     GPU DeviceId: 0x1401 (for the marketing name, search the web for "GPU Device Id")
[2017.09.13-10.54.07:008][  0]LogWindows: EnumDisplayDevices:
[2017.09.13-10.54.07:008][  0]LogWindows:    0. 'NVIDIA GeForce GTX 960' (P:1 D:1)
[2017.09.13-10.54.07:008][  0]LogWindows:    1. 'NVIDIA GeForce GTX 960' (P:0 D:0)
[2017.09.13-10.54.07:009][  0]LogWindows:    2. 'NVIDIA GeForce GTX 960' (P:0 D:0)
[2017.09.13-10.54.07:009][  0]LogWindows:    3. 'NVIDIA GeForce GTX 960' (P:0 D:0)
[2017.09.13-10.54.07:010][  0]LogWindows:    4. 'RDPDD Chained DD' (P:0 D:0)
[2017.09.13-10.54.07:010][  0]LogWindows:    5. 'RDP Encoder Mirror Driver' (P:0 D:0)
[2017.09.13-10.54.07:010][  0]LogWindows:    6. 'RDP Reflector Display Driver' (P:0 D:0)
[2017.09.13-10.54.07:011][  0]LogWindows: DebugString: GetVideoDriverDetailsInvalid PrimaryIsNotTheChoosenAdapter GetVideoDriverDetailsInvalid PrimaryIsNotTheChoosenAdapter GetVideoDriverDetailsInvalid PrimaryIsNotTheChoosenAdapter FoundDriverCount:4 
[2017.09.13-10.54.07:011][  0]LogD3D11RHI:     Adapter Name: NVIDIA GeForce GTX 960
[2017.09.13-10.54.07:011][  0]LogD3D11RHI:   Driver Version: 384.76 (internal:22.21.13.8476, unified:384.76)
[2017.09.13-10.54.07:011][  0]LogD3D11RHI:      Driver Date: 6-27-2017
[2017.09.13-10.54.07:011][  0]LogRHI: Texture pool is 1361 MB (70% of 1945 MB)
[2017.09.13-10.54.08:321][  0]LogD3D11RHI: Async texture creation enabled
[2017.09.13-10.54.08:355][  0]LogD3D11RHI: GPU Timing Frequency: 1000.000000 (Debug: 2 2)
[2017.09.13-10.54.08:357][  0]LogShaderCompilers: Guid format shader working directory is -41 characters bigger than the processId version (../../../../../../Users/Admin/Documents/Repositories/ScripterWorkshop/ScripterWorkshop/Intermediate/Shaders/WorkingDirectory/10812/).
[2017.09.13-10.54.08:357][  0]LogShaderCompilers: Cleaned the shader compiler working directory 'C:/Users/Admin/AppData/Local/Temp/UnrealShaderWorkingDir/44833E9340E33010244CA7A71323C664/'.
[2017.09.13-10.54.08:357][  0]LogShaderCompilers: Display: Using Local Shader Compiler.
[2017.09.13-10.54.10:412][  0]LogTemp: Display: Loaded TP AllDesktopTargetPlatform
[2017.09.13-10.54.10:543][  0]LogTemp: Display: Loaded TP MacClientTargetPlatform
[2017.09.13-10.54.10:671][  0]LogTemp: Display: Loaded TP MacNoEditorTargetPlatform
[2017.09.13-10.54.10:821][  0]LogTemp: Display: Loaded TP MacServerTargetPlatform
[2017.09.13-10.54.10:927][  0]LogTemp: Display: Loaded TP MacTargetPlatform
[2017.09.13-10.54.11:014][  0]LogTemp: Display: Loaded TP WindowsClientTargetPlatform
[2017.09.13-10.54.11:103][  0]LogTemp: Display: Loaded TP WindowsNoEditorTargetPlatform
[2017.09.13-10.54.11:191][  0]LogTemp: Display: Loaded TP WindowsServerTargetPlatform
[2017.09.13-10.54.11:275][  0]LogTemp: Display: Loaded TP WindowsTargetPlatform
[2017.09.13-10.54.11:372][  0]LogTemp: Display: Loaded TP AndroidTargetPlatform
[2017.09.13-10.54.11:463][  0]LogTemp: Display: Loaded TP Android_ASTCTargetPlatform
[2017.09.13-10.54.11:554][  0]LogTemp: Display: Loaded TP Android_ATCTargetPlatform
[2017.09.13-10.54.11:640][  0]LogTemp: Display: Loaded TP Android_DXTTargetPlatform
[2017.09.13-10.54.11:736][  0]LogTemp: Display: Loaded TP Android_ETC1TargetPlatform
[2017.09.13-10.54.11:822][  0]LogTemp: Display: Loaded TP Android_ETC2TargetPlatform
[2017.09.13-10.54.12:022][  0]LogTemp: Display: Loaded TP Android_MultiTargetPlatform
[2017.09.13-10.54.12:022][  0]LogTemp: Display: Loaded TP Android_PVRTCTargetPlatform
[2017.09.13-10.54.12:107][  0]LogTemp: Display: Loaded TP HTML5TargetPlatform
[2017.09.13-10.54.12:249][  0]LogTemp: Display: Loaded TP IOSTargetPlatform
[2017.09.13-10.54.12:296][  0]LogTemp: Display: Loaded TP TVOSTargetPlatform
[2017.09.13-10.54.12:382][  0]LogTemp: Display: Loaded TP LinuxClientTargetPlatform
[2017.09.13-10.54.12:469][  0]LogTemp: Display: Loaded TP LinuxNoEditorTargetPlatform
[2017.09.13-10.54.12:556][  0]LogTemp: Display: Loaded TP LinuxServerTargetPlatform
[2017.09.13-10.54.12:657][  0]LogTemp: Display: Loaded TP LinuxTargetPlatform
[2017.09.13-10.54.12:657][  0]LogTargetPlatformManager: Display: Building Assets For Windows
[2017.09.13-10.54.13:498][  0]LogDerivedDataCache: Display: Max Cache Size: 512 MB
[2017.09.13-10.54.13:635][  0]LogDerivedDataCache: Loaded boot cache 0.14s 93MB C:/Users/Admin/AppData/Local/UnrealEngine/4.17/DerivedDataCache/Boot.ddc.
[2017.09.13-10.54.13:635][  0]LogDerivedDataCache: Display: Loaded Boot cache: C:/Users/Admin/AppData/Local/UnrealEngine/4.17/DerivedDataCache/Boot.ddc
[2017.09.13-10.54.13:635][  0]LogDerivedDataCache: FDerivedDataBackendGraph:  Pak pak cache file ../../../../../../Users/Admin/Documents/Repositories/ScripterWorkshop/ScripterWorkshop/DerivedDataCache/DDC.ddp not found, will not use a pak cache.
[2017.09.13-10.54.13:635][  0]LogDerivedDataCache: Unable to find inner node Pak for hierarchical cache Hierarchy.
[2017.09.13-10.54.13:635][  0]LogDerivedDataCache: FDerivedDataBackendGraph:  CompressedPak pak cache file ../../../../../../Users/Admin/Documents/Repositories/ScripterWorkshop/ScripterWorkshop/DerivedDataCache/Compressed.ddp not found, will not use a pak cache.
[2017.09.13-10.54.13:635][  0]LogDerivedDataCache: Unable to find inner node CompressedPak for hierarchical cache Hierarchy.
[2017.09.13-10.54.13:660][  0]LogDerivedDataCache: Display: Pak cache opened for reading ../../../Engine/DerivedDataCache/Compressed.ddp.
[2017.09.13-10.54.13:672][  0]LogDerivedDataCache: Using Local data cache path C:/Users/Admin/AppData/Local/UnrealEngine/Common/DerivedDataCache: Writable
[2017.09.13-10.54.13:688][  0]LogMaterial: Verifying Global Shaders for PCD3D_SM5
[2017.09.13-10.54.13:689][  0]LogSlate: Using Freetype 2.6.0
[2017.09.13-10.54.13:690][  0]LogSlate: SlateFontCache - WITH_FREETYPE: 1, WITH_HARFBUZZ: 1
[2017.09.13-10.54.13:690][  0]LogSlate: SlateFontCache - WITH_FREETYPE: 1, WITH_HARFBUZZ: 1
[2017.09.13-10.54.14:086][  0]LogAssetRegistry: FAssetRegistry took 0.0278 seconds to start up
[2017.09.13-10.54.14:366][  0]LogInit: Selected Device Profile: [Windows]
[2017.09.13-10.54.14:372][  0]LogContentStreaming: Texture pool size is 0.00 MB
[2017.09.13-10.54.15:052][  0]LogSimplygon: Simplygon DLL not present - disabling.
[2017.09.13-10.54.15:123][  0]LogMeshReduction: Using SimplygonSwarm for distributed automatic mesh merging
[2017.09.13-10.54.15:123][  0]LogMeshReduction: Using QuadricMeshReduction for automatic static mesh reduction
[2017.09.13-10.54.15:123][  0]LogMeshReduction: No automatic skeletal mesh reduction module available
[2017.09.13-10.54.15:123][  0]LogMeshReduction: No automatic mesh merging module available
[2017.09.13-10.54.15:124][  0]LogMeshMerging: No automatic mesh merging module available
[2017.09.13-10.54.15:609][  0]LogNetVersion: ScripterWorkshop , NetCL: 3573198, EngineNetVer: 2, GameNetVer: 0 (Checksum: 3244171880)
[2017.09.13-10.54.15:910][  0]LogPackageLocalizationCache: Processed 5 localized package path(s) for 1 prioritized culture(s) in 0.027959 seconds
[2017.09.13-10.54.15:921][  0]LogUObjectArray: 35825 objects as part of root set at end of initial load.
[2017.09.13-10.54.15:921][  0]LogUObjectAllocator: 7529112 out of 0 bytes used by permanent object pool.
[2017.09.13-10.54.15:921][  0]LogUObjectArray: CloseDisregardForGC: 0/0 objects in disregard for GC pool
[2017.09.13-10.54.16:032][  0]LogInit: WinSock: version 1.1 (2.2), MaxSocks=32767, MaxUdp=65467
[2017.09.13-10.54.20:067][  0]LogTcpMessaging: Initializing TcpMessaging bridge
[2017.09.13-10.54.20:120][  0]LogUdpMessaging: Initializing bridge on interface 0.0.0.0:0 to multicast group 230.0.0.1:6666.
[2017.09.13-10.54.21:501][  0]LogMaterial: Uniform references updated for custom material expression Custom.
[2017.09.13-10.54.22:200][  0]SourceControl: Source control is disabled
[2017.09.13-10.54.22:200][  0]SourceControl: Source control is disabled
[2017.09.13-10.54.22:284][  0]SourceControl: Source control is disabled
[2017.09.13-10.54.22:367][  0]SourceControl: Source control is disabled
[2017.09.13-10.54.23:382][  0]LogAndroidPermission: UAndroidPermissionCallbackProxy::GetInstance
[2017.09.13-10.54.23:805][  0]LogOcInput: OculusInput pre-init called
[2017.09.13-10.54.24:336][  0]LogEngine: Initializing Engine...
[2017.09.13-10.54.24:338][  0]LogHMD: Failed to initialize OpenVR with code 110
[2017.09.13-10.54.24:659][  0]LogStats: UGameplayTagsManager::ConstructGameplayTagTree: Construct from data asset -  0.000 s
[2017.09.13-10.54.24:659][  0]LogStats: UGameplayTagsManager::ConstructGameplayTagTree: GameplayTagTreeChangedEvent.Broadcast -  0.000 s
[2017.09.13-10.54.24:891][  0]LogAIModule: Creating AISystem for world Untitled
[2017.09.13-10.54.24:909][  0]LogInit: XAudio2 using 'Altoparlanti (Realtek High Definition Audio)' : 2 channels at 48 kHz using 32 bits per sample (channel mask 0x3)
[2017.09.13-10.54.24:925][  0]LogInit: FAudioDevice initialized.
[2017.09.13-10.54.25:136][  0]LogDerivedDataCache: Saved boot cache 0.21s 93MB C:/Users/Admin/AppData/Local/UnrealEngine/4.17/DerivedDataCache/Boot.ddc.
[2017.09.13-10.54.25:150][  0]LogInit: Texture streaming: Enabled
[2017.09.13-10.54.25:333][  0]LogEngineSessionManager: EngineSessionManager initialized
[2017.09.13-10.54.25:333][  0]LogEngineSessionManager: EngineSessionManager sent abnormal shutdown report. Type=Crashed, SessionId={F9B5FD60-493B-DE08-0330-D6AB8AD43FFE}
[2017.09.13-10.54.25:797][  0]LogInit: Transaction tracking system initialized
[2017.09.13-10.54.26:365][  0]BlueprintLog: New page: Editor Load
[2017.09.13-10.54.28:162][  0]LocalizationService: Localization service is disabled
[2017.09.13-10.54.29:729][  0]LogConsoleResponse: Display: 
[2017.09.13-10.54.30:025][  0]LogCook: Display: Max memory allowance for cook 16384mb min free memory 0mb
[2017.09.13-10.54.30:025][  0]LogCook: Display: Mobile HDR setting 1
[2017.09.13-10.54.30:025][  0]LogGameplayTags: Display: UGameplayTagsManager::DoneAddingNativeTags. DelegateIsBound: 0
[2017.09.13-10.54.30:478][  0]LogFileCache: Scanning file cache for directory 'C:/Users/Admin/Documents/Repositories/ScripterWorkshop/ScripterWorkshop/Content/' took 0.02s
[2017.09.13-10.54.31:890][  0]SourceControl: Source control is disabled
[2017.09.13-10.54.31:891][  0]Cmd: MAP LOAD FILE="../../../../../../Users/Admin/Documents/Repositories/ScripterWorkshop/ScripterWorkshop/Content/ScripterWorkshop.umap" TEMPLATE=0 SHOWPROGRESS=1 FEATURELEVEL=3
[2017.09.13-10.54.31:891][  0]LightingResults: New page: Lighting Build
[2017.09.13-10.54.31:964][  0]MapCheck: New page: Map Check
[2017.09.13-10.54.31:964][  0]LightingResults: New page: Lighting Build
[2017.09.13-10.54.32:357][  0]LogAIModule: Creating AISystem for world ScripterWorkshop
[2017.09.13-10.54.32:370][  0]LogEditorServer: Finished looking for orphan Actors (0.000 secs)
[2017.09.13-10.54.32:396][  0]Cmd: MAP CHECKDEP NOCLEARLOG
[2017.09.13-10.54.32:513][  0]MapCheck: Map check complete: 0 Error(s), 0 Warning(s), took 117.187ms to complete.
[2017.09.13-10.54.32:513][  0]LogFileHelpers: Loading map 'ScripterWorkshop' took 0.623
[2017.09.13-10.54.32:842][  0]LogCollectionManager: Loaded 0 collections in 0.001608 seconds
[2017.09.13-10.54.32:955][  0]LogFileCache: Scanning file cache for directory 'C:/Users/Admin/Documents/Repositories/ScripterWorkshop/ScripterWorkshop/Saved/Collections/' took 0.01s
[2017.09.13-10.54.32:955][  0]LogFileCache: Scanning file cache for directory 'C:/Users/Admin/Documents/Repositories/ScripterWorkshop/ScripterWorkshop/Content/Developers/Admin/Collections/' took 0.01s
[2017.09.13-10.54.32:955][  0]LogFileCache: Scanning file cache for directory 'C:/Users/Admin/Documents/Repositories/ScripterWorkshop/ScripterWorkshop/Content/Collections/' took 0.01s
[2017.09.13-10.54.32:955][  0]LogCollectionManager: Rebuilt the GUID cache for 0 collections in 0.000001 seconds
[2017.09.13-10.54.32:969][  0]LogContentBrowser: Native class hierarchy populated in 0.0132 seconds. Added 2393 classes and 504 folders.
[2017.09.13-10.54.33:081][  0]LogContentBrowser: Native class hierarchy updated for 'WidgetCarousel' in 0.0025 seconds. Added 0 classes and 0 folders.
[2017.09.13-10.54.33:135][  0]LogContentBrowser: Native class hierarchy updated for 'AddContentDialog' in 0.0029 seconds. Added 0 classes and 0 folders.
[2017.09.13-10.54.33:144][  0]LogSlate: Took 0.000262 seconds to synchronously load lazily loaded font '../../../Engine/Content/Slate/Fonts/Roboto-Regular.ttf' (155K)
[2017.09.13-10.54.33:152][  0]LogSlate: Took 0.000321 seconds to synchronously load lazily loaded font '../../../Engine/Content/Slate/Fonts/Roboto-Bold.ttf' (160K)
[2017.09.13-10.54.33:160][  0]LogSlate: Took 0.000295 seconds to synchronously load lazily loaded font '../../../Engine/Content/Editor/Slate/Fonts/FontAwesome.ttf' (139K)
[2017.09.13-10.54.33:161][  0]LogSlate: Took 0.000179 seconds to synchronously load lazily loaded font '../../../Engine/Content/Editor/Slate/Fonts/DroidSansMono.ttf' (77K)
[2017.09.13-10.54.33:331][  0]LogRenderer: Reallocating scene render targets to support 832x588 Format 10 NumSamples 1 (Frame:1).
[2017.09.13-10.54.33:646][  0]LogContentBrowser: Native class hierarchy updated for 'HierarchicalLODOutliner' in 0.0029 seconds. Added 1 classes and 2 folders.
[2017.09.13-10.54.33:647][  0]LogLoad: (Engine Initialization) Total time: 32.68 seconds
[2017.09.13-10.54.33:647][  0]LogLoad: (Engine Initialization) Total Blueprint compile time: 0.00 seconds
[2017.09.13-10.54.33:647][  0]LogExternalProfiler: Found external profiler: VSPerf
[2017.09.13-10.54.33:647][  0]LogExternalProfiler: Using external profiler: VSPerf
[2017.09.13-10.54.34:005][  0]LogContentStreaming: Texture pool size now 1000 MB
[2017.09.13-10.54.34:334][  1]LogAssetRegistry: Asset discovery search completed in 20.2702 seconds
[2017.09.13-10.54.34:337][  1]LogCollectionManager: Rebuilt the object cache for 0 collections in 0.000001 seconds (found 0 objects)
[2017.09.13-10.54.34:338][  1]LogCollectionManager: Fixed up redirectors for 0 collections in 0.000474 seconds (updated 0 objects)
[2017.09.13-10.54.44:130][172]LogTemp: Repeating last play command: Selected Viewport
[2017.09.13-10.54.44:188][172]LogPlayLevel: PlayLevel: No blueprints needed recompiling
[2017.09.13-10.54.44:189][172]PIE: New page: PIE session: ScripterWorkshop (Sep 13, 2017, 2:54:44 PM)
[2017.09.13-10.54.44:189][172]LogPlayLevel: Creating play world package: /Game/UEDPIE_0_ScripterWorkshop
[2017.09.13-10.54.44:194][172]LogPlayLevel: PIE: StaticDuplicateObject took: (0.004655s)
[2017.09.13-10.54.44:197][172]LogAIModule: Creating AISystem for world ScripterWorkshop
[2017.09.13-10.54.44:197][172]LogPlayLevel: PIE: World Init took: (0.002663s)
[2017.09.13-10.54.44:197][172]LogPlayLevel: PIE: Created PIE world by copying editor world from /Game/ScripterWorkshop.ScripterWorkshop to /Game/UEDPIE_0_ScripterWorkshop.ScripterWorkshop (0.008100s)
[2017.09.13-10.54.44:226][172]LogInit: XAudio2 using 'Altoparlanti (Realtek High Definition Audio)' : 2 channels at 48 kHz using 32 bits per sample (channel mask 0x3)
[2017.09.13-10.54.44:246][172]LogInit: FAudioDevice initialized.
[2017.09.13-10.54.44:324][172]LogLoad: Game class is 'BasicFirstPerson_C'
[2017.09.13-10.54.44:326][172]LogWorld: Bringing World /Game/UEDPIE_0_ScripterWorkshop.ScripterWorkshop up for play (max tick rate 0) at 2017.09.13-12.54.44
[2017.09.13-10.54.44:327][172]LogWorld: Bringing up level for play took: 0.001776
[2017.09.13-10.54.44:414][172]LogContentBrowser: Native class hierarchy updated for 'MovieSceneCapture' in 0.0026 seconds. Added 11 classes and 0 folders.
[2017.09.13-10.54.44:417][172]PIE: Play in editor start time for /Game/UEDPIE_0_ScripterWorkshop 0.124
[2017.09.13-10.54.47:553][497]LogTemp: Warning: Detected collision with SM_Chair_2
[2017.09.13-10.54.47:553][497]LogTemp: Error: ERROR: No SwitchableMaterialsComponent found on SM_Chair_2
[2017.09.13-10.54.48:069][558]LogTemp: Warning: Detected collision with SM_Chair_2
[2017.09.13-10.54.48:069][558]LogTemp: Error: ERROR: No SwitchableMaterialsComponent found on SM_Chair_2
[2017.09.13-10.54.48:296][585]LogTemp: Warning: Detected collision with SM_Chair_2
[2017.09.13-10.54.48:296][585]LogTemp: Error: ERROR: No SwitchableMaterialsComponent found on SM_Chair_2
[2017.09.13-10.55.32:366][212]Candidate modules for hot reload:
[2017.09.13-10.55.32:366][212]  ScripterWorkshop
[2017.09.13-10.55.32:366][212]Launching UnrealBuildTool... [C:/Program Files/Epic Games/UE_4.17/Engine/Binaries/DotNET/UnrealBuildTool.exe ScripterWorkshop -ModuleWithSuffix ScripterWorkshop 9476 Win64 Development -editorrecompile -canskiplink "C:/Users/Admin/Documents/Repositories/ScripterWorkshop/ScripterWorkshop/ScripterWorkshop.uproject" ]
[2017.09.13-10.55.32:369][212]Warning: Starting HotReload took  0.0s.
[2017.09.13-10.57.59:423][866]CompilerResultsLog: New page: Compilation - Sep 13, 2017, 2:57:59 PM
[2017.09.13-10.57.59:424][866]CompilerResultsLog: Compiling game modules for hot reload
[2017.09.13-10.57.59:424][866]CompilerResultsLog: Parsing headers for ScripterWorkshopEditor
[2017.09.13-10.57.59:424][866]CompilerResultsLog:   Running UnrealHeaderTool "C:\Users\Admin\Documents\Repositories\ScripterWorkshop\ScripterWorkshop\ScripterWorkshop.uproject" "C:\Users\Admin\Documents\Repositories\ScripterWorkshop\ScripterWorkshop\Intermediate\Build\Win64\ScripterWorkshopEditor\Development\ScripterWorkshopEditor.uhtmanifest" -LogCmds="loginit warning, logexit warning, logdatabase error" -Unattended -WarningsAsErrors -installed
[2017.09.13-10.57.59:424][866]CompilerResultsLog: Reflection code generated for ScripterWorkshopEditor in 14,5876236 seconds
[2017.09.13-10.57.59:425][866]CompilerResultsLog: Performing 3 actions (2 in parallel)
[2017.09.13-10.57.59:425][866]CompilerResultsLog: MaterialSwitcher.cpp
[2017.09.13-10.57.59:425][866]CompilerResultsLog: [2/3] Link UE4Editor-ScripterWorkshop-9476.dll
[2017.09.13-10.57.59:425][866]CompilerResultsLog: [3/3] Link UE4Editor-ScripterWorkshop-9476.lib
[2017.09.13-10.57.59:426][866]CompilerResultsLog:    Creazione della libreria C:\Users\Admin\Documents\Repositories\ScripterWorkshop\ScripterWorkshop\Intermediate\Build\Win64\UE4Editor\Development\UE4Editor-ScripterWorkshop-9476.lib e dell'oggetto C:\Users\Admin\Documents\Repositories\ScripterWorkshop\ScripterWorkshop\Intermediate\Build\Win64\UE4Editor\Development\UE4Editor-ScripterWorkshop-9476.exp
[2017.09.13-10.57.59:426][866]CompilerResultsLog:    Creazione della libreria C:\Users\Admin\Documents\Repositories\ScripterWorkshop\ScripterWorkshop\Intermediate\Build\Win64\UE4Editor\Development\UE4Editor-ScripterWorkshop-9476.suppressed.lib e dell'oggetto C:\Users\Admin\Documents\Repositories\ScripterWorkshop\ScripterWorkshop\Intermediate\Build\Win64\UE4Editor\Development\UE4Editor-ScripterWorkshop-9476.suppressed.exp
[2017.09.13-10.57.59:427][866]CompilerResultsLog: Total build time: 146,47 seconds (Local executor: 121,14 seconds)
[2017.09.13-10.57.59:427][866]LogMainFrame: MainFrame: Module compiling took 147.067 seconds
[2017.09.13-10.57.59:582][866]LogContentBrowser: Native class hierarchy updated for 'ScripterWorkshop' in 0.0028 seconds. Added 6 classes and 2 folders.
[2017.09.13-10.57.59:584][866]Display: HotReload successful (1 functions remapped  0 scriptstructs remapped)
[2017.09.13-10.57.59:763][866]LogContentBrowser: Native class hierarchy populated in 0.0140 seconds. Added 2394 classes and 506 folders.
[2017.09.13-10.57.59:830][866]Display: HotReload took 147.5s.
[2017.09.13-11.45.21:101][390]LogHttp: Warning: 00000000616E0880: request failed, libcurl error: 6 (Couldn't resolve host name)
[2017.09.13-11.45.21:102][390]LogHttp: Warning: 00000000616E0880: libcurl info message cache 0 (Found bundle for host datarouter.ol.epicgames.com: 0x3cce7fe8 [can pipeline])
[2017.09.13-11.45.21:102][390]LogHttp: Warning: 00000000616E0880: libcurl info message cache 1 (Re-using existing connection! (#6) with host datarouter.ol.epicgames.com)
[2017.09.13-11.45.21:102][390]LogHttp: Warning: 00000000616E0880: libcurl info message cache 2 (Connected to datarouter.ol.epicgames.com (52.70.206.117) port 443 (#6))
[2017.09.13-11.45.21:103][390]LogHttp: Warning: 00000000616E0880: libcurl info message cache 3 (upload completely sent off: 718 out of 718 bytes)
[2017.09.13-11.45.21:103][390]LogHttp: Warning: 00000000616E0880: libcurl info message cache 4 (SSL read: error:00000000:lib(0):func(0):reason(0), errno 10054)
[2017.09.13-11.45.21:104][390]LogHttp: Warning: 00000000616E0880: libcurl info message cache 5 (Connection died, retrying a fresh connect)
[2017.09.13-11.45.21:104][390]LogHttp: Warning: 00000000616E0880: libcurl info message cache 6 (Closing connection 6)
[2017.09.13-11.45.21:104][390]LogHttp: Warning: 00000000616E0880: libcurl info message cache 7 (Issue another request to this URL: 'https://datarouter.ol.epicgames.com/datarouter/api/v1/public/data?SessionID=%7BBE012113-4EDC-BE8E-E187-80ADA83F7E81%7D&AppID=UEEditor.Rocket.Release&AppVersion=4.17.1-3586342%2B%2B%2BUE4%2BRelease-4.17&UserID=e596fd8543d8b022c6c53ab13e8a51b7%7C2bdd1138e9c84a049480766a9822828c%7C2095de21-1a6e-4602-8a10-60df676f333c&AppEnvironment=datacollector-binary&UploadType=eteventstream')
[2017.09.13-11.45.21:105][390]LogHttp: Warning: 00000000616E0880: libcurl info message cache 8 (Could not resolve host: datarouter.ol.epicgames.com)
[2017.09.13-11.45.21:105][390]LogHttp: Warning: 00000000616E0880: libcurl info message cache 9 (Closing connection 7)
[2017.09.13-12.01.15:169][327]LogTemp: Repeating last play command: Selected Viewport
[2017.09.13-12.01.15:188][327]LogPlayLevel: PlayLevel: No blueprints needed recompiling
[2017.09.13-12.01.15:189][327]PIE: New page: PIE session: ScripterWorkshop (Sep 13, 2017, 4:01:15 PM)
[2017.09.13-12.01.15:189][327]LogPlayLevel: Creating play world package: /Game/UEDPIE_0_ScripterWorkshop
[2017.09.13-12.01.15:194][327]LogPlayLevel: PIE: StaticDuplicateObject took: (0.004550s)
[2017.09.13-12.01.15:195][327]LogAIModule: Creating AISystem for world ScripterWorkshop
[2017.09.13-12.01.15:196][327]LogPlayLevel: PIE: World Init took: (0.001729s)
[2017.09.13-12.01.15:196][327]LogPlayLevel: PIE: Created PIE world by copying editor world from /Game/ScripterWorkshop.ScripterWorkshop to /Game/UEDPIE_0_ScripterWorkshop.ScripterWorkshop (0.007304s)
[2017.09.13-12.01.15:231][327]LogInit: XAudio2 using 'Altoparlanti (Realtek High Definition Audio)' : 2 channels at 48 kHz using 32 bits per sample (channel mask 0x3)
[2017.09.13-12.01.15:250][327]LogInit: FAudioDevice initialized.
[2017.09.13-12.01.15:297][327]LogLoad: Game class is 'BasicFirstPerson_C'
[2017.09.13-12.01.15:300][327]LogWorld: Bringing World /Game/UEDPIE_0_ScripterWorkshop.ScripterWorkshop up for play (max tick rate 0) at 2017.09.13-14.01.15
[2017.09.13-12.01.15:301][327]LogWorld: Bringing up level for play took: 0.002464
[2017.09.13-12.01.15:304][327]PIE: Play in editor start time for /Game/UEDPIE_0_ScripterWorkshop 0.952
[2017.09.13-12.01.18:336][666]LogTemp: Warning: Detected collision with SM_MatPreviewMesh_02_2
[2017.09.13-12.01.18:337][666]LogTemp: Warning: SwitchableMaterials component found in SM_MatPreviewMesh_02_2
[2017.09.13-12.01.19:713][823]LogTemp: Warning: Detected collision with SM_Chair_2
[2017.09.13-12.01.19:714][823]LogTemp: Error: ERROR: No SwitchableMaterialsComponent found on SM_Chair_2
[2017.09.13-12.02.06:291][329]Candidate modules for hot reload:
[2017.09.13-12.02.06:291][329]  ScripterWorkshop
[2017.09.13-12.02.06:291][329]Launching UnrealBuildTool... [C:/Program Files/Epic Games/UE_4.17/Engine/Binaries/DotNET/UnrealBuildTool.exe ScripterWorkshop -ModuleWithSuffix ScripterWorkshop 2556 Win64 Development -editorrecompile -canskiplink "C:/Users/Admin/Documents/Repositories/ScripterWorkshop/ScripterWorkshop/ScripterWorkshop.uproject" ]
[2017.09.13-12.02.06:355][329]Warning: Starting HotReload took  0.2s.
[2017.09.13-12.04.46:754][859]CompilerResultsLog: New page: Compilation - Sep 13, 2017, 4:04:46 PM
[2017.09.13-12.04.46:755][859]CompilerResultsLog: Compiling game modules for hot reload
[2017.09.13-12.04.46:755][859]CompilerResultsLog: Parsing headers for ScripterWorkshopEditor
[2017.09.13-12.04.46:755][859]CompilerResultsLog:   Running UnrealHeaderTool "C:\Users\Admin\Documents\Repositories\ScripterWorkshop\ScripterWorkshop\ScripterWorkshop.uproject" "C:\Users\Admin\Documents\Repositories\ScripterWorkshop\ScripterWorkshop\Intermediate\Build\Win64\ScripterWorkshopEditor\Development\ScripterWorkshopEditor.uhtmanifest" -LogCmds="loginit warning, logexit warning, logdatabase error" -Unattended -WarningsAsErrors -installed
[2017.09.13-12.04.46:756][859]CompilerResultsLog: Reflection code generated for ScripterWorkshopEditor in 14,7144948 seconds
[2017.09.13-12.04.46:756][859]CompilerResultsLog: Performing 3 actions (2 in parallel)
[2017.09.13-12.04.46:756][859]CompilerResultsLog: MaterialSwitcher.cpp
[2017.09.13-12.04.46:756][859]CompilerResultsLog: [2/3] Link UE4Editor-ScripterWorkshop-2556.dll
[2017.09.13-12.04.46:756][859]CompilerResultsLog: [3/3] Link UE4Editor-ScripterWorkshop-2556.lib
[2017.09.13-12.04.46:756][859]CompilerResultsLog:    Creazione della libreria C:\Users\Admin\Documents\Repositories\ScripterWorkshop\ScripterWorkshop\Intermediate\Build\Win64\UE4Editor\Development\UE4Editor-ScripterWorkshop-2556.lib e dell'oggetto C:\Users\Admin\Documents\Repositories\ScripterWorkshop\ScripterWorkshop\Intermediate\Build\Win64\UE4Editor\Development\UE4Editor-ScripterWorkshop-2556.exp
[2017.09.13-12.04.46:757][859]CompilerResultsLog:    Creazione della libreria C:\Users\Admin\Documents\Repositories\ScripterWorkshop\ScripterWorkshop\Intermediate\Build\Win64\UE4Editor\Development\UE4Editor-ScripterWorkshop-2556.suppressed.lib e dell'oggetto C:\Users\Admin\Documents\Repositories\ScripterWorkshop\ScripterWorkshop\Intermediate\Build\Win64\UE4Editor\Development\UE4Editor-ScripterWorkshop-2556.suppressed.exp
[2017.09.13-12.04.46:757][859]CompilerResultsLog: Total build time: 159,07 seconds (Local executor: 83,30 seconds)
[2017.09.13-12.04.46:758][859]LogMainFrame: MainFrame: Module compiling took 160.470 seconds
[2017.09.13-12.04.49:221][859]LogContentBrowser: Native class hierarchy updated for 'ScripterWorkshop' in 0.0027 seconds. Added 6 classes and 2 folders.
[2017.09.13-12.04.49:223][859]Display: HotReload successful (1 functions remapped  0 scriptstructs remapped)
[2017.09.13-12.04.49:291][859]LogContentBrowser: Native class hierarchy populated in 0.0163 seconds. Added 2394 classes and 506 folders.
[2017.09.13-12.04.49:294][859]Display: HotReload took 163.1s.
[2017.09.13-12.04.55:774][986]LogTemp: Repeating last play command: Selected Viewport
[2017.09.13-12.04.55:795][986]LogPlayLevel: PlayLevel: No blueprints needed recompiling
[2017.09.13-12.04.55:796][986]PIE: New page: PIE session: ScripterWorkshop (Sep 13, 2017, 4:04:55 PM)
[2017.09.13-12.04.55:796][986]LogPlayLevel: Creating play world package: /Game/UEDPIE_0_ScripterWorkshop
[2017.09.13-12.04.55:800][986]LogPlayLevel: PIE: StaticDuplicateObject took: (0.003633s)
[2017.09.13-12.04.55:801][986]LogAIModule: Creating AISystem for world ScripterWorkshop
[2017.09.13-12.04.55:802][986]LogPlayLevel: PIE: World Init took: (0.001879s)
[2017.09.13-12.04.55:802][986]LogPlayLevel: PIE: Created PIE world by copying editor world from /Game/ScripterWorkshop.ScripterWorkshop to /Game/UEDPIE_0_ScripterWorkshop.ScripterWorkshop (0.006408s)
[2017.09.13-12.04.55:828][986]LogInit: XAudio2 using 'Altoparlanti (Realtek High Definition Audio)' : 2 channels at 48 kHz using 32 bits per sample (channel mask 0x3)
[2017.09.13-12.04.55:845][986]LogInit: FAudioDevice initialized.
[2017.09.13-12.04.55:879][986]LogLoad: Game class is 'BasicFirstPerson_C'
[2017.09.13-12.04.55:881][986]LogWorld: Bringing World /Game/UEDPIE_0_ScripterWorkshop.ScripterWorkshop up for play (max tick rate 0) at 2017.09.13-14.04.55
[2017.09.13-12.04.55:882][986]LogWorld: Bringing up level for play took: 0.002061
[2017.09.13-12.04.55:885][986]PIE: Play in editor start time for /Game/UEDPIE_0_ScripterWorkshop -0.47
[2017.09.13-12.04.58:394][201]LogTemp: Warning: Detected collision with SM_MatPreviewMesh_02_2
[2017.09.13-12.04.58:394][201]LogTemp: Warning: SwitchableMaterials component found in SM_MatPreviewMesh_02_2
[2017.09.13-12.04.59:438][287]LogTemp: Warning: Detected collision with SM_Chair_2
[2017.09.13-12.04.59:439][287]LogTemp: Error: ERROR: No SwitchableMaterialsComponent found on SM_Chair_2
[2017.09.13-12.05.40:037][680]Candidate modules for hot reload:
[2017.09.13-12.05.40:037][680]  ScripterWorkshop
[2017.09.13-12.05.40:037][680]Launching UnrealBuildTool... [C:/Program Files/Epic Games/UE_4.17/Engine/Binaries/DotNET/UnrealBuildTool.exe ScripterWorkshop -ModuleWithSuffix ScripterWorkshop 3451 Win64 Development -editorrecompile -canskiplink "C:/Users/Admin/Documents/Repositories/ScripterWorkshop/ScripterWorkshop/ScripterWorkshop.uproject" ]
[2017.09.13-12.05.40:040][680]Warning: Starting HotReload took  0.0s.
[2017.09.13-12.07.18:123][ 48]CompilerResultsLog: New page: Compilation - Sep 13, 2017, 4:07:18 PM
[2017.09.13-12.07.18:123][ 48]CompilerResultsLog: Compiling game modules for hot reload
[2017.09.13-12.07.18:124][ 48]CompilerResultsLog: Parsing headers for ScripterWorkshopEditor
[2017.09.13-12.07.18:124][ 48]CompilerResultsLog:   Running UnrealHeaderTool "C:\Users\Admin\Documents\Repositories\ScripterWorkshop\ScripterWorkshop\ScripterWorkshop.uproject" "C:\Users\Admin\Documents\Repositories\ScripterWorkshop\ScripterWorkshop\Intermediate\Build\Win64\ScripterWorkshopEditor\Development\ScripterWorkshopEditor.uhtmanifest" -LogCmds="loginit warning, logexit warning, logdatabase error" -Unattended -WarningsAsErrors -installed
[2017.09.13-12.07.18:125][ 48]CompilerResultsLog: Reflection code generated for ScripterWorkshopEditor in 14,7667751 seconds
[2017.09.13-12.07.18:125][ 48]CompilerResultsLog: Performing 3 actions (2 in parallel)
[2017.09.13-12.07.18:125][ 48]CompilerResultsLog: MaterialSwitcher.cpp
[2017.09.13-12.07.18:125][ 48]CompilerResultsLog: [2/3] Link UE4Editor-ScripterWorkshop-3451.dll
[2017.09.13-12.07.18:126][ 48]CompilerResultsLog: [3/3] Link UE4Editor-ScripterWorkshop-3451.lib
[2017.09.13-12.07.18:126][ 48]CompilerResultsLog:    Creazione della libreria C:\Users\Admin\Documents\Repositories\ScripterWorkshop\ScripterWorkshop\Intermediate\Build\Win64\UE4Editor\Development\UE4Editor-ScripterWorkshop-3451.lib e dell'oggetto C:\Users\Admin\Documents\Repositories\ScripterWorkshop\ScripterWorkshop\Intermediate\Build\Win64\UE4Editor\Development\UE4Editor-ScripterWorkshop-3451.exp
[2017.09.13-12.07.18:126][ 48]CompilerResultsLog:    Creazione della libreria C:\Users\Admin\Documents\Repositories\ScripterWorkshop\ScripterWorkshop\Intermediate\Build\Win64\UE4Editor\Development\UE4Editor-ScripterWorkshop-3451.suppressed.lib e dell'oggetto C:\Users\Admin\Documents\Repositories\ScripterWorkshop\ScripterWorkshop\Intermediate\Build\Win64\UE4Editor\Development\UE4Editor-ScripterWorkshop-3451.suppressed.exp
[2017.09.13-12.07.18:127][ 48]CompilerResultsLog: Total build time: 97,18 seconds (Local executor: 60,68 seconds)
[2017.09.13-12.07.18:127][ 48]LogMainFrame: MainFrame: Module compiling took 98.096 seconds
[2017.09.13-12.07.18:261][ 48]LogContentBrowser: Native class hierarchy updated for 'ScripterWorkshop' in 0.0030 seconds. Added 6 classes and 2 folders.
[2017.09.13-12.07.18:264][ 48]Display: HotReload successful (1 functions remapped  0 scriptstructs remapped)
[2017.09.13-12.07.18:359][ 48]LogContentBrowser: Native class hierarchy populated in 0.0201 seconds. Added 2394 classes and 506 folders.
[2017.09.13-12.07.18:362][ 48]Display: HotReload took 98.4s.
[2017.09.13-12.07.30:344][216]LogTemp: Repeating last play command: Selected Viewport
[2017.09.13-12.07.30:362][216]LogPlayLevel: PlayLevel: No blueprints needed recompiling
[2017.09.13-12.07.30:362][216]PIE: New page: PIE session: ScripterWorkshop (Sep 13, 2017, 4:07:30 PM)
[2017.09.13-12.07.30:362][216]LogPlayLevel: Creating play world package: /Game/UEDPIE_0_ScripterWorkshop
[2017.09.13-12.07.30:367][216]LogPlayLevel: PIE: StaticDuplicateObject took: (0.004754s)
[2017.09.13-12.07.30:369][216]LogAIModule: Creating AISystem for world ScripterWorkshop
[2017.09.13-12.07.30:369][216]LogPlayLevel: PIE: World Init took: (0.001602s)
[2017.09.13-12.07.30:370][216]LogPlayLevel: PIE: Created PIE world by copying editor world from /Game/ScripterWorkshop.ScripterWorkshop to /Game/UEDPIE_0_ScripterWorkshop.ScripterWorkshop (0.007384s)
[2017.09.13-12.07.30:399][216]LogInit: XAudio2 using 'Altoparlanti (Realtek High Definition Audio)' : 2 channels at 48 kHz using 32 bits per sample (channel mask 0x3)
[2017.09.13-12.07.30:420][216]LogInit: FAudioDevice initialized.
[2017.09.13-12.07.30:453][216]LogLoad: Game class is 'BasicFirstPerson_C'
[2017.09.13-12.07.30:455][216]LogWorld: Bringing World /Game/UEDPIE_0_ScripterWorkshop.ScripterWorkshop up for play (max tick rate 0) at 2017.09.13-14.07.30
[2017.09.13-12.07.30:455][216]LogWorld: Bringing up level for play took: 0.001799
[2017.09.13-12.07.30:459][216]PIE: Play in editor start time for /Game/UEDPIE_0_ScripterWorkshop 0.101
[2017.09.13-12.07.55:344][805]LogTemp: Repeating last play command: Selected Viewport
[2017.09.13-12.07.55:367][805]LogPlayLevel: PlayLevel: No blueprints needed recompiling
[2017.09.13-12.07.55:367][805]PIE: New page: PIE session: ScripterWorkshop (Sep 13, 2017, 4:07:55 PM)
[2017.09.13-12.07.55:368][805]LogPlayLevel: Creating play world package: /Game/UEDPIE_0_ScripterWorkshop
[2017.09.13-12.07.55:372][805]LogPlayLevel: PIE: StaticDuplicateObject took: (0.003891s)
[2017.09.13-12.07.55:373][805]LogAIModule: Creating AISystem for world ScripterWorkshop
[2017.09.13-12.07.55:374][805]LogPlayLevel: PIE: World Init took: (0.001769s)
[2017.09.13-12.07.55:374][805]LogPlayLevel: PIE: Created PIE world by copying editor world from /Game/ScripterWorkshop.ScripterWorkshop to /Game/UEDPIE_0_ScripterWorkshop.ScripterWorkshop (0.006713s)
[2017.09.13-12.07.55:406][805]LogInit: XAudio2 using 'Altoparlanti (Realtek High Definition Audio)' : 2 channels at 48 kHz using 32 bits per sample (channel mask 0x3)
[2017.09.13-12.07.55:427][805]LogInit: FAudioDevice initialized.
[2017.09.13-12.07.55:465][805]LogLoad: Game class is 'BasicFirstPerson_C'
[2017.09.13-12.07.55:468][805]LogWorld: Bringing World /Game/UEDPIE_0_ScripterWorkshop.ScripterWorkshop up for play (max tick rate 0) at 2017.09.13-14.07.55
[2017.09.13-12.07.55:469][805]LogWorld: Bringing up level for play took: 0.002436
[2017.09.13-12.07.55:473][805]PIE: Play in editor start time for /Game/UEDPIE_0_ScripterWorkshop -0.885
[2017.09.13-12.29.40:006][992]LogHttp: Warning: 00000000553ED300: request failed, libcurl error: 35 (SSL connect error)
[2017.09.13-12.29.40:006][992]LogHttp: Warning: 00000000553ED300: libcurl info message cache 0 (Found bundle for host datarouter.ol.epicgames.com: 0x3cce7610 [can pipeline])
[2017.09.13-12.29.40:006][992]LogHttp: Warning: 00000000553ED300: libcurl info message cache 1 (Re-using existing connection! (#14) with host datarouter.ol.epicgames.com)
[2017.09.13-12.29.40:006][992]LogHttp: Warning: 00000000553ED300: libcurl info message cache 2 (Connected to datarouter.ol.epicgames.com (52.70.206.117) port 443 (#14))
[2017.09.13-12.29.40:007][992]LogHttp: Warning: 00000000553ED300: libcurl info message cache 3 (upload completely sent off: 365 out of 365 bytes)
[2017.09.13-12.29.40:008][992]LogHttp: Warning: 00000000553ED300: libcurl info message cache 4 (TLSv1.2 (IN), TLS alert, Client hello (1):)
[2017.09.13-12.29.40:008][992]LogHttp: Warning: 00000000553ED300: libcurl info message cache 5 (Connection died, retrying a fresh connect)
[2017.09.13-12.29.40:008][992]LogHttp: Warning: 00000000553ED300: libcurl info message cache 6 (Closing connection 14)
[2017.09.13-12.29.40:008][992]LogHttp: Warning: 00000000553ED300: libcurl info message cache 7 (TLSv1.2 (OUT), TLS alert, Client hello (1):)
[2017.09.13-12.29.40:008][992]LogHttp: Warning: 00000000553ED300: libcurl info message cache 8 (Issue another request to this URL: 'https://datarouter.ol.epicgames.com/datarouter/api/v1/public/data?SessionID=%7BBE012113-4EDC-BE8E-E187-80ADA83F7E81%7D&AppID=UEEditor.Rocket.Release&AppVersion=4.17.1-3586342%2B%2B%2BUE4%2BRelease-4.17&UserID=e596fd8543d8b022c6c53ab13e8a51b7%7C2bdd1138e9c84a049480766a9822828c%7C2095de21-1a6e-4602-8a10-60df676f333c&AppEnvironment=datacollector-binary&UploadType=eteventstream')
[2017.09.13-12.29.40:009][992]LogHttp: Warning: 00000000553ED300: libcurl info message cache 9 (  Trying 107.21.56.155...)
[2017.09.13-12.29.40:009][992]LogHttp: Warning: 00000000553ED300: libcurl info message cache 10 (Connected to datarouter.ol.epicgames.com (107.21.56.155) port 443 (#15))
[2017.09.13-12.29.40:009][992]LogHttp: Warning: 00000000553ED300: libcurl info message cache 11 (ALPN, offering http/1.1)
[2017.09.13-12.29.40:010][992]LogHttp: Warning: 00000000553ED300: libcurl info message cache 12 (Cipher selection: ALL:!EXPORT:!EXPORT40:!EXPORT56:!aNULL:!LOW:!RC4:@STRENGTH)
[2017.09.13-12.29.40:010][992]LogHttp: Warning: 00000000553ED300: libcurl info message cache 13 (SSL re-using session ID)
[2017.09.13-12.29.40:010][992]LogHttp: Warning: 00000000553ED300: libcurl info message cache 14 (TLSv1.2 (OUT), TLS handshake, Client hello (1):)
[2017.09.13-12.29.40:010][992]LogHttp: Warning: 00000000553ED300: libcurl info message cache 15 (TLSv1.2 (IN), TLS handshake, Server hello (2):)
[2017.09.13-12.29.40:010][992]LogHttp: Warning: 00000000553ED300: libcurl info message cache 16 (TLSv1.2 (IN), TLS handshake, Certificate (11):)
[2017.09.13-12.29.40:011][992]LogHttp: Warning: 00000000553ED300: libcurl info message cache 17 (TLSv1.2 (IN), TLS handshake, Server key exchange (12):)
[2017.09.13-12.29.40:011][992]LogHttp: Warning: 00000000553ED300: libcurl info message cache 18 (TLSv1.2 (IN), TLS handshake, Server finished (14):)
[2017.09.13-12.29.40:011][992]LogHttp: Warning: 00000000553ED300: libcurl info message cache 19 (TLSv1.2 (OUT), TLS handshake, Client key exchange (16):)
[2017.09.13-12.29.40:011][992]LogHttp: Warning: 00000000553ED300: libcurl info message cache 20 (TLSv1.2 (OUT), TLS change cipher, Client hello (1):)
[2017.09.13-12.29.40:011][992]LogHttp: Warning: 00000000553ED300: libcurl info message cache 21 (TLSv1.2 (OUT), TLS handshake, Finished (20):)
[2017.09.13-12.29.40:012][992]LogHttp: Warning: 00000000553ED300: libcurl info message cache 22 (Unknown SSL protocol error in connection to datarouter.ol.epicgames.com:443 )
[2017.09.13-12.29.40:012][992]LogHttp: Warning: 00000000553ED300: libcurl info message cache 23 (Closing connection 15)
[2017.09.13-12.42.48:010][855]LogSlate: Took 0.014273 seconds to synchronously load lazily loaded font '../../../Engine/Content/Slate/Fonts/Roboto-Light.ttf' (159K)
[2017.09.13-12.42.50:783][ 41]LogSlate: Took 0.000223 seconds to synchronously load lazily loaded font '../../../Engine/Content/Slate/Fonts/Roboto-Light.ttf' (159K)
[2017.09.13-12.43.20:254][279]LogVSAccessor: Warning: Visual Studio is open but could not be queried - it may be blocked by a modal operation
[2017.09.13-12.43.20:505][280]LogVSAccessor: Warning: Visual Studio is open but could not be queried - it may be blocked by a modal operation
[2017.09.13-12.43.23:928][281]LogVSAccessor: Warning: Visual Studio is open but could not be queried - it may be blocked by a modal operation
[2017.09.13-12.43.26:746][282]LogVSAccessor: Warning: Couldn't set focus on Visual Studio.
[2017.09.13-12.43.26:746][282]LogVSAccessor: Warning: Couldn't access Visual Studio
[2017.09.13-12.43.26:749][282]LogVSAccessor: Warning: Couldn't access module table
[2017.09.13-12.43.26:749][282]LogVSAccessor: Warning: Couldn't access module table
[2017.09.13-12.43.26:750][282]LogVSAccessor: Warning: Couldn't access module table
[2017.09.13-12.43.26:750][282]LogVSAccessor: Warning: Couldn't access module table
[2017.09.13-12.43.26:750][282]LogVSAccessor: Warning: Couldn't access module table
[2017.09.13-12.43.26:750][282]LogVSAccessor: Warning: Couldn't access module table
[2017.09.13-12.43.26:750][282]LogVSAccessor: Warning: Couldn't access module table
[2017.09.13-12.43.26:750][282]LogVSAccessor: Warning: Couldn't access module table
[2017.09.13-12.43.26:751][282]LogVSAccessor: Warning: Couldn't access module table
[2017.09.13-12.43.26:751][282]LogVSAccessor: Warning: Couldn't access module table
[2017.09.13-12.43.26:751][282]LogVSAccessor: Warning: Couldn't access module table
[2017.09.13-12.43.26:751][282]LogVSAccessor: Warning: Couldn't access module table
[2017.09.13-12.43.26:751][282]LogVSAccessor: Warning: Couldn't access module table
[2017.09.13-12.43.26:751][282]LogVSAccessor: Warning: Couldn't access module table
[2017.09.13-12.43.26:751][282]LogVSAccessor: Warning: Couldn't access module table
[2017.09.13-12.43.26:752][282]LogVSAccessor: Warning: Couldn't access module table
[2017.09.13-12.43.26:752][282]LogVSAccessor: Warning: Couldn't access module table
[2017.09.13-12.43.26:752][282]LogVSAccessor: Warning: Couldn't access module table
[2017.09.13-12.43.26:752][282]LogVSAccessor: Warning: Couldn't access module table
[2017.09.13-12.43.26:752][282]LogVSAccessor: Warning: Couldn't access module table
[2017.09.13-12.43.26:752][282]LogVSAccessor: Warning: Couldn't access module table
[2017.09.13-12.43.26:752][282]LogVSAccessor: Warning: Couldn't access module table
[2017.09.13-12.43.26:754][282]LogVSAccessor: Warning: Couldn't access module table
[2017.09.13-12.43.26:755][282]LogVSAccessor: Warning: Couldn't access module table
[2017.09.13-12.43.26:755][282]LogVSAccessor: Warning: Couldn't access module table
[2017.09.13-12.43.26:755][282]LogVSAccessor: Warning: Couldn't access module table
[2017.09.13-12.43.26:779][282]LogVSAccessor: Warning: Couldn't access module table
[2017.09.13-12.43.26:779][282]LogVSAccessor: Warning: Couldn't access module table
[2017.09.13-12.43.26:779][282]LogVSAccessor: Warning: Couldn't access module table
[2017.09.13-12.43.26:779][282]LogVSAccessor: Warning: Couldn't access module table
[2017.09.13-12.43.26:858][282]LogVSAccessor: Warning: Couldn't access module table
[2017.09.13-12.43.26:858][282]LogVSAccessor: Warning: Couldn't access module table
[2017.09.13-12.43.26:858][282]LogVSAccessor: Warning: Couldn't access module table
[2017.09.13-12.43.26:859][282]LogVSAccessor: Warning: Couldn't access module table
[2017.09.13-12.43.26:859][282]LogVSAccessor: Warning: Couldn't access module table
[2017.09.13-12.43.26:859][282]LogVSAccessor: Warning: Couldn't access module table
[2017.09.13-12.43.26:859][282]LogVSAccessor: Warning: Couldn't access module table
[2017.09.13-12.43.26:860][282]LogVSAccessor: Warning: Couldn't access module table
[2017.09.13-12.43.26:860][282]LogVSAccessor: Warning: Couldn't access module table
[2017.09.13-12.43.26:860][282]LogVSAccessor: Warning: Couldn't access module table
[2017.09.13-12.43.26:860][282]LogVSAccessor: Warning: Couldn't access module table
[2017.09.13-12.43.26:860][282]LogVSAccessor: Warning: Couldn't access module table
[2017.09.13-12.43.26:860][282]LogVSAccessor: Warning: Couldn't access module table
[2017.09.13-12.43.26:861][282]LogVSAccessor: Warning: Couldn't access module table
[2017.09.13-12.43.26:861][282]LogVSAccessor: Warning: Couldn't access module table
[2017.09.13-12.43.26:862][282]LogVSAccessor: Warning: Couldn't access module table
[2017.09.13-12.43.26:862][282]LogVSAccessor: Warning: Couldn't access module table
[2017.09.13-12.43.26:862][282]LogVSAccessor: Warning: Couldn't access module table
[2017.09.13-12.43.26:862][282]LogVSAccessor: Warning: Couldn't access module table
[2017.09.13-12.43.26:862][282]LogVSAccessor: Warning: Couldn't access module table
[2017.09.13-12.43.26:862][282]LogVSAccessor: Warning: Couldn't access module table
[2017.09.13-12.43.26:862][282]LogVSAccessor: Warning: Couldn't access module table
[2017.09.13-12.43.26:863][282]LogVSAccessor: Warning: Couldn't access module table
[2017.09.13-12.43.26:863][282]LogVSAccessor: Warning: Couldn't access module table
[2017.09.13-12.43.26:863][282]LogVSAccessor: Warning: Couldn't access module table
[2017.09.13-12.43.26:863][282]LogVSAccessor: Warning: Couldn't access module table
[2017.09.13-12.43.26:863][282]LogVSAccessor: Warning: Couldn't access module table
[2017.09.13-12.43.26:863][282]LogVSAccessor: Warning: Couldn't access module table
[2017.09.13-12.43.26:863][282]LogVSAccessor: Warning: Couldn't access module table
[2017.09.13-12.43.26:864][282]LogVSAccessor: Warning: Couldn't access module table
[2017.09.13-12.43.26:864][282]LogVSAccessor: Warning: Couldn't access module table
[2017.09.13-12.43.26:864][282]LogVSAccessor: Warning: Couldn't access module table
[2017.09.13-12.43.26:864][282]LogVSAccessor: Warning: Couldn't access module table
[2017.09.13-12.43.26:864][282]LogVSAccessor: Warning: Couldn't access module table
[2017.09.13-12.43.26:865][282]LogVSAccessor: Warning: Couldn't access module table
[2017.09.13-12.43.26:865][282]LogVSAccessor: Warning: Couldn't access module table
[2017.09.13-12.43.26:869][282]LogVSAccessor: Warning: Couldn't access module table
[2017.09.13-12.43.26:873][282]LogVSAccessor: Warning: Couldn't access module table
[2017.09.13-12.43.26:873][282]LogVSAccessor: Warning: Couldn't access module table
[2017.09.13-13.19.33:951][934]LogHttp: Warning: 0000000050320B80: request failed, libcurl error: 0 (No error)
[2017.09.13-13.19.33:951][934]LogHttp: Warning: 0000000050320B80: libcurl info message cache 0 (Found bundle for host datarouter.ol.epicgames.com: 0x3cce7610 [can pipeline])
[2017.09.13-13.19.33:952][934]LogHttp: Warning: 0000000050320B80: libcurl info message cache 1 (Re-using existing connection! (#21) with host datarouter.ol.epicgames.com)
[2017.09.13-13.19.33:952][934]LogHttp: Warning: 0000000050320B80: libcurl info message cache 2 (Connected to datarouter.ol.epicgames.com (52.202.221.101) port 443 (#21))
[2017.09.13-13.19.33:952][934]LogHttp: Warning: 0000000050320B80: libcurl info message cache 3 (upload completely sent off: 364 out of 364 bytes)
[2017.09.13-13.19.33:953][934]LogHttp: Warning: 0000000050320B80: libcurl info message cache 4 (Closing connection 21)
[2017.09.13-13.19.33:953][934]LogHttp: Warning: 0000000050320B80: libcurl info message cache 5 (TLSv1.2 (OUT), TLS alert, Client hello (1):)
[2017.09.13-13.24.01:725][226]LogTemp: Repeating last play command: Selected Viewport
[2017.09.13-13.24.01:743][226]LogPlayLevel: PlayLevel: No blueprints needed recompiling
[2017.09.13-13.24.01:744][226]PIE: New page: PIE session: ScripterWorkshop (Sep 13, 2017, 5:24:01 PM)
[2017.09.13-13.24.01:744][226]LogPlayLevel: Creating play world package: /Game/UEDPIE_0_ScripterWorkshop
[2017.09.13-13.24.01:784][226]LogPlayLevel: PIE: StaticDuplicateObject took: (0.039510s)
[2017.09.13-13.24.01:793][226]LogAIModule: Creating AISystem for world ScripterWorkshop
[2017.09.13-13.24.01:795][226]LogPlayLevel: PIE: World Init took: (0.009682s)
[2017.09.13-13.24.01:795][226]LogPlayLevel: PIE: Created PIE world by copying editor world from /Game/ScripterWorkshop.ScripterWorkshop to /Game/UEDPIE_0_ScripterWorkshop.ScripterWorkshop (0.051118s)
[2017.09.13-13.24.01:871][226]LogInit: XAudio2 using 'Altoparlanti (Realtek High Definition Audio)' : 2 channels at 48 kHz using 32 bits per sample (channel mask 0x3)
[2017.09.13-13.24.01:905][226]LogInit: FAudioDevice initialized.
[2017.09.13-13.24.01:951][226]LogLoad: Game class is 'BasicFirstPerson_C'
[2017.09.13-13.24.01:954][226]LogWorld: Bringing World /Game/UEDPIE_0_ScripterWorkshop.ScripterWorkshop up for play (max tick rate 0) at 2017.09.13-15.24.01
[2017.09.13-13.24.01:955][226]LogWorld: Bringing up level for play took: 0.002481
[2017.09.13-13.24.01:958][226]PIE: Play in editor start time for /Game/UEDPIE_0_ScripterWorkshop -0.466
[2017.09.13-13.24.04:480][479]LogTemp: Warning: Detected collision with SM_Chair_2
[2017.09.13-13.24.04:481][479]LogTemp: Error: ERROR: No SwitchableMaterialsComponent found on SM_Chair_2
[2017.09.13-13.25.06:497][354]Cmd: QUIT_EDITOR
[2017.09.13-13.25.07:817][354]LogExit: Preparing to exit.
[2017.09.13-13.25.10:182][354]LogDirectoryWatcher: A directory notification for 'C:/Users/Admin/Documents/Repositories/ScripterWorkshop/ScripterWorkshop/Content/' was aborted.
[2017.09.13-13.25.10:809][354]LogExit: Editor shut down
[2017.09.13-13.25.10:980][354]LogExit: Transaction tracking system shut down
[2017.09.13-13.25.11:290][354]LogDirectoryWatcher: A directory notification for '../../../Engine/Content/' was aborted.
[2017.09.13-13.25.11:290][354]LogDirectoryWatcher: A directory notification for '../../../../../../Users/Admin/Documents/Repositories/ScripterWorkshop/ScripterWorkshop/Content/' was aborted.
[2017.09.13-13.25.11:290][354]LogDirectoryWatcher: A directory notification for '../../../Engine/Plugins/2D/Paper2D/Content/' was aborted.
[2017.09.13-13.25.11:290][354]LogDirectoryWatcher: A directory notification for '../../../Engine/Plugins/Runtime/Oculus/OculusVR/Content/' was aborted.
[2017.09.13-13.25.11:290][354]LogDirectoryWatcher: A directory notification for '../../../Engine/Plugins/Runtime/Steam/SteamVR/Content/' was aborted.
[2017.09.13-13.25.14:423][354]LogExit: Object subsystem successfully closed.
[2017.09.13-13.25.15:438][354]LogD3D11RHI: Shutdown
[2017.09.13-13.25.15:446][354]LogD3D11RHI: CleanupD3DDevice
[2017.09.13-13.25.18:146][354]LogD3D11RHI: ~FD3D11DynamicRHI
[2017.09.13-13.25.20:011][354]LogModuleManager: Shutting down and abandoning module ScripterWorkshop (537)
[2017.09.13-13.25.20:011][354]LogModuleManager: Shutting down and abandoning module MovieSceneCapture (534)
[2017.09.13-13.25.20:012][354]LogModuleManager: Shutting down and abandoning module HierarchicalLODOutliner (532)
[2017.09.13-13.25.20:012][354]LogModuleManager: Shutting down and abandoning module AddContentDialog (530)
[2017.09.13-13.25.20:045][354]LogDirectoryWatcher: A directory notification for 'C:/Program Files/Epic Games/UE_4.17/FeaturePacks/' was aborted.
[2017.09.13-13.25.20:128][354]LogModuleManager: Shutting down and abandoning module WidgetCarousel (529)
[2017.09.13-13.25.20:128][354]LogModuleManager: Shutting down and abandoning module EditorWidgets (526)
[2017.09.13-13.25.20:128][354]LogModuleManager: Shutting down and abandoning module CollectionManager (524)
[2017.09.13-13.25.20:143][354]LogDirectoryWatcher: A directory notification for 'C:/Users/Admin/Documents/Repositories/ScripterWorkshop/ScripterWorkshop/Content/Collections/' was aborted.
[2017.09.13-13.25.20:143][354]LogDirectoryWatcher: A directory notification for 'C:/Users/Admin/Documents/Repositories/ScripterWorkshop/ScripterWorkshop/Content/Developers/Admin/Collections/' was aborted.
[2017.09.13-13.25.20:143][354]LogDirectoryWatcher: A directory notification for 'C:/Users/Admin/Documents/Repositories/ScripterWorkshop/ScripterWorkshop/Saved/Collections/' was aborted.
[2017.09.13-13.25.20:144][354]LogModuleManager: Shutting down and abandoning module SceneOutliner (522)
[2017.09.13-13.25.20:155][354]LogModuleManager: Shutting down and abandoning module StatsViewer (520)
[2017.09.13-13.25.20:190][354]LogModuleManager: Shutting down and abandoning module FoliageEdit (518)
[2017.09.13-13.25.20:191][354]LogModuleManager: Shutting down and abandoning module LandscapeEditor (516)
[2017.09.13-13.25.20:239][354]LogModuleManager: Shutting down and abandoning module MeshPaintMode (514)
[2017.09.13-13.25.20:239][354]LogModuleManager: Shutting down and abandoning module SceneDepthPickerMode (512)
[2017.09.13-13.25.20:239][354]LogModuleManager: Shutting down and abandoning module ActorPickerMode (510)
[2017.09.13-13.25.20:239][354]LogModuleManager: Shutting down and abandoning module GeometryMode (508)
[2017.09.13-13.25.20:239][354]LogModuleManager: Shutting down and abandoning module TextureAlignMode (506)
[2017.09.13-13.25.20:239][354]LogModuleManager: Shutting down and abandoning module BspMode (504)
[2017.09.13-13.25.20:248][354]LogModuleManager: Shutting down and abandoning module PIEPreviewDeviceProfileSelector (502)
[2017.09.13-13.25.20:248][354]LogModuleManager: Shutting down and abandoning module HardwareSurvey (500)
[2017.09.13-13.25.20:248][354]LogModuleManager: Shutting down and abandoning module SequenceRecorderSections (498)
[2017.09.13-13.25.20:264][354]LogModuleManager: Shutting down and abandoning module AutomationWorker (496)
[2017.09.13-13.25.20:279][354]LogModuleManager: Shutting down and abandoning module MatineeToLevelSequence (494)
[2017.09.13-13.25.20:326][354]LogModuleManager: Shutting down and abandoning module LevelSequenceEditor (492)
[2017.09.13-13.25.20:390][354]LogModuleManager: Shutting down and abandoning module PlacementMode (491)
[2017.09.13-13.25.20:390][354]LogModuleManager: Shutting down and abandoning module WmfMediaFactory (488)
[2017.09.13-13.25.20:390][354]LogModuleManager: Shutting down and abandoning module WmfMediaEditor (486)
[2017.09.13-13.25.20:390][354]LogModuleManager: Shutting down and abandoning module AvfMediaFactory (484)
[2017.09.13-13.25.20:390][354]LogModuleManager: Shutting down and abandoning module AvfMediaEditor (482)
[2017.09.13-13.25.20:390][354]LogModuleManager: Shutting down and abandoning module AndroidMediaFactory (480)
[2017.09.13-13.25.20:390][354]LogModuleManager: Shutting down and abandoning module Media (479)
[2017.09.13-13.25.20:390][354]LogModuleManager: Shutting down and abandoning module AndroidMediaEditor (476)
[2017.09.13-13.25.20:391][354]LogModuleManager: Shutting down and abandoning module CharacterAI (474)
[2017.09.13-13.25.20:391][354]LogModuleManager: Shutting down and abandoning module AudioCapture (472)
[2017.09.13-13.25.20:391][354]LogModuleManager: Shutting down and abandoning module SequenceRecorder (471)
[2017.09.13-13.25.20:486][354]LogModuleManager: Shutting down and abandoning module SmartSnapping (468)
[2017.09.13-13.25.20:486][354]LogModuleManager: Shutting down and abandoning module SessionServices (466)
[2017.09.13-13.25.20:486][354]LogModuleManager: Shutting down and abandoning module ViewportSnapping (464)
[2017.09.13-13.25.20:486][354]LogModuleManager: Shutting down and abandoning module ViewportInteraction (462)
[2017.09.13-13.25.20:486][354]LogModuleManager: Shutting down and abandoning module ClothPainter (460)
[2017.09.13-13.25.20:580][354]LogModuleManager: Shutting down and abandoning module LogVisualizer (458)
[2017.09.13-13.25.20:615][354]LogModuleManager: Shutting down and abandoning module IntroTutorials (456)
[2017.09.13-13.25.20:664][354]LogModuleManager: Shutting down and abandoning module GameProjectGeneration (455)
[2017.09.13-13.25.20:684][354]LogModuleManager: Shutting down and abandoning module IOSPlatformEditor (452)
[2017.09.13-13.25.20:684][354]LogModuleManager: Shutting down and abandoning module HTML5PlatformEditor (450)
[2017.09.13-13.25.20:684][354]LogModuleManager: Shutting down and abandoning module AndroidPlatformEditor (448)
[2017.09.13-13.25.20:684][354]LogModuleManager: Shutting down and abandoning module AndroidDeviceDetection (447)
[2017.09.13-13.25.21:157][354]LogModuleManager: Shutting down and abandoning module WindowsPlatformEditor (444)
[2017.09.13-13.25.21:157][354]LogModuleManager: Shutting down and abandoning module IOSRuntimeSettings (442)
[2017.09.13-13.25.21:157][354]LogModuleManager: Shutting down and abandoning module AndroidRuntimeSettings (440)
[2017.09.13-13.25.21:157][354]LogModuleManager: Shutting down and abandoning module InputBindingEditor (438)
[2017.09.13-13.25.21:170][354]LogModuleManager: Shutting down and abandoning module MergeActors (436)
[2017.09.13-13.25.21:190][354]LogModuleManager: Shutting down and abandoning module SizeMap (434)
[2017.09.13-13.25.21:190][354]LogModuleManager: Shutting down and abandoning module TreeMap (432)
[2017.09.13-13.25.21:203][354]LogModuleManager: Shutting down and abandoning module ReferenceViewer (430)
[2017.09.13-13.25.21:203][354]LogModuleManager: Shutting down and abandoning module LocalizationDashboard (428)
[2017.09.13-13.25.21:215][354]LogModuleManager: Shutting down and abandoning module LocalizationService (427)
[2017.09.13-13.25.21:221][354]LogModuleManager: Shutting down and abandoning module HardwareTargeting (424)
[2017.09.13-13.25.21:221][354]LogModuleManager: Shutting down and abandoning module DeviceProfileEditor (422)
[2017.09.13-13.25.21:232][354]LogModuleManager: Shutting down and abandoning module UndoHistory (420)
[2017.09.13-13.25.21:232][354]LogModuleManager: Shutting down and abandoning module XmlParser (418)
[2017.09.13-13.25.21:236][354]LogModuleManager: Shutting down and abandoning module Blutility (416)
[2017.09.13-13.25.21:236][354]LogModuleManager: Shutting down and abandoning module ProjectSettingsViewer (414)
[2017.09.13-13.25.21:236][354]LogModuleManager: Shutting down and abandoning module ProjectTargetPlatformEditor (413)
[2017.09.13-13.25.21:252][354]LogModuleManager: Shutting down and abandoning module EditorSettingsViewer (410)
[2017.09.13-13.25.21:252][354]LogModuleManager: Shutting down and abandoning module SettingsEditor (408)
[2017.09.13-13.25.21:298][354]LogModuleManager: Shutting down and abandoning module ProjectLauncher (406)
[2017.09.13-13.25.21:310][354]LogModuleManager: Shutting down and abandoning module SessionFrontend (404)
[2017.09.13-13.25.21:315][354]LogModuleManager: Shutting down and abandoning module ProfilerClient (402)
[2017.09.13-13.25.21:328][354]LogModuleManager: Shutting down and abandoning module DeviceManager (400)
[2017.09.13-13.25.21:358][354]LogModuleManager: Shutting down and abandoning module TargetDeviceServices (399)
[2017.09.13-13.25.21:443][354]LogModuleManager: Shutting down and abandoning module AutomationController (396)
[2017.09.13-13.25.21:646][354]LogModuleManager: Shutting down and abandoning module AutomationWindow (394)
[2017.09.13-13.25.21:678][354]LogModuleManager: Shutting down and abandoning module Layers (392)
[2017.09.13-13.25.21:789][354]LogModuleManager: Shutting down and abandoning module ComponentVisualizers (390)
[2017.09.13-13.25.21:790][354]LogModuleManager: Shutting down and abandoning module DetailCustomizations (388)
[2017.09.13-13.25.21:869][354]LogModuleManager: Shutting down and abandoning module PackagesDialog (386)
[2017.09.13-13.25.21:911][354]LogModuleManager: Shutting down and abandoning module Persona (384)
[2017.09.13-13.25.22:028][354]LogModuleManager: Shutting down and abandoning module AdvancedPreviewScene (383)
[2017.09.13-13.25.22:028][354]LogModuleManager: Shutting down and abandoning module AnimGraph (381)
[2017.09.13-13.25.22:028][354]LogModuleManager: Shutting down and abandoning module Kismet (378)
[2017.09.13-13.25.22:181][354]LogModuleManager: Shutting down and abandoning module ClassViewer (376)
[2017.09.13-13.25.22:181][354]LogModuleManager: Shutting down and abandoning module Toolbox (374)
[2017.09.13-13.25.22:181][354]LogModuleManager: Shutting down and abandoning module ModuleUI (372)
[2017.09.13-13.25.22:189][354]LogModuleManager: Shutting down and abandoning module MovieSceneTools (370)
[2017.09.13-13.25.22:227][354]LogModuleManager: Shutting down and abandoning module OutputLog (368)
[2017.09.13-13.25.22:227][354]LogModuleManager: Shutting down and abandoning module GammaUI (366)
[2017.09.13-13.25.22:238][354]LogModuleManager: Shutting down and abandoning module Documentation (364)
[2017.09.13-13.25.22:238][354]LogModuleManager: Shutting down and abandoning module MovieSceneTracks (362)
[2017.09.13-13.25.22:238][354]LogModuleManager: Shutting down and abandoning module MovieScene (360)
[2017.09.13-13.25.22:238][354]LogModuleManager: Shutting down and abandoning module Niagara (358)
[2017.09.13-13.25.22:238][354]LogModuleManager: Shutting down and abandoning module NiagaraEditor (357)
[2017.09.13-13.25.22:342][354]LogModuleManager: Shutting down and abandoning module StreamingPauseRendering (354)
[2017.09.13-13.25.22:342][354]LogModuleManager: Shutting down and abandoning module LauncherPlatform (352)
[2017.09.13-13.25.22:342][354]LogModuleManager: Shutting down and abandoning module AnalyticsET (350)
[2017.09.13-13.25.22:342][354]LogModuleManager: Shutting down and abandoning module PortalServices (348)
[2017.09.13-13.25.22:342][354]LogModuleManager: Shutting down and abandoning module PortalRpc (346)
[2017.09.13-13.25.22:342][354]LogModuleManager: Shutting down and abandoning module MessagingRpc (344)
[2017.09.13-13.25.22:342][354]LogModuleManager: Shutting down and abandoning module AIModule (342)
[2017.09.13-13.25.22:342][354]LogModuleManager: Shutting down and abandoning module GameplayDebugger (341)
[2017.09.13-13.25.22:342][354]LogModuleManager: Shutting down and abandoning module AITestSuite (339)
[2017.09.13-13.25.22:368][354]LogModuleManager: Shutting down and abandoning module ProfilerService (336)
[2017.09.13-13.25.22:680][354]LogModuleManager: Shutting down and abandoning module TaskGraph (334)
[2017.09.13-13.25.22:702][354]LogModuleManager: Shutting down and abandoning module SteamVRController (332)
[2017.09.13-13.25.22:702][354]LogModuleManager: Shutting down and abandoning module ProceduralMeshComponentEditor (330)
[2017.09.13-13.25.22:702][354]LogModuleManager: Shutting down and abandoning module ProceduralMeshComponent (328)
[2017.09.13-13.25.22:702][354]LogModuleManager: Shutting down and abandoning module OculusInput (326)
[2017.09.13-13.25.22:706][354]LogModuleManager: Shutting down and abandoning module MobilePatchingUtils (324)
[2017.09.13-13.25.22:706][354]LogModuleManager: Shutting down and abandoning module CustomMeshComponent (322)
[2017.09.13-13.25.22:706][354]LogModuleManager: Shutting down and abandoning module CableComponent (320)
[2017.09.13-13.25.22:716][354]LogModuleManager: Shutting down and abandoning module ArchVisCharacter (318)
[2017.09.13-13.25.22:716][354]LogModuleManager: Shutting down and abandoning module AndroidPermission (316)
[2017.09.13-13.25.22:716][354]LogModuleManager: Shutting down and abandoning module MediaPlayerEditor (312)
[2017.09.13-13.25.22:826][354]LogModuleManager: Shutting down and abandoning module HTML5Networking (310)
[2017.09.13-13.25.22:826][354]LogModuleManager: Shutting down and abandoning module AlembicImporter (308)
[2017.09.13-13.25.22:835][354]LogModuleManager: Shutting down and abandoning module AlembicLibrary (307)
[2017.09.13-13.25.22:835][354]LogModuleManager: Shutting down and abandoning module GeometryCache (306)
[2017.09.13-13.25.22:835][354]LogModuleManager: Shutting down and abandoning module GeometryCacheEd (305)
[2017.09.13-13.25.22:835][354]LogModuleManager: Shutting down and abandoning module SpeedTreeImporter (300)
[2017.09.13-13.25.22:835][354]LogModuleManager: Shutting down and abandoning module PluginBrowser (298)
[2017.09.13-13.25.22:861][354]LogModuleManager: Shutting down and abandoning module MobileLauncherProfileWizard (296)
[2017.09.13-13.25.22:887][354]LogModuleManager: Shutting down and abandoning module VisualStudioSourceCodeAccess (294)
[2017.09.13-13.25.22:887][354]LogModuleManager: Shutting down and abandoning module DesktopPlatform (293)
[2017.09.13-13.25.22:887][354]LogModuleManager: Shutting down and abandoning module UObjectPlugin (290)
[2017.09.13-13.25.22:887][354]LogModuleManager: Shutting down and abandoning module SubversionSourceControl (288)
[2017.09.13-13.25.22:902][354]LogModuleManager: Shutting down and abandoning module PerforceSourceControl (286)
[2017.09.13-13.25.22:917][354]LogModuleManager: Shutting down and abandoning module GitSourceControl (284)
[2017.09.13-13.25.22:932][354]LogModuleManager: Shutting down and abandoning module SourceControl (283)
[2017.09.13-13.25.22:945][354]LogModuleManager: Shutting down and abandoning module LightPropagationVolumeEditor (280)
[2017.09.13-13.25.22:945][354]LogModuleManager: Shutting down and abandoning module PaperTiledImporter (278)
[2017.09.13-13.25.22:945][354]LogModuleManager: Shutting down and abandoning module PaperSpriteSheetImporter (276)
[2017.09.13-13.25.22:945][354]LogModuleManager: Shutting down and abandoning module Paper2DEditor (274)
[2017.09.13-13.25.22:972][354]LogModuleManager: Shutting down and abandoning module MeshPaint (273)
[2017.09.13-13.25.22:991][354]LogModuleManager: Shutting down and abandoning module LevelEditor (271)
[2017.09.13-13.25.23:009][354]LogModuleManager: Shutting down and abandoning module PixelInspectorModule (270)
[2017.09.13-13.25.23:031][354]LogModuleManager: Shutting down and abandoning module MainFrame (268)
[2017.09.13-13.25.23:031][354]LogModuleManager: Shutting down and abandoning module HotReload (267)
[2017.09.13-13.25.23:031][354]LogDirectoryWatcher: A directory notification for 'C:/Users/Admin/Documents/Repositories/ScripterWorkshop/ScripterWorkshop/Binaries/Win64' was aborted.
[2017.09.13-13.25.23:051][354]LogModuleManager: Shutting down and abandoning module RuntimePhysXCooking (260)
[2017.09.13-13.25.23:052][354]LogModuleManager: Shutting down and abandoning module PhysXVehiclesEditor (258)
[2017.09.13-13.25.23:052][354]LogModuleManager: Shutting down and abandoning module PhysXVehicles (256)
[2017.09.13-13.25.23:052][354]LogModuleManager: Shutting down and abandoning module OculusEditor (254)
[2017.09.13-13.25.23:052][354]LogModuleManager: Shutting down and abandoning module LocationServicesBPLibrary (252)
[2017.09.13-13.25.23:052][354]LogModuleManager: Shutting down and abandoning module ImmediatePhysicsEditor (250)
[2017.09.13-13.25.23:052][354]LogModuleManager: Shutting down and abandoning module ImmediatePhysics (248)
[2017.09.13-13.25.23:069][354]LogModuleManager: Shutting down and abandoning module UdpMessaging (246)
[2017.09.13-13.25.23:169][354]LogModuleManager: Shutting down and abandoning module TcpMessaging (244)
[2017.09.13-13.25.23:275][354]LogModuleManager: Shutting down and abandoning module GameplayTagsEditor (242)
[2017.09.13-13.25.23:311][354]LogModuleManager: Shutting down and abandoning module FacialAnimationEditor (240)
[2017.09.13-13.25.23:311][354]LogModuleManager: Shutting down and abandoning module FacialAnimation (238)
[2017.09.13-13.25.23:312][354]LogModuleManager: Shutting down and abandoning module AssetManagerEditor (236)
[2017.09.13-13.25.23:373][354]LogModuleManager: Shutting down and abandoning module GraphEditor (235)
[2017.09.13-13.25.23:465][354]LogModuleManager: Shutting down and abandoning module ContentBrowser (233)
[2017.09.13-13.25.23:467][354]LogModuleManager: Shutting down and abandoning module LightPropagationVolumeRuntime (230)
[2017.09.13-13.25.23:467][354]LogModuleManager: Shutting down and abandoning module Paper2D (228)
[2017.09.13-13.25.23:475][354]LogModuleManager: Shutting down and abandoning module WindowsMoviePlayer (226)
[2017.09.13-13.25.23:491][354]LogModuleManager: Shutting down and abandoning module WmfMedia (224)
[2017.09.13-13.25.23:500][354]LogModuleManager: Shutting down and abandoning module PacketHandler (222)
[2017.09.13-13.25.23:500][354]LogModuleManager: Shutting down and abandoning module ClothingSystemEditor (220)
[2017.09.13-13.25.23:507][354]LogModuleManager: Shutting down and abandoning module ClothingSystemRuntime (218)
[2017.09.13-13.25.23:532][354]LogModuleManager: Shutting down and abandoning module Overlay (216)
[2017.09.13-13.25.23:532][354]LogModuleManager: Shutting down and abandoning module OverlayEditor (215)
[2017.09.13-13.25.23:532][354]LogModuleManager: Shutting down and abandoning module MediaAssets (212)
[2017.09.13-13.25.23:532][354]LogModuleManager: Shutting down and abandoning module VREditor (210)
[2017.09.13-13.25.23:550][354]LogModuleManager: Shutting down and abandoning module StringTableEditor (208)
[2017.09.13-13.25.23:554][354]LogModuleManager: Shutting down and abandoning module GameplayTasksEditor (206)
[2017.09.13-13.25.23:554][354]LogModuleManager: Shutting down and abandoning module BehaviorTreeEditor (204)
[2017.09.13-13.25.23:685][354]LogModuleManager: Shutting down and abandoning module FunctionalTesting (202)
[2017.09.13-13.25.23:685][354]LogModuleManager: Shutting down and abandoning module CollisionAnalyzer (200)
[2017.09.13-13.25.23:699][354]LogModuleManager: Shutting down and abandoning module WorkspaceMenuStructure (199)
[2017.09.13-13.25.23:699][354]LogModuleManager: Shutting down and abandoning module UMG (196)
[2017.09.13-13.25.23:719][354]LogModuleManager: Shutting down and abandoning module UMGEditor (195)
[2017.09.13-13.25.23:813][354]LogModuleManager: Shutting down and abandoning module Sequencer (194)
[2017.09.13-13.25.23:822][354]LogModuleManager: Shutting down and abandoning module MessageLog (191)
[2017.09.13-13.25.23:835][354]LogModuleManager: Shutting down and abandoning module SlateReflector (186)
[2017.09.13-13.25.23:915][354]LogModuleManager: Shutting down and abandoning module Slate (184)
[2017.09.13-13.25.23:915][354]LogModuleManager: Shutting down and abandoning module EditorStyle (182)
[2017.09.13-13.25.23:919][354]LogModuleManager: Shutting down and abandoning module MRMesh (180)
[2017.09.13-13.25.23:919][354]LogModuleManager: Shutting down and abandoning module SourceCodeAccess (178)
[2017.09.13-13.25.23:919][354]LogModuleManager: Shutting down and abandoning module HeadMountedDisplay (176)
[2017.09.13-13.25.23:919][354]LogModuleManager: Shutting down and abandoning module XAudio2 (174)
[2017.09.13-13.25.23:919][354]LogModuleManager: Shutting down and abandoning module Networking (172)
[2017.09.13-13.25.23:919][354]LogModuleManager: Shutting down and abandoning module Core (168)
[2017.09.13-13.25.23:919][354]LogModuleManager: Shutting down and abandoning module KismetCompiler (164)
[2017.09.13-13.25.23:919][354]LogModuleManager: Shutting down and abandoning module MeshUtilities (162)
[2017.09.13-13.25.23:958][354]LogModuleManager: Shutting down and abandoning module MeshMergeUtilities (161)
[2017.09.13-13.25.23:968][354]LogModuleManager: Shutting down and abandoning module MeshReductionInterface (160)
[2017.09.13-13.25.23:968][354]LogModuleManager: Shutting down and abandoning module SimplygonSwarm (159)
[2017.09.13-13.25.23:978][354]LogModuleManager: Shutting down and abandoning module SimplygonMeshReduction (157)
[2017.09.13-13.25.23:979][354]LogModuleManager: Shutting down and abandoning module QuadricMeshReduction (155)
[2017.09.13-13.25.24:005][354]LogModuleManager: Shutting down and abandoning module MaterialBaking (151)
[2017.09.13-13.25.24:010][354]LogModuleManager: Shutting down and abandoning module LevelSequence (148)
[2017.09.13-13.25.24:010][354]LogModuleManager: Shutting down and abandoning module DirectoryWatcher (146)
[2017.09.13-13.25.24:011][354]LogModuleManager: Shutting down and abandoning module DerivedDataCache (144)
[2017.09.13-13.25.24:097][354]LogDerivedDataCache: Shutdown
[2017.09.13-13.25.24:106][354]LogModuleManager: Shutting down and abandoning module TargetPlatform (142)
[2017.09.13-13.25.24:106][354]LogModuleManager: Shutting down and abandoning module VulkanShaderFormat (141)
[2017.09.13-13.25.24:129][354]LogModuleManager: Shutting down and abandoning module ShaderFormatVectorVM (139)
[2017.09.13-13.25.24:136][354]LogModuleManager: Shutting down and abandoning module ShaderFormatOpenGL (137)
[2017.09.13-13.25.24:153][354]LogModuleManager: Shutting down and abandoning module ShaderFormatD3D (135)
[2017.09.13-13.25.24:160][354]LogModuleManager: Shutting down and abandoning module MetalShaderFormat (133)
[2017.09.13-13.25.24:176][354]LogModuleManager: Shutting down and abandoning module TextureFormatUncompressed (131)
[2017.09.13-13.25.24:176][354]LogModuleManager: Shutting down and abandoning module TextureFormatPVR (129)
[2017.09.13-13.25.24:176][354]LogModuleManager: Shutting down and abandoning module TextureFormatDXT (127)
[2017.09.13-13.25.24:191][354]LogModuleManager: Shutting down and abandoning module TextureFormatIntelISPCTexComp (125)
[2017.09.13-13.25.24:219][354]LogModuleManager: Shutting down and abandoning module TextureFormatASTC (123)
[2017.09.13-13.25.24:219][354]LogModuleManager: Shutting down and abandoning module ImageWrapper (122)
[2017.09.13-13.25.24:219][354]LogModuleManager: Shutting down and abandoning module TextureFormatAndroid (119)
[2017.09.13-13.25.24:219][354]LogModuleManager: Shutting down and abandoning module AudioFormatOpus (117)
[2017.09.13-13.25.24:219][354]LogModuleManager: Shutting down and abandoning module AudioFormatOgg (115)
[2017.09.13-13.25.24:219][354]LogModuleManager: Shutting down and abandoning module AudioFormatADPCM (113)
[2017.09.13-13.25.24:219][354]LogModuleManager: Shutting down and abandoning module LinuxTargetPlatform (111)
[2017.09.13-13.25.24:219][354]LogModuleManager: Shutting down and abandoning module LinuxServerTargetPlatform (109)
[2017.09.13-13.25.24:219][354]LogModuleManager: Shutting down and abandoning module LinuxNoEditorTargetPlatform (107)
[2017.09.13-13.25.24:219][354]LogModuleManager: Shutting down and abandoning module LinuxClientTargetPlatform (105)
[2017.09.13-13.25.24:219][354]LogModuleManager: Shutting down and abandoning module TVOSTargetPlatform (103)
[2017.09.13-13.25.24:219][354]LogModuleManager: Shutting down and abandoning module Messaging (101)
[2017.09.13-13.25.24:219][354]LogModuleManager: Shutting down and abandoning module IOSTargetPlatform (99)
[2017.09.13-13.25.24:220][354]LogModuleManager: Shutting down and abandoning module HTML5TargetPlatform (97)
[2017.09.13-13.25.24:220][354]LogModuleManager: Shutting down and abandoning module Android_PVRTCTargetPlatform (95)
[2017.09.13-13.25.24:220][354]LogModuleManager: Shutting down and abandoning module Android_MultiTargetPlatform (93)
[2017.09.13-13.25.24:220][354]LogModuleManager: Shutting down and abandoning module Android_ETC2TargetPlatform (91)
[2017.09.13-13.25.24:220][354]LogModuleManager: Shutting down and abandoning module Android_ETC1TargetPlatform (89)
[2017.09.13-13.25.24:220][354]LogModuleManager: Shutting down and abandoning module Android_DXTTargetPlatform (87)
[2017.09.13-13.25.24:220][354]LogModuleManager: Shutting down and abandoning module Android_ATCTargetPlatform (85)
[2017.09.13-13.25.24:220][354]LogModuleManager: Shutting down and abandoning module Android_ASTCTargetPlatform (83)
[2017.09.13-13.25.24:220][354]LogModuleManager: Shutting down and abandoning module AndroidTargetPlatform (81)
[2017.09.13-13.25.24:220][354]LogModuleManager: Shutting down and abandoning module WindowsTargetPlatform (79)
[2017.09.13-13.25.24:220][354]LogModuleManager: Shutting down and abandoning module WindowsServerTargetPlatform (77)
[2017.09.13-13.25.24:220][354]LogModuleManager: Shutting down and abandoning module WindowsNoEditorTargetPlatform (75)
[2017.09.13-13.25.24:220][354]LogModuleManager: Shutting down and abandoning module WindowsClientTargetPlatform (73)
[2017.09.13-13.25.24:220][354]LogModuleManager: Shutting down and abandoning module MacTargetPlatform (71)
[2017.09.13-13.25.24:220][354]LogModuleManager: Shutting down and abandoning module MacServerTargetPlatform (69)
[2017.09.13-13.25.24:220][354]LogModuleManager: Shutting down and abandoning module MacNoEditorTargetPlatform (67)
[2017.09.13-13.25.24:220][354]LogModuleManager: Shutting down and abandoning module MacClientTargetPlatform (65)
[2017.09.13-13.25.24:220][354]LogModuleManager: Shutting down and abandoning module AllDesktopTargetPlatform (63)
[2017.09.13-13.25.24:220][354]LogModuleManager: Shutting down and abandoning module InputCore (60)
[2017.09.13-13.25.24:220][354]LogModuleManager: Shutting down and abandoning module Settings (58)
[2017.09.13-13.25.24:220][354]LogModuleManager: Shutting down and abandoning module PhysXCooking (56)
[2017.09.13-13.25.24:220][354]LogModuleManager: Shutting down and abandoning module SteamVR (54)
[2017.09.13-13.25.24:220][354]LogModuleManager: Shutting down and abandoning module OculusHMD (52)
[2017.09.13-13.25.24:239][354]LogModuleManager: Shutting down and abandoning module ExampleDeviceProfileSelector (50)
[2017.09.13-13.25.24:239][354]LogModuleManager: Shutting down and abandoning module OnlineBlueprintSupport (48)
[2017.09.13-13.25.24:239][354]LogModuleManager: Shutting down and abandoning module OnlineSubsystem (44)
[2017.09.13-13.25.24:262][354]LogOnline: Display: Unloading online subsystem: NULL
[2017.09.13-13.25.24:347][354]LogModuleManager: Shutting down and abandoning module XMPP (43)
[2017.09.13-13.25.24:442][354]LogModuleManager: Shutting down and abandoning module HTTP (41)
[2017.09.13-13.25.24:446][354]LogHttp: Display: Http module shutting down, but needs to wait on 2 outstanding Http requests:
[2017.09.13-13.25.24:456][354]LogHttp: Display: 	verb=[POST] url=[https://datarouter.ol.epicgames.com/datarouter/api/v1/public/data?SessionID=%7BBE012113-4EDC-BE8E-E187-80ADA83F7E81%7D&AppID=UEEditor.Rocket.Release&AppVersion=4.17.1-3586342%2B%2B%2BUE4%2BRelease-4.17&UserID=e596fd8543d8b022c6c53ab13e8a51b7%7C2bdd1138e9c84a049480766a9822828c%7C2095de21-1a6e-4602-8a10-60df676f333c&AppEnvironment=datacollector-binary&UploadType=eteventstream] status=Processing
[2017.09.13-13.25.24:456][354]LogHttp: Display: 	verb=[POST] url=[https://datarouter.ol.epicgames.com/datarouter/api/v1/public/data?SessionID=%7BBE012113-4EDC-BE8E-E187-80ADA83F7E81%7D&AppID=UEEditor.Rocket.Release&AppVersion=4.17.1-3586342%2B%2B%2BUE4%2BRelease-4.17&UserID=e596fd8543d8b022c6c53ab13e8a51b7%7C2bdd1138e9c84a049480766a9822828c%7C2095de21-1a6e-4602-8a10-60df676f333c&AppEnvironment=datacollector-binary&UploadType=eteventstream] status=Processing
[2017.09.13-13.25.24:477][354]LogModuleManager: Shutting down and abandoning module SSL (40)
[2017.09.13-13.25.24:522][354]LogModuleManager: Shutting down and abandoning module AnimationModifiers (36)
[2017.09.13-13.25.24:557][354]LogModuleManager: Shutting down and abandoning module PropertyEditor (35)
[2017.09.13-13.25.24:557][354]LogModuleManager: Shutting down and abandoning module AudioEditor (32)
[2017.09.13-13.25.24:602][354]LogModuleManager: Shutting down and abandoning module TextureCompressor (30)
[2017.09.13-13.25.24:647][354]LogModuleManager: Shutting down and abandoning module ShaderCore (28)
[2017.09.13-13.25.24:647][354]LogModuleManager: Shutting down and abandoning module Landscape (26)
[2017.09.13-13.25.24:657][354]LogModuleManager: Shutting down and abandoning module SlateRHIRenderer (24)
[2017.09.13-13.25.24:692][354]LogModuleManager: Shutting down and abandoning module OpenGLDrv (22)
[2017.09.13-13.25.24:705][354]LogModuleManager: Shutting down and abandoning module D3D11RHI (20)
[2017.09.13-13.25.24:705][354]LogModuleManager: Shutting down and abandoning module AnimGraphRuntime (18)
[2017.09.13-13.25.24:705][354]LogModuleManager: Shutting down and abandoning module Renderer (16)
[2017.09.13-13.25.24:705][354]LogModuleManager: Shutting down and abandoning module Engine (14)
[2017.09.13-13.25.24:723][354]LogModuleManager: Shutting down and abandoning module CoreUObject (12)
[2017.09.13-13.25.24:723][354]LogModuleManager: Shutting down and abandoning module NetworkFile (10)
[2017.09.13-13.25.24:748][354]LogModuleManager: Shutting down and abandoning module CookedIterativeFile (8)
[2017.09.13-13.25.24:763][354]LogModuleManager: Shutting down and abandoning module StreamingFile (6)
[2017.09.13-13.25.24:774][354]LogModuleManager: Shutting down and abandoning module SandboxFile (4)
[2017.09.13-13.25.24:782][354]LogModuleManager: Shutting down and abandoning module PakFile (2)
[2017.09.13-13.25.24:810][354]LogExit: Exiting.
[2017.09.13-13.25.24:824][354]Log file closed, 09/13/17 15:25:24
