Log file open, 09/13/17 11:13:31
LogWindows: LoadLibraryWithSearchPaths failed for file aqProf.dll. GetLastError=0
LogWindows: LoadLibraryWithSearchPaths failed for file VtuneApi.dll. GetLastError=0
LogWindows: LoadLibraryWithSearchPaths failed for file VtuneApi32e.dll. GetLastError=0
LogInit: Display: Running engine for game: ScripterWorkshop
LogPlatformFile: Not using cached read wrapper
LogInit: Display: RandInit(-2004363391) SRandInit(-2004363391).
LogTaskGraph: Started task graph with 5 named threads and 8 total threads with 3 sets of task threads.
LogStats: Stats thread started at 0.125810
LogD3D11RHI: Aftermath initialized
LogPluginManager: Mounting plugin Paper2D
LogPluginManager: Mounting plugin LightPropagationVolume
LogPluginManager: Mounting plugin CodeLiteSourceCodeAccess
LogPluginManager: Mounting plugin GitSourceControl
LogPluginManager: Mounting plugin KDevelopSourceCodeAccess
LogPluginManager: Mounting plugin NullSourceCodeAccess
LogPluginManager: Mounting plugin PerforceSourceControl
LogPluginManager: Mounting plugin SubversionSourceControl
LogPluginManager: Mounting plugin UObjectPlugin
LogPluginManager: Mounting plugin VisualStudioSourceCodeAccess
LogPluginManager: Mounting plugin XCodeSourceCodeAccess
LogPluginManager: Mounting plugin AssetManagerEditor
LogPluginManager: Mounting plugin AudioCapture
LogPluginManager: Mounting plugin FacialAnimation
LogPluginManager: Mounting plugin GameplayTagsEditor
LogPluginManager: Mounting plugin MobileLauncherProfileWizard
LogPluginManager: Mounting plugin PluginBrowser
LogPluginManager: Mounting plugin SpeedTreeImporter
LogPluginManager: Mounting plugin AlembicImporter
LogPluginManager: Mounting plugin CharacterAI
LogPluginManager: Mounting plugin HTML5Networking
LogPluginManager: Mounting plugin AndroidMedia
LogPluginManager: Mounting plugin AvfMedia
LogPluginManager: Mounting plugin MediaPlayerEditor
LogPluginManager: Mounting plugin WmfMedia
LogPluginManager: Mounting plugin TcpMessaging
LogPluginManager: Mounting plugin UdpMessaging
LogPluginManager: Mounting plugin LevelSequenceEditor
LogPluginManager: Mounting plugin MatineeToLevelSequence
LogPluginManager: Mounting plugin OnlineSubsystemGooglePlay
LogPluginManager: Mounting plugin OnlineSubsystemIOS
LogPluginManager: Mounting plugin OnlineSubsystem
LogPluginManager: Mounting plugin OnlineSubsystemNull
LogPluginManager: Mounting plugin OnlineSubsystemUtils
LogPluginManager: Mounting plugin AndroidDeviceProfileSelector
LogPluginManager: Mounting plugin AndroidMoviePlayer
LogPluginManager: Mounting plugin AndroidPermission
LogPluginManager: Mounting plugin AppleMoviePlayer
LogPluginManager: Mounting plugin ArchVisCharacter
LogPluginManager: Mounting plugin CableComponent
LogPluginManager: Mounting plugin CustomMeshComponent
LogPluginManager: Mounting plugin ExampleDeviceProfileSelector
LogPluginManager: Mounting plugin GoogleCloudMessaging
LogPluginManager: Mounting plugin ImmediatePhysics
LogPluginManager: Mounting plugin IOSDeviceProfileSelector
LogPluginManager: Mounting plugin LinuxDeviceProfileSelector
LogPluginManager: Mounting plugin LocationServicesBPLibrary
LogPluginManager: Mounting plugin MobilePatchingUtils
LogPluginManager: Mounting plugin OculusVR
LogPluginManager: Mounting plugin PhysXVehicles
LogPluginManager: Mounting plugin ProceduralMeshComponent
LogPluginManager: Mounting plugin RuntimePhysXCooking
LogPluginManager: Mounting plugin SteamVR
LogPluginManager: Mounting plugin WindowsMoviePlayer
LogInit: Using libcurl 7.47.1
LogInit:  - built for x86_64-pc-win32
LogInit:  - supports SSL with OpenSSL/1.0.2g
LogInit:  - supports HTTP deflate (compression) using libz 1.2.8
LogInit:  - other features:
LogInit:      CURL_VERSION_SSL
LogInit:      CURL_VERSION_LIBZ
LogInit:      CURL_VERSION_IPV6
LogInit:      CURL_VERSION_ASYNCHDNS
LogInit:      CURL_VERSION_LARGEFILE
LogInit:      CURL_VERSION_IDN
LogInit:  CurlRequestOptions (configurable via config and command line):
LogInit:  - bVerifyPeer = false  - Libcurl will NOT verify peer certificate
LogInit:  - bUseHttpProxy = false  - Libcurl will NOT use HTTP proxy
LogInit:  - bDontReuseConnections = false  - Libcurl will reuse connections
LogInit:  - CertBundlePath = nullptr  - Libcurl will use whatever was configured at build time.
LogInit: Build: ++UE4+Release-4.17-CL-3586342
LogInit: Engine Version: 4.17.1-3586342+++UE4+Release-4.17
LogInit: Compatible Engine Version: 4.17.0-3573198+++UE4+Release-4.17
LogInit: Net CL: 3573198
LogDevObjectVersion: Number of dev versions registered: 16
LogDevObjectVersion:   Dev-Blueprints (B0D832E4-1F89-4F0D-ACCF-7EB736FD4AA2): 10
LogDevObjectVersion:   Dev-Build (E1C64328-A22C-4D53-A36C-8E866417BD8C): 0
LogDevObjectVersion:   Dev-Core (375EC13C-06E4-48FB-B500-84F0262A717E): 2
LogDevObjectVersion:   Dev-Editor (E4B068ED-F494-42E9-A231-DA0B2E46BB41): 20
LogDevObjectVersion:   Dev-Framework (CFFC743F-43B0-4480-9391-14DF171D2073): 28
LogDevObjectVersion:   Dev-Mobile (B02B49B5-BB20-44E9-A304-32B752E40360): 0
LogDevObjectVersion:   Dev-Networking (A4E4105C-59A1-49B5-A7C5-40C4547EDFEE): 0
LogDevObjectVersion:   Dev-Online (39C831C9-5AE6-47DC-9A44-9C173E1C8E7C): 0
LogDevObjectVersion:   Dev-Physics (78F01B33-EBEA-4F98-B9B4-84EACCB95AA2): 0
LogDevObjectVersion:   Dev-Platform (6631380F-2D4D-43E0-8009-CF276956A95A): 0
LogDevObjectVersion:   Dev-Rendering (12F88B9F-8875-4AFC-A67C-D90C383ABD29): 19
LogDevObjectVersion:   Dev-Sequencer (7B5AE74C-D270-4C10-A958-57980B212A5A): 4
LogDevObjectVersion:   Dev-VR (D7296918-1DD6-4BDD-9DE2-64A83CC13884): 0
LogDevObjectVersion:   Dev-LoadTimes (C2A15278-BFE7-4AFE-6C17-90FF531DF755): 1
LogDevObjectVersion:   Private-Geometry (6EACA3D4-40EC-4CC1-B786-8BED09428FC5): 1
LogDevObjectVersion:   Dev-AnimPhys (29E575DD-E0A3-4627-9D10-D276232CDCEA): 7
LogInit: Compiled (64-bit): Aug 15 2017 02:05:26
LogInit: Compiled with Visual C++: 19.00.24215.01
LogInit: Build Configuration: Development
LogInit: Branch Name: ++UE4+Release-4.17
LogInit: Command line:  
LogInit: Base directory: C:/Program Files/Epic Games/UE_4.17/Engine/Binaries/Win64/
LogInit: Installed Engine Build: 1
LogInit: Presizing for max 8388607 objects, including 0 objects not considered by GC, pre-allocating 0 bytes for permanent pool.
LogInit: Object subsystem initialized
[2017.09.13-09.13.33:172][  0]LogInit: Selected Device Profile: [Windows]
[2017.09.13-09.13.33:172][  0]LogInit: Applying CVar settings loaded from the selected device profile: [Windows]
[2017.09.13-09.13.33:195][  0]LogInit: Computer: ADMIN-PC
[2017.09.13-09.13.33:195][  0]LogInit: User: Admin
[2017.09.13-09.13.33:195][  0]LogInit: CPU Page size=4096, Cores=2
[2017.09.13-09.13.33:195][  0]LogInit: High frequency timer resolution =3.020527 MHz
[2017.09.13-09.13.33:196][  0]LogMemory: Memory total: Physical=8.0GB (8GB approx)
[2017.09.13-09.13.33:196][  0]LogMemory: Platform Memory Stats for Windows
[2017.09.13-09.13.33:196][  0]LogMemory: Process Physical Memory: 277.83 MB used, 277.83 MB peak
[2017.09.13-09.13.33:196][  0]LogMemory: Process Virtual Memory: 278.03 MB used, 278.03 MB peak
[2017.09.13-09.13.33:196][  0]LogMemory: Physical Memory: 3565.15 MB used,  4610.15 MB free, 8175.30 MB total
[2017.09.13-09.13.33:196][  0]LogMemory: Virtual Memory: 650.45 MB used,  4610.15 MB free, 8388608.00 MB total
[2017.09.13-09.13.33:690][  0]LogInit: Using OS detected language (it-IT).
[2017.09.13-09.13.33:690][  0]LogInit: Using OS detected locale (it-IT).
[2017.09.13-09.13.33:956][  0]LogTextLocalizationManager: No localization for 'it-IT' exists, so 'en' will be used for the language.
[2017.09.13-09.13.33:957][  0]LogTextLocalizationManager: No localization for 'it-IT' exists, so 'en' will be used for the locale.
[2017.09.13-09.13.38:931][  0]LogD3D11RHI: D3D11 adapters:
[2017.09.13-09.13.39:884][  0]LogD3D11RHI:    0. 'NVIDIA GeForce GTX 960' (Feature Level 11_0)
[2017.09.13-09.13.39:884][  0]LogD3D11RHI:       1969/0/3831 MB DedicatedVideo/DedicatedSystem/SharedSystem, Outputs:1, VendorId:0x10de
[2017.09.13-09.13.39:884][  0]LogD3D11RHI: Chosen D3D11 Adapter: 0
[2017.09.13-09.13.39:891][  0]LogD3D11RHI: Creating new Direct3DDevice
[2017.09.13-09.13.39:891][  0]LogD3D11RHI:     GPU DeviceId: 0x1401 (for the marketing name, search the web for "GPU Device Id")
[2017.09.13-09.13.39:891][  0]LogWindows: EnumDisplayDevices:
[2017.09.13-09.13.39:891][  0]LogWindows:    0. 'NVIDIA GeForce GTX 960' (P:1 D:1)
[2017.09.13-09.13.39:891][  0]LogWindows:    1. 'NVIDIA GeForce GTX 960' (P:0 D:0)
[2017.09.13-09.13.39:892][  0]LogWindows:    2. 'NVIDIA GeForce GTX 960' (P:0 D:0)
[2017.09.13-09.13.39:892][  0]LogWindows:    3. 'NVIDIA GeForce GTX 960' (P:0 D:0)
[2017.09.13-09.13.39:892][  0]LogWindows:    4. 'RDPDD Chained DD' (P:0 D:0)
[2017.09.13-09.13.39:892][  0]LogWindows:    5. 'RDP Encoder Mirror Driver' (P:0 D:0)
[2017.09.13-09.13.39:893][  0]LogWindows:    6. 'RDP Reflector Display Driver' (P:0 D:0)
[2017.09.13-09.13.39:893][  0]LogWindows: DebugString: GetVideoDriverDetailsInvalid PrimaryIsNotTheChoosenAdapter GetVideoDriverDetailsInvalid PrimaryIsNotTheChoosenAdapter GetVideoDriverDetailsInvalid PrimaryIsNotTheChoosenAdapter FoundDriverCount:4 
[2017.09.13-09.13.39:893][  0]LogD3D11RHI:     Adapter Name: NVIDIA GeForce GTX 960
[2017.09.13-09.13.39:893][  0]LogD3D11RHI:   Driver Version: 384.76 (internal:22.21.13.8476, unified:384.76)
[2017.09.13-09.13.39:893][  0]LogD3D11RHI:      Driver Date: 6-27-2017
[2017.09.13-09.13.39:893][  0]LogRHI: Texture pool is 1361 MB (70% of 1945 MB)
[2017.09.13-09.13.40:925][  0]LogD3D11RHI: Async texture creation enabled
[2017.09.13-09.13.40:957][  0]LogD3D11RHI: GPU Timing Frequency: 1000.000000 (Debug: 2 2)
[2017.09.13-09.13.40:959][  0]LogShaderCompilers: Guid format shader working directory is -40 characters bigger than the processId version (../../../../../../Users/Admin/Documents/Repositories/ScripterWorkshop/ScripterWorkshop/Intermediate/Shaders/WorkingDirectory/8252/).
[2017.09.13-09.13.40:960][  0]LogShaderCompilers: Cleaned the shader compiler working directory 'C:/Users/Admin/AppData/Local/Temp/UnrealShaderWorkingDir/684322B747E6AC9E6CF1288600A30F5B/'.
[2017.09.13-09.13.40:960][  0]LogShaderCompilers: Display: Using Local Shader Compiler.
[2017.09.13-09.13.45:526][  0]LogTemp: Display: Loaded TP AllDesktopTargetPlatform
[2017.09.13-09.13.45:638][  0]LogTemp: Display: Loaded TP MacClientTargetPlatform
[2017.09.13-09.13.45:737][  0]LogTemp: Display: Loaded TP MacNoEditorTargetPlatform
[2017.09.13-09.13.45:827][  0]LogTemp: Display: Loaded TP MacServerTargetPlatform
[2017.09.13-09.13.45:957][  0]LogTemp: Display: Loaded TP MacTargetPlatform
[2017.09.13-09.13.46:072][  0]LogTemp: Display: Loaded TP WindowsClientTargetPlatform
[2017.09.13-09.13.46:184][  0]LogTemp: Display: Loaded TP WindowsNoEditorTargetPlatform
[2017.09.13-09.13.46:312][  0]LogTemp: Display: Loaded TP WindowsServerTargetPlatform
[2017.09.13-09.13.46:427][  0]LogTemp: Display: Loaded TP WindowsTargetPlatform
[2017.09.13-09.13.46:559][  0]LogTemp: Display: Loaded TP AndroidTargetPlatform
[2017.09.13-09.13.46:682][  0]LogTemp: Display: Loaded TP Android_ASTCTargetPlatform
[2017.09.13-09.13.46:810][  0]LogTemp: Display: Loaded TP Android_ATCTargetPlatform
[2017.09.13-09.13.46:924][  0]LogTemp: Display: Loaded TP Android_DXTTargetPlatform
[2017.09.13-09.13.47:031][  0]LogTemp: Display: Loaded TP Android_ETC1TargetPlatform
[2017.09.13-09.13.47:130][  0]LogTemp: Display: Loaded TP Android_ETC2TargetPlatform
[2017.09.13-09.13.47:316][  0]LogTemp: Display: Loaded TP Android_MultiTargetPlatform
[2017.09.13-09.13.47:316][  0]LogTemp: Display: Loaded TP Android_PVRTCTargetPlatform
[2017.09.13-09.13.47:388][  0]LogTemp: Display: Loaded TP HTML5TargetPlatform
[2017.09.13-09.13.47:562][  0]LogTemp: Display: Loaded TP IOSTargetPlatform
[2017.09.13-09.13.47:610][  0]LogTemp: Display: Loaded TP TVOSTargetPlatform
[2017.09.13-09.13.47:707][  0]LogTemp: Display: Loaded TP LinuxClientTargetPlatform
[2017.09.13-09.13.47:796][  0]LogTemp: Display: Loaded TP LinuxNoEditorTargetPlatform
[2017.09.13-09.13.47:884][  0]LogTemp: Display: Loaded TP LinuxServerTargetPlatform
[2017.09.13-09.13.48:002][  0]LogTemp: Display: Loaded TP LinuxTargetPlatform
[2017.09.13-09.13.48:002][  0]LogTargetPlatformManager: Display: Building Assets For Windows
[2017.09.13-09.13.49:111][  0]LogDerivedDataCache: Display: Max Cache Size: 512 MB
[2017.09.13-09.13.49:882][  0]LogDerivedDataCache: Loaded boot cache 0.77s 93MB C:/Users/Admin/AppData/Local/UnrealEngine/4.17/DerivedDataCache/Boot.ddc.
[2017.09.13-09.13.49:882][  0]LogDerivedDataCache: Display: Loaded Boot cache: C:/Users/Admin/AppData/Local/UnrealEngine/4.17/DerivedDataCache/Boot.ddc
[2017.09.13-09.13.49:882][  0]LogDerivedDataCache: FDerivedDataBackendGraph:  Pak pak cache file ../../../../../../Users/Admin/Documents/Repositories/ScripterWorkshop/ScripterWorkshop/DerivedDataCache/DDC.ddp not found, will not use a pak cache.
[2017.09.13-09.13.49:882][  0]LogDerivedDataCache: Unable to find inner node Pak for hierarchical cache Hierarchy.
[2017.09.13-09.13.49:882][  0]LogDerivedDataCache: FDerivedDataBackendGraph:  CompressedPak pak cache file ../../../../../../Users/Admin/Documents/Repositories/ScripterWorkshop/ScripterWorkshop/DerivedDataCache/Compressed.ddp not found, will not use a pak cache.
[2017.09.13-09.13.49:882][  0]LogDerivedDataCache: Unable to find inner node CompressedPak for hierarchical cache Hierarchy.
[2017.09.13-09.13.49:946][  0]LogDerivedDataCache: Display: Pak cache opened for reading ../../../Engine/DerivedDataCache/Compressed.ddp.
[2017.09.13-09.13.49:988][  0]LogDerivedDataCache: Using Local data cache path C:/Users/Admin/AppData/Local/UnrealEngine/Common/DerivedDataCache: Writable
[2017.09.13-09.13.50:003][  0]LogMaterial: Verifying Global Shaders for PCD3D_SM5
[2017.09.13-09.13.50:004][  0]LogSlate: Using Freetype 2.6.0
[2017.09.13-09.13.50:041][  0]LogSlate: SlateFontCache - WITH_FREETYPE: 1, WITH_HARFBUZZ: 1
[2017.09.13-09.13.50:041][  0]LogSlate: SlateFontCache - WITH_FREETYPE: 1, WITH_HARFBUZZ: 1
[2017.09.13-09.13.52:494][  0]LogAssetRegistry: FAssetRegistry took 0.0265 seconds to start up
[2017.09.13-09.13.53:743][  0]LogInit: Selected Device Profile: [Windows]
[2017.09.13-09.13.53:749][  0]LogContentStreaming: Texture pool size is 0.00 MB
[2017.09.13-09.13.54:622][  0]LogSimplygon: Simplygon DLL not present - disabling.
[2017.09.13-09.13.54:729][  0]LogMeshReduction: Using SimplygonSwarm for distributed automatic mesh merging
[2017.09.13-09.13.54:729][  0]LogMeshReduction: Using QuadricMeshReduction for automatic static mesh reduction
[2017.09.13-09.13.54:729][  0]LogMeshReduction: No automatic skeletal mesh reduction module available
[2017.09.13-09.13.54:729][  0]LogMeshReduction: No automatic mesh merging module available
[2017.09.13-09.13.54:729][  0]LogMeshMerging: No automatic mesh merging module available
[2017.09.13-09.13.56:378][  0]LogNetVersion: ScripterWorkshop , NetCL: 3573198, EngineNetVer: 2, GameNetVer: 0 (Checksum: 3244171880)
[2017.09.13-09.13.56:822][  0]LogPackageLocalizationCache: Processed 5 localized package path(s) for 1 prioritized culture(s) in 0.021391 seconds
[2017.09.13-09.13.56:830][  0]LogUObjectArray: 35825 objects as part of root set at end of initial load.
[2017.09.13-09.13.56:830][  0]LogUObjectAllocator: 7529112 out of 0 bytes used by permanent object pool.
[2017.09.13-09.13.56:830][  0]LogUObjectArray: CloseDisregardForGC: 0/0 objects in disregard for GC pool
[2017.09.13-09.13.56:934][  0]LogInit: WinSock: version 1.1 (2.2), MaxSocks=32767, MaxUdp=65467
[2017.09.13-09.14.18:573][  0]LogTcpMessaging: Initializing TcpMessaging bridge
[2017.09.13-09.14.18:628][  0]LogUdpMessaging: Initializing bridge on interface 0.0.0.0:0 to multicast group 230.0.0.1:6666.
[2017.09.13-09.14.20:926][  0]LogMaterial: Uniform references updated for custom material expression Custom.
[2017.09.13-09.14.21:641][  0]SourceControl: Source control is disabled
[2017.09.13-09.14.21:641][  0]SourceControl: Source control is disabled
[2017.09.13-09.14.21:728][  0]SourceControl: Source control is disabled
[2017.09.13-09.14.21:822][  0]SourceControl: Source control is disabled
[2017.09.13-09.14.22:896][  0]LogAndroidPermission: UAndroidPermissionCallbackProxy::GetInstance
[2017.09.13-09.14.23:304][  0]LogOcInput: OculusInput pre-init called
[2017.09.13-09.14.23:773][  0]LogEngine: Initializing Engine...
[2017.09.13-09.14.23:775][  0]LogHMD: Failed to initialize OpenVR with code 110
[2017.09.13-09.14.24:473][  0]LogStats: UGameplayTagsManager::ConstructGameplayTagTree: Construct from data asset -  0.000 s
[2017.09.13-09.14.24:473][  0]LogStats: UGameplayTagsManager::ConstructGameplayTagTree: GameplayTagTreeChangedEvent.Broadcast -  0.000 s
[2017.09.13-09.14.24:704][  0]LogAIModule: Creating AISystem for world Untitled
[2017.09.13-09.14.24:720][  0]LogInit: XAudio2 using 'Altoparlanti (Realtek High Definition Audio)' : 2 channels at 48 kHz using 32 bits per sample (channel mask 0x3)
[2017.09.13-09.14.24:736][  0]LogInit: FAudioDevice initialized.
[2017.09.13-09.14.24:901][  0]LogDerivedDataCache: Saved boot cache 0.16s 93MB C:/Users/Admin/AppData/Local/UnrealEngine/4.17/DerivedDataCache/Boot.ddc.
[2017.09.13-09.14.24:915][  0]LogInit: Texture streaming: Enabled
[2017.09.13-09.14.25:115][  0]LogEngineSessionManager: EngineSessionManager initialized
[2017.09.13-09.14.25:602][  0]LogInit: Transaction tracking system initialized
[2017.09.13-09.14.26:211][  0]BlueprintLog: New page: Editor Load
[2017.09.13-09.14.28:053][  0]LocalizationService: Localization service is disabled
[2017.09.13-09.14.29:782][  0]LogConsoleResponse: Display: 
[2017.09.13-09.14.31:395][  0]LogCook: Display: Max memory allowance for cook 16384mb min free memory 0mb
[2017.09.13-09.14.31:395][  0]LogCook: Display: Mobile HDR setting 1
[2017.09.13-09.14.31:395][  0]LogGameplayTags: Display: UGameplayTagsManager::DoneAddingNativeTags. DelegateIsBound: 0
[2017.09.13-09.14.31:468][  0]LogFileCache: Scanning file cache for directory 'C:/Users/Admin/Documents/Repositories/ScripterWorkshop/ScripterWorkshop/Content/' took 0.02s
[2017.09.13-09.14.33:759][  0]SourceControl: Source control is disabled
[2017.09.13-09.14.33:759][  0]Cmd: MAP LOAD FILE="../../../../../../Users/Admin/Documents/Repositories/ScripterWorkshop/ScripterWorkshop/Content/ScripterWorkshop.umap" TEMPLATE=0 SHOWPROGRESS=1 FEATURELEVEL=3
[2017.09.13-09.14.33:760][  0]LightingResults: New page: Lighting Build
[2017.09.13-09.14.33:836][  0]MapCheck: New page: Map Check
[2017.09.13-09.14.33:836][  0]LightingResults: New page: Lighting Build
[2017.09.13-09.14.34:918][  0]LogAIModule: Creating AISystem for world ScripterWorkshop
[2017.09.13-09.14.34:953][  0]LogEditorServer: Finished looking for orphan Actors (0.000 secs)
[2017.09.13-09.14.34:971][  0]Cmd: MAP CHECKDEP NOCLEARLOG
[2017.09.13-09.14.35:071][  0]MapCheck: Map check complete: 0 Error(s), 0 Warning(s), took 99.535ms to complete.
[2017.09.13-09.14.35:071][  0]LogFileHelpers: Loading map 'ScripterWorkshop' took 1.312
[2017.09.13-09.14.35:512][  0]LogCollectionManager: Loaded 0 collections in 0.001804 seconds
[2017.09.13-09.14.35:627][  0]LogFileCache: Scanning file cache for directory 'C:/Users/Admin/Documents/Repositories/ScripterWorkshop/ScripterWorkshop/Saved/Collections/' took 0.01s
[2017.09.13-09.14.35:627][  0]LogFileCache: Scanning file cache for directory 'C:/Users/Admin/Documents/Repositories/ScripterWorkshop/ScripterWorkshop/Content/Developers/Admin/Collections/' took 0.01s
[2017.09.13-09.14.35:627][  0]LogFileCache: Scanning file cache for directory 'C:/Users/Admin/Documents/Repositories/ScripterWorkshop/ScripterWorkshop/Content/Collections/' took 0.01s
[2017.09.13-09.14.35:627][  0]LogCollectionManager: Rebuilt the GUID cache for 0 collections in 0.000001 seconds
[2017.09.13-09.14.35:641][  0]LogContentBrowser: Native class hierarchy populated in 0.0135 seconds. Added 2393 classes and 504 folders.
[2017.09.13-09.14.35:756][  0]LogContentBrowser: Native class hierarchy updated for 'WidgetCarousel' in 0.0026 seconds. Added 0 classes and 0 folders.
[2017.09.13-09.14.37:272][  0]LogContentBrowser: Native class hierarchy updated for 'AddContentDialog' in 0.0025 seconds. Added 0 classes and 0 folders.
[2017.09.13-09.14.37:290][  0]LogSlate: Took 0.012403 seconds to synchronously load lazily loaded font '../../../Engine/Content/Slate/Fonts/Roboto-Regular.ttf' (155K)
[2017.09.13-09.14.37:301][  0]LogSlate: Took 0.007096 seconds to synchronously load lazily loaded font '../../../Engine/Content/Slate/Fonts/Roboto-Bold.ttf' (160K)
[2017.09.13-09.14.37:320][  0]LogSlate: Took 0.013266 seconds to synchronously load lazily loaded font '../../../Engine/Content/Editor/Slate/Fonts/FontAwesome.ttf' (139K)
[2017.09.13-09.14.37:336][  0]LogSlate: Took 0.014691 seconds to synchronously load lazily loaded font '../../../Engine/Content/Editor/Slate/Fonts/DroidSansMono.ttf' (77K)
[2017.09.13-09.14.37:611][  0]LogRenderer: Reallocating scene render targets to support 832x588 Format 10 NumSamples 1 (Frame:1).
[2017.09.13-09.14.37:891][  0]LogContentBrowser: Native class hierarchy updated for 'HierarchicalLODOutliner' in 0.0030 seconds. Added 1 classes and 2 folders.
[2017.09.13-09.14.37:891][  0]LogLoad: (Engine Initialization) Total time: 67.84 seconds
[2017.09.13-09.14.37:892][  0]LogLoad: (Engine Initialization) Total Blueprint compile time: 0.00 seconds
[2017.09.13-09.14.37:892][  0]LogExternalProfiler: Found external profiler: VSPerf
[2017.09.13-09.14.37:892][  0]LogExternalProfiler: Using external profiler: VSPerf
[2017.09.13-09.14.38:249][  0]LogContentStreaming: Texture pool size now 1000 MB
[2017.09.13-09.14.38:579][  1]LogAssetRegistry: Asset discovery search completed in 46.1054 seconds
[2017.09.13-09.14.38:582][  1]LogCollectionManager: Rebuilt the object cache for 0 collections in 0.000001 seconds (found 0 objects)
[2017.09.13-09.14.38:582][  1]LogCollectionManager: Fixed up redirectors for 0 collections in 0.000280 seconds (updated 0 objects)
[2017.09.13-09.15.53:066][456]LogTemp: Repeating last play command: Selected Viewport
[2017.09.13-09.15.53:187][456]LogPlayLevel: PlayLevel: No blueprints needed recompiling
[2017.09.13-09.15.53:188][456]PIE: New page: PIE session: ScripterWorkshop (Sep 13, 2017, 1:15:53 PM)
[2017.09.13-09.15.53:188][456]LogPlayLevel: Creating play world package: /Game/UEDPIE_0_ScripterWorkshop
[2017.09.13-09.15.53:191][456]LogPlayLevel: PIE: StaticDuplicateObject took: (0.003084s)
[2017.09.13-09.15.53:192][456]LogAIModule: Creating AISystem for world ScripterWorkshop
[2017.09.13-09.15.53:193][456]LogPlayLevel: PIE: World Init took: (0.001264s)
[2017.09.13-09.15.53:193][456]LogPlayLevel: PIE: Created PIE world by copying editor world from /Game/ScripterWorkshop.ScripterWorkshop to /Game/UEDPIE_0_ScripterWorkshop.ScripterWorkshop (0.005070s)
[2017.09.13-09.15.53:222][456]LogInit: XAudio2 using 'Altoparlanti (Realtek High Definition Audio)' : 2 channels at 48 kHz using 32 bits per sample (channel mask 0x3)
[2017.09.13-09.15.53:237][456]LogInit: FAudioDevice initialized.
[2017.09.13-09.15.53:379][456]LogLoad: Game class is 'BasicFirstPerson_C'
[2017.09.13-09.15.53:381][456]LogWorld: Bringing World /Game/UEDPIE_0_ScripterWorkshop.ScripterWorkshop up for play (max tick rate 0) at 2017.09.13-11.15.53
[2017.09.13-09.15.53:382][456]LogWorld: Bringing up level for play took: 0.001738
[2017.09.13-09.15.53:465][456]LogContentBrowser: Native class hierarchy updated for 'MovieSceneCapture' in 0.0026 seconds. Added 11 classes and 0 folders.
[2017.09.13-09.15.53:469][456]PIE: Play in editor start time for /Game/UEDPIE_0_ScripterWorkshop 1.263
[2017.09.13-09.16.01:205][585]LogWindows: Error: === Critical error: ===
[2017.09.13-09.16.01:205][585]LogWindows: Error: 
[2017.09.13-09.16.01:205][585]LogWindows: Error: Fatal error!
[2017.09.13-09.16.01:205][585]LogWindows: Error: 
[2017.09.13-09.16.01:205][585]LogWindows: Error: Unhandled Exception: EXCEPTION_ACCESS_VIOLATION reading address 0x00000000
[2017.09.13-09.16.01:206][585]LogWindows: Error: 
[2017.09.13-09.16.01:206][585]LogWindows: Error: UE4Editor-ScripterWorkshop-6779.dll!UMaterialSwitcher::SwitchMaterial() [c:\users\admin\documents\repositories\scripterworkshop\scripterworkshop\source\scripterworkshop\materialswitcher.cpp:65]
[2017.09.13-09.16.01:206][585]LogWindows: Error: UE4Editor-Engine.dll!0x00000000C02C5956
[2017.09.13-09.16.01:206][585]LogWindows: Error: UE4Editor-Engine.dll!0x00000000C02F72C1
[2017.09.13-09.16.01:206][585]LogWindows: Error: UE4Editor-Engine.dll!0x00000000BFE8A4BC
[2017.09.13-09.16.01:206][585]LogWindows: Error: UE4Editor-Engine.dll!0x00000000BFE9E586
[2017.09.13-09.16.01:206][585]LogWindows: Error: UE4Editor-Engine.dll!0x00000000BFE8828B
[2017.09.13-09.16.01:207][585]LogWindows: Error: UE4Editor-Engine.dll!0x00000000BFE9D75A
[2017.09.13-09.16.01:207][585]LogWindows: Error: UE4Editor-Engine.dll!0x00000000BF1836F6
[2017.09.13-09.16.01:207][585]LogWindows: Error: UE4Editor-Engine.dll!0x00000000C01AAB9B
[2017.09.13-09.16.01:207][585]LogWindows: Error: UE4Editor-Engine.dll!0x00000000C01B163B
[2017.09.13-09.16.01:207][585]LogWindows: Error: UE4Editor-Core.dll!0x00000000D5A324F5
[2017.09.13-09.16.01:207][585]LogWindows: Error: UE4Editor-Core.dll!0x00000000D5A32ADA
[2017.09.13-09.16.01:207][585]LogWindows: Error: UE4Editor-Core.dll!0x00000000D5A529CE
[2017.09.13-09.16.01:207][585]LogWindows: Error: UE4Editor-Engine.dll!0x00000000C01CDD22
[2017.09.13-09.16.01:208][585]LogWindows: Error: UE4Editor-Engine.dll!0x00000000C01D32B2
[2017.09.13-09.16.01:208][585]LogWindows: Error: UE4Editor-Engine.dll!0x00000000BFAD21D4
[2017.09.13-09.16.01:208][585]LogWindows: Error: UE4Editor-Engine.dll!0x00000000BFADAEB6
[2017.09.13-09.16.01:208][585]LogWindows: Error: UE4Editor-UnrealEd.dll!0x00000000C471C942
[2017.09.13-09.16.01:208][585]LogWindows: Error: UE4Editor-UnrealEd.dll!0x00000000C4FACEE6
[2017.09.13-09.16.01:208][585]LogWindows: Error: UE4Editor.exe!0x000000003F64534A
[2017.09.13-09.16.01:208][585]LogWindows: Error: UE4Editor.exe!0x000000003F653970
[2017.09.13-09.16.01:208][585]LogWindows: Error: UE4Editor.exe!0x000000003F6539EA
[2017.09.13-09.16.01:208][585]LogWindows: Error: UE4Editor.exe!0x000000003F6602D9
[2017.09.13-09.16.01:209][585]LogWindows: Error: UE4Editor.exe!0x000000003F661C47
[2017.09.13-09.16.01:209][585]LogWindows: Error: kernel32.dll!0x00000000773959CD
[2017.09.13-09.16.01:209][585]LogWindows: Error: ntdll.dll!0x00000000775CB981
[2017.09.13-09.16.01:209][585]LogWindows: Error: ntdll.dll!0x00000000775CB981
[2017.09.13-09.16.01:209][585]LogWindows: Error: 
[2017.09.13-09.16.01:222][585]LogExit: Executing StaticShutdownAfterError
[2017.09.13-09.16.01:226][585]LogWindows: FPlatformMisc::RequestExit(1)
[2017.09.13-09.16.01:249][585]Log file closed, 09/13/17 11:16:01
