Log file open, 09/13/17 12:33:35
LogWindows: LoadLibraryWithSearchPaths failed for file aqProf.dll. GetLastError=0
LogWindows: LoadLibraryWithSearchPaths failed for file VtuneApi.dll. GetLastError=0
LogWindows: LoadLibraryWithSearchPaths failed for file VtuneApi32e.dll. GetLastError=0
LogInit: Display: Running engine for game: ScripterWorkshop
LogPlatformFile: Not using cached read wrapper
LogInit: Display: RandInit(-390539550) SRandInit(-390539550).
LogTaskGraph: Started task graph with 5 named threads and 8 total threads with 3 sets of task threads.
LogStats: Stats thread started at 0.131378
LogD3D11RHI: Aftermath initialized
LogPluginManager: Mounting plugin Paper2D
LogPluginManager: Mounting plugin LightPropagationVolume
LogPluginManager: Mounting plugin CodeLiteSourceCodeAccess
LogPluginManager: Mounting plugin GitSourceControl
LogPluginManager: Mounting plugin KDevelopSourceCodeAccess
LogPluginManager: Mounting plugin NullSourceCodeAccess
LogPluginManager: Mounting plugin PerforceSourceControl
LogPluginManager: Mounting plugin SubversionSourceControl
LogPluginManager: Mounting plugin UObjectPlugin
LogPluginManager: Mounting plugin VisualStudioSourceCodeAccess
LogPluginManager: Mounting plugin XCodeSourceCodeAccess
LogPluginManager: Mounting plugin AssetManagerEditor
LogPluginManager: Mounting plugin AudioCapture
LogPluginManager: Mounting plugin FacialAnimation
LogPluginManager: Mounting plugin GameplayTagsEditor
LogPluginManager: Mounting plugin MobileLauncherProfileWizard
LogPluginManager: Mounting plugin PluginBrowser
LogPluginManager: Mounting plugin SpeedTreeImporter
LogPluginManager: Mounting plugin AlembicImporter
LogPluginManager: Mounting plugin CharacterAI
LogPluginManager: Mounting plugin HTML5Networking
LogPluginManager: Mounting plugin AndroidMedia
LogPluginManager: Mounting plugin AvfMedia
LogPluginManager: Mounting plugin MediaPlayerEditor
LogPluginManager: Mounting plugin WmfMedia
LogPluginManager: Mounting plugin TcpMessaging
LogPluginManager: Mounting plugin UdpMessaging
LogPluginManager: Mounting plugin LevelSequenceEditor
LogPluginManager: Mounting plugin MatineeToLevelSequence
LogPluginManager: Mounting plugin OnlineSubsystemGooglePlay
LogPluginManager: Mounting plugin OnlineSubsystemIOS
LogPluginManager: Mounting plugin OnlineSubsystem
LogPluginManager: Mounting plugin OnlineSubsystemNull
LogPluginManager: Mounting plugin OnlineSubsystemUtils
LogPluginManager: Mounting plugin AndroidDeviceProfileSelector
LogPluginManager: Mounting plugin AndroidMoviePlayer
LogPluginManager: Mounting plugin AndroidPermission
LogPluginManager: Mounting plugin AppleMoviePlayer
LogPluginManager: Mounting plugin ArchVisCharacter
LogPluginManager: Mounting plugin CableComponent
LogPluginManager: Mounting plugin CustomMeshComponent
LogPluginManager: Mounting plugin ExampleDeviceProfileSelector
LogPluginManager: Mounting plugin GoogleCloudMessaging
LogPluginManager: Mounting plugin ImmediatePhysics
LogPluginManager: Mounting plugin IOSDeviceProfileSelector
LogPluginManager: Mounting plugin LinuxDeviceProfileSelector
LogPluginManager: Mounting plugin LocationServicesBPLibrary
LogPluginManager: Mounting plugin MobilePatchingUtils
LogPluginManager: Mounting plugin OculusVR
LogPluginManager: Mounting plugin PhysXVehicles
LogPluginManager: Mounting plugin ProceduralMeshComponent
LogPluginManager: Mounting plugin RuntimePhysXCooking
LogPluginManager: Mounting plugin SteamVR
LogPluginManager: Mounting plugin WindowsMoviePlayer
LogInit: Using libcurl 7.47.1
LogInit:  - built for x86_64-pc-win32
LogInit:  - supports SSL with OpenSSL/1.0.2g
LogInit:  - supports HTTP deflate (compression) using libz 1.2.8
LogInit:  - other features:
LogInit:      CURL_VERSION_SSL
LogInit:      CURL_VERSION_LIBZ
LogInit:      CURL_VERSION_IPV6
LogInit:      CURL_VERSION_ASYNCHDNS
LogInit:      CURL_VERSION_LARGEFILE
LogInit:      CURL_VERSION_IDN
LogInit:  CurlRequestOptions (configurable via config and command line):
LogInit:  - bVerifyPeer = false  - Libcurl will NOT verify peer certificate
LogInit:  - bUseHttpProxy = false  - Libcurl will NOT use HTTP proxy
LogInit:  - bDontReuseConnections = false  - Libcurl will reuse connections
LogInit:  - CertBundlePath = nullptr  - Libcurl will use whatever was configured at build time.
LogInit: Build: ++UE4+Release-4.17-CL-3586342
LogInit: Engine Version: 4.17.1-3586342+++UE4+Release-4.17
LogInit: Compatible Engine Version: 4.17.0-3573198+++UE4+Release-4.17
LogInit: Net CL: 3573198
LogDevObjectVersion: Number of dev versions registered: 16
LogDevObjectVersion:   Dev-Blueprints (B0D832E4-1F89-4F0D-ACCF-7EB736FD4AA2): 10
LogDevObjectVersion:   Dev-Build (E1C64328-A22C-4D53-A36C-8E866417BD8C): 0
LogDevObjectVersion:   Dev-Core (375EC13C-06E4-48FB-B500-84F0262A717E): 2
LogDevObjectVersion:   Dev-Editor (E4B068ED-F494-42E9-A231-DA0B2E46BB41): 20
LogDevObjectVersion:   Dev-Framework (CFFC743F-43B0-4480-9391-14DF171D2073): 28
LogDevObjectVersion:   Dev-Mobile (B02B49B5-BB20-44E9-A304-32B752E40360): 0
LogDevObjectVersion:   Dev-Networking (A4E4105C-59A1-49B5-A7C5-40C4547EDFEE): 0
LogDevObjectVersion:   Dev-Online (39C831C9-5AE6-47DC-9A44-9C173E1C8E7C): 0
LogDevObjectVersion:   Dev-Physics (78F01B33-EBEA-4F98-B9B4-84EACCB95AA2): 0
LogDevObjectVersion:   Dev-Platform (6631380F-2D4D-43E0-8009-CF276956A95A): 0
LogDevObjectVersion:   Dev-Rendering (12F88B9F-8875-4AFC-A67C-D90C383ABD29): 19
LogDevObjectVersion:   Dev-Sequencer (7B5AE74C-D270-4C10-A958-57980B212A5A): 4
LogDevObjectVersion:   Dev-VR (D7296918-1DD6-4BDD-9DE2-64A83CC13884): 0
LogDevObjectVersion:   Dev-LoadTimes (C2A15278-BFE7-4AFE-6C17-90FF531DF755): 1
LogDevObjectVersion:   Private-Geometry (6EACA3D4-40EC-4CC1-B786-8BED09428FC5): 1
LogDevObjectVersion:   Dev-AnimPhys (29E575DD-E0A3-4627-9D10-D276232CDCEA): 7
LogInit: Compiled (64-bit): Aug 15 2017 02:05:26
LogInit: Compiled with Visual C++: 19.00.24215.01
LogInit: Build Configuration: Development
LogInit: Branch Name: ++UE4+Release-4.17
LogInit: Command line: 
LogInit: Base directory: C:/Program Files/Epic Games/UE_4.17/Engine/Binaries/Win64/
LogInit: Installed Engine Build: 1
LogInit: Presizing for max 8388607 objects, including 0 objects not considered by GC, pre-allocating 0 bytes for permanent pool.
LogInit: Object subsystem initialized
[2017.09.13-10.33.37:994][  0]LogInit: Selected Device Profile: [Windows]
[2017.09.13-10.33.37:994][  0]LogInit: Applying CVar settings loaded from the selected device profile: [Windows]
[2017.09.13-10.33.38:050][  0]LogInit: Computer: ADMIN-PC
[2017.09.13-10.33.38:050][  0]LogInit: User: Admin
[2017.09.13-10.33.38:050][  0]LogInit: CPU Page size=4096, Cores=2
[2017.09.13-10.33.38:050][  0]LogInit: High frequency timer resolution =3.020527 MHz
[2017.09.13-10.33.38:051][  0]LogMemory: Memory total: Physical=8.0GB (8GB approx)
[2017.09.13-10.33.38:051][  0]LogMemory: Platform Memory Stats for Windows
[2017.09.13-10.33.38:051][  0]LogMemory: Process Physical Memory: 278.10 MB used, 278.10 MB peak
[2017.09.13-10.33.38:051][  0]LogMemory: Process Virtual Memory: 278.43 MB used, 278.43 MB peak
[2017.09.13-10.33.38:051][  0]LogMemory: Physical Memory: 5745.42 MB used,  2429.89 MB free, 8175.30 MB total
[2017.09.13-10.33.38:051][  0]LogMemory: Virtual Memory: 654.45 MB used,  2429.89 MB free, 8388608.00 MB total
[2017.09.13-10.33.39:089][  0]LogInit: Using OS detected language (it-IT).
[2017.09.13-10.33.39:089][  0]LogInit: Using OS detected locale (it-IT).
[2017.09.13-10.33.39:134][  0]LogTextLocalizationManager: No localization for 'it-IT' exists, so 'en' will be used for the language.
[2017.09.13-10.33.39:134][  0]LogTextLocalizationManager: No localization for 'it-IT' exists, so 'en' will be used for the locale.
[2017.09.13-10.33.49:454][  0]LogD3D11RHI: D3D11 adapters:
[2017.09.13-10.33.51:137][  0]LogD3D11RHI:    0. 'NVIDIA GeForce GTX 960' (Feature Level 11_0)
[2017.09.13-10.33.51:137][  0]LogD3D11RHI:       1969/0/3831 MB DedicatedVideo/DedicatedSystem/SharedSystem, Outputs:1, VendorId:0x10de
[2017.09.13-10.33.51:137][  0]LogD3D11RHI: Chosen D3D11 Adapter: 0
[2017.09.13-10.33.51:143][  0]LogD3D11RHI: Creating new Direct3DDevice
[2017.09.13-10.33.51:144][  0]LogD3D11RHI:     GPU DeviceId: 0x1401 (for the marketing name, search the web for "GPU Device Id")
[2017.09.13-10.33.51:144][  0]LogWindows: EnumDisplayDevices:
[2017.09.13-10.33.51:144][  0]LogWindows:    0. 'NVIDIA GeForce GTX 960' (P:1 D:1)
[2017.09.13-10.33.51:144][  0]LogWindows:    1. 'NVIDIA GeForce GTX 960' (P:0 D:0)
[2017.09.13-10.33.51:144][  0]LogWindows:    2. 'NVIDIA GeForce GTX 960' (P:0 D:0)
[2017.09.13-10.33.51:145][  0]LogWindows:    3. 'NVIDIA GeForce GTX 960' (P:0 D:0)
[2017.09.13-10.33.51:145][  0]LogWindows:    4. 'RDPDD Chained DD' (P:0 D:0)
[2017.09.13-10.33.51:145][  0]LogWindows:    5. 'RDP Encoder Mirror Driver' (P:0 D:0)
[2017.09.13-10.33.51:145][  0]LogWindows:    6. 'RDP Reflector Display Driver' (P:0 D:0)
[2017.09.13-10.33.51:146][  0]LogWindows: DebugString: GetVideoDriverDetailsInvalid PrimaryIsNotTheChoosenAdapter GetVideoDriverDetailsInvalid PrimaryIsNotTheChoosenAdapter GetVideoDriverDetailsInvalid PrimaryIsNotTheChoosenAdapter FoundDriverCount:4 
[2017.09.13-10.33.51:146][  0]LogD3D11RHI:     Adapter Name: NVIDIA GeForce GTX 960
[2017.09.13-10.33.51:146][  0]LogD3D11RHI:   Driver Version: 384.76 (internal:22.21.13.8476, unified:384.76)
[2017.09.13-10.33.51:146][  0]LogD3D11RHI:      Driver Date: 6-27-2017
[2017.09.13-10.33.51:146][  0]LogRHI: Texture pool is 1361 MB (70% of 1945 MB)
[2017.09.13-10.33.51:979][  0]LogD3D11RHI: Async texture creation enabled
[2017.09.13-10.33.52:011][  0]LogD3D11RHI: GPU Timing Frequency: 1000.000000 (Debug: 2 2)
[2017.09.13-10.33.52:013][  0]LogShaderCompilers: Guid format shader working directory is -40 characters bigger than the processId version (../../../../../../Users/Admin/Documents/Repositories/ScripterWorkshop/ScripterWorkshop/Intermediate/Shaders/WorkingDirectory/5092/).
[2017.09.13-10.33.52:013][  0]LogShaderCompilers: Cleaned the shader compiler working directory 'C:/Users/Admin/AppData/Local/Temp/UnrealShaderWorkingDir/6085A29E4588751AC6B1E4862E8920DD/'.
[2017.09.13-10.33.52:013][  0]LogShaderCompilers: Display: Using Local Shader Compiler.
[2017.09.13-10.33.59:278][  0]LogTemp: Display: Loaded TP AllDesktopTargetPlatform
[2017.09.13-10.33.59:362][  0]LogTemp: Display: Loaded TP MacClientTargetPlatform
[2017.09.13-10.33.59:453][  0]LogTemp: Display: Loaded TP MacNoEditorTargetPlatform
[2017.09.13-10.33.59:540][  0]LogTemp: Display: Loaded TP MacServerTargetPlatform
[2017.09.13-10.33.59:738][  0]LogTemp: Display: Loaded TP MacTargetPlatform
[2017.09.13-10.33.59:858][  0]LogTemp: Display: Loaded TP WindowsClientTargetPlatform
[2017.09.13-10.33.59:987][  0]LogTemp: Display: Loaded TP WindowsNoEditorTargetPlatform
[2017.09.13-10.34.00:125][  0]LogTemp: Display: Loaded TP WindowsServerTargetPlatform
[2017.09.13-10.34.00:237][  0]LogTemp: Display: Loaded TP WindowsTargetPlatform
[2017.09.13-10.34.00:351][  0]LogTemp: Display: Loaded TP AndroidTargetPlatform
[2017.09.13-10.34.00:464][  0]LogTemp: Display: Loaded TP Android_ASTCTargetPlatform
[2017.09.13-10.34.00:597][  0]LogTemp: Display: Loaded TP Android_ATCTargetPlatform
[2017.09.13-10.34.00:708][  0]LogTemp: Display: Loaded TP Android_DXTTargetPlatform
[2017.09.13-10.34.00:816][  0]LogTemp: Display: Loaded TP Android_ETC1TargetPlatform
[2017.09.13-10.34.00:923][  0]LogTemp: Display: Loaded TP Android_ETC2TargetPlatform
[2017.09.13-10.34.01:115][  0]LogTemp: Display: Loaded TP Android_MultiTargetPlatform
[2017.09.13-10.34.01:115][  0]LogTemp: Display: Loaded TP Android_PVRTCTargetPlatform
[2017.09.13-10.34.01:199][  0]LogTemp: Display: Loaded TP HTML5TargetPlatform
[2017.09.13-10.34.01:468][  0]LogTemp: Display: Loaded TP IOSTargetPlatform
[2017.09.13-10.34.01:520][  0]LogTemp: Display: Loaded TP TVOSTargetPlatform
[2017.09.13-10.34.01:629][  0]LogTemp: Display: Loaded TP LinuxClientTargetPlatform
[2017.09.13-10.34.01:760][  0]LogTemp: Display: Loaded TP LinuxNoEditorTargetPlatform
[2017.09.13-10.34.01:870][  0]LogTemp: Display: Loaded TP LinuxServerTargetPlatform
[2017.09.13-10.34.02:450][  0]LogTemp: Display: Loaded TP LinuxTargetPlatform
[2017.09.13-10.34.02:450][  0]LogTargetPlatformManager: Display: Building Assets For Windows
[2017.09.13-10.34.04:344][  0]LogDerivedDataCache: Display: Max Cache Size: 512 MB
[2017.09.13-10.34.11:843][  0]LogDerivedDataCache: Loaded boot cache 7.50s 93MB C:/Users/Admin/AppData/Local/UnrealEngine/4.17/DerivedDataCache/Boot.ddc.
[2017.09.13-10.34.11:843][  0]LogDerivedDataCache: Display: Loaded Boot cache: C:/Users/Admin/AppData/Local/UnrealEngine/4.17/DerivedDataCache/Boot.ddc
[2017.09.13-10.34.11:843][  0]LogDerivedDataCache: FDerivedDataBackendGraph:  Pak pak cache file ../../../../../../Users/Admin/Documents/Repositories/ScripterWorkshop/ScripterWorkshop/DerivedDataCache/DDC.ddp not found, will not use a pak cache.
[2017.09.13-10.34.11:843][  0]LogDerivedDataCache: Unable to find inner node Pak for hierarchical cache Hierarchy.
[2017.09.13-10.34.11:843][  0]LogDerivedDataCache: FDerivedDataBackendGraph:  CompressedPak pak cache file ../../../../../../Users/Admin/Documents/Repositories/ScripterWorkshop/ScripterWorkshop/DerivedDataCache/Compressed.ddp not found, will not use a pak cache.
[2017.09.13-10.34.11:843][  0]LogDerivedDataCache: Unable to find inner node CompressedPak for hierarchical cache Hierarchy.
[2017.09.13-10.34.11:867][  0]LogDerivedDataCache: Display: Pak cache opened for reading ../../../Engine/DerivedDataCache/Compressed.ddp.
[2017.09.13-10.34.11:878][  0]LogDerivedDataCache: Using Local data cache path C:/Users/Admin/AppData/Local/UnrealEngine/Common/DerivedDataCache: Writable
[2017.09.13-10.34.11:893][  0]LogMaterial: Verifying Global Shaders for PCD3D_SM5
[2017.09.13-10.34.11:893][  0]LogSlate: Using Freetype 2.6.0
[2017.09.13-10.34.11:894][  0]LogSlate: SlateFontCache - WITH_FREETYPE: 1, WITH_HARFBUZZ: 1
[2017.09.13-10.34.11:894][  0]LogSlate: SlateFontCache - WITH_FREETYPE: 1, WITH_HARFBUZZ: 1
[2017.09.13-10.34.19:070][  0]LogAssetRegistry: FAssetRegistry took 0.0261 seconds to start up
[2017.09.13-10.34.19:344][  0]LogInit: Selected Device Profile: [Windows]
[2017.09.13-10.34.19:349][  0]LogContentStreaming: Texture pool size is 0.00 MB
[2017.09.13-10.34.20:735][  0]LogSimplygon: Simplygon DLL not present - disabling.
[2017.09.13-10.34.20:902][  0]LogMeshReduction: Using SimplygonSwarm for distributed automatic mesh merging
[2017.09.13-10.34.20:902][  0]LogMeshReduction: Using QuadricMeshReduction for automatic static mesh reduction
[2017.09.13-10.34.20:902][  0]LogMeshReduction: No automatic skeletal mesh reduction module available
[2017.09.13-10.34.20:902][  0]LogMeshReduction: No automatic mesh merging module available
[2017.09.13-10.34.20:902][  0]LogMeshMerging: No automatic mesh merging module available
[2017.09.13-10.34.21:455][  0]LogNetVersion: ScripterWorkshop , NetCL: 3573198, EngineNetVer: 2, GameNetVer: 0 (Checksum: 3244171880)
[2017.09.13-10.34.21:795][  0]LogPackageLocalizationCache: Processed 5 localized package path(s) for 1 prioritized culture(s) in 0.072564 seconds
[2017.09.13-10.34.21:803][  0]LogUObjectArray: 35825 objects as part of root set at end of initial load.
[2017.09.13-10.34.21:803][  0]LogUObjectAllocator: 7529112 out of 0 bytes used by permanent object pool.
[2017.09.13-10.34.21:803][  0]LogUObjectArray: CloseDisregardForGC: 0/0 objects in disregard for GC pool
[2017.09.13-10.34.21:920][  0]LogInit: WinSock: version 1.1 (2.2), MaxSocks=32767, MaxUdp=65467
[2017.09.13-10.35.20:424][  0]LogTcpMessaging: Initializing TcpMessaging bridge
[2017.09.13-10.35.20:490][  0]LogUdpMessaging: Initializing bridge on interface 0.0.0.0:0 to multicast group 230.0.0.1:6666.
[2017.09.13-10.35.22:389][  0]LogMaterial: Uniform references updated for custom material expression Custom.
[2017.09.13-10.35.23:224][  0]SourceControl: Source control is disabled
[2017.09.13-10.35.23:224][  0]SourceControl: Source control is disabled
[2017.09.13-10.35.23:408][  0]SourceControl: Source control is disabled
[2017.09.13-10.35.23:590][  0]SourceControl: Source control is disabled
[2017.09.13-10.35.25:623][  0]LogAndroidPermission: UAndroidPermissionCallbackProxy::GetInstance
[2017.09.13-10.35.26:210][  0]LogOcInput: OculusInput pre-init called
[2017.09.13-10.35.26:893][  0]LogEngine: Initializing Engine...
[2017.09.13-10.35.26:895][  0]LogHMD: Failed to initialize OpenVR with code 110
[2017.09.13-10.35.27:204][  0]LogStats: UGameplayTagsManager::ConstructGameplayTagTree: Construct from data asset -  0.000 s
[2017.09.13-10.35.27:204][  0]LogStats: UGameplayTagsManager::ConstructGameplayTagTree: GameplayTagTreeChangedEvent.Broadcast -  0.000 s
[2017.09.13-10.35.27:476][  0]LogAIModule: Creating AISystem for world Untitled
[2017.09.13-10.35.27:507][  0]LogInit: XAudio2 using 'Altoparlanti (Realtek High Definition Audio)' : 2 channels at 48 kHz using 32 bits per sample (channel mask 0x3)
[2017.09.13-10.35.27:555][  0]LogInit: FAudioDevice initialized.
[2017.09.13-10.35.27:914][  0]LogDerivedDataCache: Saved boot cache 0.36s 93MB C:/Users/Admin/AppData/Local/UnrealEngine/4.17/DerivedDataCache/Boot.ddc.
[2017.09.13-10.35.27:929][  0]LogInit: Texture streaming: Enabled
[2017.09.13-10.35.28:197][  0]LogEngineSessionManager: EngineSessionManager initialized
[2017.09.13-10.35.28:197][  0]LogEngineSessionManager: EngineSessionManager sent abnormal shutdown report. Type=Crashed, SessionId={7A7B2684-4AEF-7E5C-EAC9-D493CFD26CE8}
[2017.09.13-10.35.28:875][  0]LogInit: Transaction tracking system initialized
[2017.09.13-10.35.29:827][  0]BlueprintLog: New page: Editor Load
[2017.09.13-10.35.34:430][  0]LocalizationService: Localization service is disabled
[2017.09.13-10.35.39:319][  0]LogConsoleResponse: Display: 
[2017.09.13-10.35.40:879][  0]LogCook: Display: Max memory allowance for cook 16384mb min free memory 0mb
[2017.09.13-10.35.40:879][  0]LogCook: Display: Mobile HDR setting 1
[2017.09.13-10.35.40:879][  0]LogGameplayTags: Display: UGameplayTagsManager::DoneAddingNativeTags. DelegateIsBound: 0
[2017.09.13-10.35.41:779][  0]LogFileCache: Scanning file cache for directory 'C:/Users/Admin/Documents/Repositories/ScripterWorkshop/ScripterWorkshop/Content/' took 0.02s
[2017.09.13-10.35.46:390][  0]SourceControl: Source control is disabled
[2017.09.13-10.35.46:391][  0]Cmd: MAP LOAD FILE="../../../../../../Users/Admin/Documents/Repositories/ScripterWorkshop/ScripterWorkshop/Content/ScripterWorkshop.umap" TEMPLATE=0 SHOWPROGRESS=1 FEATURELEVEL=3
[2017.09.13-10.35.46:455][  0]LightingResults: New page: Lighting Build
[2017.09.13-10.35.46:529][  0]MapCheck: New page: Map Check
[2017.09.13-10.35.46:529][  0]LightingResults: New page: Lighting Build
[2017.09.13-10.35.48:168][  0]LogAIModule: Creating AISystem for world ScripterWorkshop
[2017.09.13-10.35.48:183][  0]LogEditorServer: Finished looking for orphan Actors (0.000 secs)
[2017.09.13-10.35.48:207][  0]Cmd: MAP CHECKDEP NOCLEARLOG
[2017.09.13-10.35.48:325][  0]MapCheck: Map check complete: 0 Error(s), 0 Warning(s), took 117.766ms to complete.
[2017.09.13-10.35.48:325][  0]LogFileHelpers: Loading map 'ScripterWorkshop' took 1.934
[2017.09.13-10.35.49:008][  0]LogCollectionManager: Loaded 0 collections in 0.002879 seconds
[2017.09.13-10.35.49:138][  0]LogFileCache: Scanning file cache for directory 'C:/Users/Admin/Documents/Repositories/ScripterWorkshop/ScripterWorkshop/Saved/Collections/' took 0.01s
[2017.09.13-10.35.49:139][  0]LogFileCache: Scanning file cache for directory 'C:/Users/Admin/Documents/Repositories/ScripterWorkshop/ScripterWorkshop/Content/Developers/Admin/Collections/' took 0.01s
[2017.09.13-10.35.49:139][  0]LogFileCache: Scanning file cache for directory 'C:/Users/Admin/Documents/Repositories/ScripterWorkshop/ScripterWorkshop/Content/Collections/' took 0.01s
[2017.09.13-10.35.49:139][  0]LogCollectionManager: Rebuilt the GUID cache for 0 collections in 0.000001 seconds
[2017.09.13-10.35.49:156][  0]LogContentBrowser: Native class hierarchy populated in 0.0176 seconds. Added 2393 classes and 504 folders.
[2017.09.13-10.35.49:294][  0]LogContentBrowser: Native class hierarchy updated for 'WidgetCarousel' in 0.0026 seconds. Added 0 classes and 0 folders.
[2017.09.13-10.35.50:503][  0]LogContentBrowser: Native class hierarchy updated for 'AddContentDialog' in 0.0027 seconds. Added 0 classes and 0 folders.
[2017.09.13-10.35.50:525][  0]LogSlate: Took 0.000244 seconds to synchronously load lazily loaded font '../../../Engine/Content/Slate/Fonts/Roboto-Regular.ttf' (155K)
[2017.09.13-10.35.50:531][  0]LogSlate: Took 0.000263 seconds to synchronously load lazily loaded font '../../../Engine/Content/Slate/Fonts/Roboto-Bold.ttf' (160K)
[2017.09.13-10.35.50:551][  0]LogSlate: Took 0.007167 seconds to synchronously load lazily loaded font '../../../Engine/Content/Editor/Slate/Fonts/FontAwesome.ttf' (139K)
[2017.09.13-10.35.50:568][  0]LogSlate: Took 0.016649 seconds to synchronously load lazily loaded font '../../../Engine/Content/Editor/Slate/Fonts/DroidSansMono.ttf' (77K)
[2017.09.13-10.35.50:807][  0]LogRenderer: Reallocating scene render targets to support 832x588 Format 10 NumSamples 1 (Frame:1).
[2017.09.13-10.35.51:223][  0]LogContentBrowser: Native class hierarchy updated for 'HierarchicalLODOutliner' in 0.0039 seconds. Added 1 classes and 2 folders.
[2017.09.13-10.35.51:224][  0]LogLoad: (Engine Initialization) Total time: 141.04 seconds
[2017.09.13-10.35.51:224][  0]LogLoad: (Engine Initialization) Total Blueprint compile time: 0.00 seconds
[2017.09.13-10.35.51:225][  0]LogExternalProfiler: Found external profiler: VSPerf
[2017.09.13-10.35.51:225][  0]LogExternalProfiler: Using external profiler: VSPerf
[2017.09.13-10.35.51:582][  0]LogContentStreaming: Texture pool size now 1000 MB
[2017.09.13-10.35.51:913][  1]LogAssetRegistry: Asset discovery search completed in 92.8630 seconds
[2017.09.13-10.35.51:917][  1]LogCollectionManager: Rebuilt the object cache for 0 collections in 0.000001 seconds (found 0 objects)
[2017.09.13-10.35.51:917][  1]LogCollectionManager: Fixed up redirectors for 0 collections in 0.000282 seconds (updated 0 objects)
[2017.09.13-10.36.17:574][941]LogEditorViewport: Clicking on Actor (LMB): StaticMeshActor (SM_MatPreviewMesh_02)
[2017.09.13-10.36.18:103][970]LogSlate: Took 0.010525 seconds to synchronously load lazily loaded font '../../../Engine/Content/Editor/Slate/Fonts/Roboto-Italic.ttf' (157K)
[2017.09.13-10.37.20:052][865]Candidate modules for hot reload:
[2017.09.13-10.37.20:052][865]  ScripterWorkshop
[2017.09.13-10.37.20:052][865]Launching UnrealBuildTool... [C:/Program Files/Epic Games/UE_4.17/Engine/Binaries/DotNET/UnrealBuildTool.exe ScripterWorkshop -ModuleWithSuffix ScripterWorkshop 4014 Win64 Development -editorrecompile -canskiplink "C:/Users/Admin/Documents/Repositories/ScripterWorkshop/ScripterWorkshop/ScripterWorkshop.uproject" ]
[2017.09.13-10.37.20:054][865]Warning: Starting HotReload took  0.3s.
[2017.09.13-10.39.53:828][893]CompilerResultsLog: New page: Compilation - Sep 13, 2017, 2:39:53 PM
[2017.09.13-10.39.53:828][893]CompilerResultsLog: Compiling game modules for hot reload
[2017.09.13-10.39.53:829][893]CompilerResultsLog: Parsing headers for ScripterWorkshopEditor
[2017.09.13-10.39.53:829][893]CompilerResultsLog:   Running UnrealHeaderTool "C:\Users\Admin\Documents\Repositories\ScripterWorkshop\ScripterWorkshop\ScripterWorkshop.uproject" "C:\Users\Admin\Documents\Repositories\ScripterWorkshop\ScripterWorkshop\Intermediate\Build\Win64\ScripterWorkshopEditor\Development\ScripterWorkshopEditor.uhtmanifest" -LogCmds="loginit warning, logexit warning, logdatabase error" -Unattended -WarningsAsErrors -installed
[2017.09.13-10.39.53:829][893]CompilerResultsLog: Reflection code generated for ScripterWorkshopEditor in 14,2466304 seconds
[2017.09.13-10.39.53:830][893]CompilerResultsLog: Performing 3 actions (2 in parallel)
[2017.09.13-10.39.53:830][893]CompilerResultsLog: MaterialSwitcher.cpp
[2017.09.13-10.39.53:830][893]CompilerResultsLog: [2/3] Link UE4Editor-ScripterWorkshop-4014.dll
[2017.09.13-10.39.53:830][893]CompilerResultsLog: [3/3] Link UE4Editor-ScripterWorkshop-4014.lib
[2017.09.13-10.39.53:830][893]CompilerResultsLog:    Creazione della libreria C:\Users\Admin\Documents\Repositories\ScripterWorkshop\ScripterWorkshop\Intermediate\Build\Win64\UE4Editor\Development\UE4Editor-ScripterWorkshop-4014.lib e dell'oggetto C:\Users\Admin\Documents\Repositories\ScripterWorkshop\ScripterWorkshop\Intermediate\Build\Win64\UE4Editor\Development\UE4Editor-ScripterWorkshop-4014.exp
[2017.09.13-10.39.53:831][893]CompilerResultsLog:    Creazione della libreria C:\Users\Admin\Documents\Repositories\ScripterWorkshop\ScripterWorkshop\Intermediate\Build\Win64\UE4Editor\Development\UE4Editor-ScripterWorkshop-4014.suppressed.lib e dell'oggetto C:\Users\Admin\Documents\Repositories\ScripterWorkshop\ScripterWorkshop\Intermediate\Build\Win64\UE4Editor\Development\UE4Editor-ScripterWorkshop-4014.suppressed.exp
[2017.09.13-10.39.53:831][893]CompilerResultsLog: Total build time: 153,03 seconds (Local executor: 114,54 seconds)
[2017.09.13-10.39.53:837][893]LogMainFrame: MainFrame: Module compiling took 154.080 seconds
[2017.09.13-10.39.55:341][893]LogContentBrowser: Native class hierarchy updated for 'ScripterWorkshop' in 0.0027 seconds. Added 6 classes and 2 folders.
[2017.09.13-10.39.55:356][893]Display: HotReload successful (1 functions remapped  0 scriptstructs remapped)
[2017.09.13-10.39.55:647][893]LogContentBrowser: Native class hierarchy populated in 0.0140 seconds. Added 2394 classes and 506 folders.
[2017.09.13-10.39.55:744][893]Display: HotReload took 156.0s.
[2017.09.13-10.40.10:683][191]LogTemp: Repeating last play command: Selected Viewport
[2017.09.13-10.40.11:084][191]LogPlayLevel: PlayLevel: No blueprints needed recompiling
[2017.09.13-10.40.11:150][191]PIE: New page: PIE session: ScripterWorkshop (Sep 13, 2017, 2:40:11 PM)
[2017.09.13-10.40.11:176][191]LogPlayLevel: Creating play world package: /Game/UEDPIE_0_ScripterWorkshop
[2017.09.13-10.40.11:239][191]LogPlayLevel: PIE: StaticDuplicateObject took: (0.062885s)
[2017.09.13-10.40.11:240][191]LogAIModule: Creating AISystem for world ScripterWorkshop
[2017.09.13-10.40.11:241][191]LogPlayLevel: PIE: World Init took: (0.001314s)
[2017.09.13-10.40.11:253][191]LogPlayLevel: PIE: Created PIE world by copying editor world from /Game/ScripterWorkshop.ScripterWorkshop to /Game/UEDPIE_0_ScripterWorkshop.ScripterWorkshop (0.077110s)
[2017.09.13-10.40.11:354][191]LogInit: XAudio2 using 'Altoparlanti (Realtek High Definition Audio)' : 2 channels at 48 kHz using 32 bits per sample (channel mask 0x3)
[2017.09.13-10.40.11:368][191]LogInit: FAudioDevice initialized.
[2017.09.13-10.40.11:526][191]LogLoad: Game class is 'BasicFirstPerson_C'
[2017.09.13-10.40.11:709][191]LogWorld: Bringing World /Game/UEDPIE_0_ScripterWorkshop.ScripterWorkshop up for play (max tick rate 0) at 2017.09.13-12.40.11
[2017.09.13-10.40.11:733][191]LogWorld: Bringing up level for play took: 0.025909
[2017.09.13-10.40.12:082][191]LogContentBrowser: Native class hierarchy updated for 'MovieSceneCapture' in 0.0029 seconds. Added 11 classes and 0 folders.
[2017.09.13-10.40.12:326][191]PIE: Play in editor start time for /Game/UEDPIE_0_ScripterWorkshop 2.046
[2017.09.13-10.40.14:436][364]LogTemp: Warning: Detected collision with SM_MatPreviewMesh_02_2
[2017.09.13-10.40.14:436][364]LogTemp: Warning: SwitchableMaterials component found in SM_MatPreviewMesh_02_2
[2017.09.13-10.40.14:446][364]LogWindows: Windows GetLastError: Operazione completata. (0)
[2017.09.13-10.40.24:449][364]LogWindows: Error: === Critical error: ===
[2017.09.13-10.40.24:449][364]LogWindows: Error: 
[2017.09.13-10.40.24:449][364]LogWindows: Error: Assertion failed: (Index >= 0) & (Index < ArrayNum) [File:C:\Program Files\Epic Games\UE_4.17\Engine\Source\Runtime\Core\Public\Containers/Array.h] [Line: 596] 
[2017.09.13-10.40.24:450][364]LogWindows: Error: Array index out of bounds: 1 from an array of size 1
[2017.09.13-10.40.24:450][364]LogWindows: Error: 
[2017.09.13-10.40.24:450][364]LogWindows: Error: 
[2017.09.13-10.40.24:450][364]LogWindows: Error: KERNELBASE.dll!0x00000000FD4AB3DD
[2017.09.13-10.40.24:450][364]LogWindows: Error: UE4Editor-Core.dll!0x00000000C6E814B4
[2017.09.13-10.40.24:450][364]LogWindows: Error: UE4Editor-Core.dll!0x00000000C6C6AD5B
[2017.09.13-10.40.24:450][364]LogWindows: Error: UE4Editor-Core.dll!0x00000000C6C00179
[2017.09.13-10.40.24:450][364]LogWindows: Error: UE4Editor-ScripterWorkshop-4014.dll!UMaterialSwitcher::SwitchMaterial() [c:\users\admin\documents\repositories\scripterworkshop\scripterworkshop\source\scripterworkshop\materialswitcher.cpp:84]
[2017.09.13-10.40.24:451][364]LogWindows: Error: UE4Editor-Engine.dll!0x00000000C02C5956
[2017.09.13-10.40.24:451][364]LogWindows: Error: UE4Editor-Engine.dll!0x00000000C02F72C1
[2017.09.13-10.40.24:451][364]LogWindows: Error: UE4Editor-Engine.dll!0x00000000BFE8A4BC
[2017.09.13-10.40.24:451][364]LogWindows: Error: UE4Editor-Engine.dll!0x00000000BFE9E586
[2017.09.13-10.40.24:451][364]LogWindows: Error: UE4Editor-Engine.dll!0x00000000BFE8828B
[2017.09.13-10.40.24:451][364]LogWindows: Error: UE4Editor-Engine.dll!0x00000000BFE9D75A
[2017.09.13-10.40.24:451][364]LogWindows: Error: UE4Editor-Engine.dll!0x00000000BF1836F6
[2017.09.13-10.40.24:451][364]LogWindows: Error: UE4Editor-Engine.dll!0x00000000C01AAB9B
[2017.09.13-10.40.24:452][364]LogWindows: Error: UE4Editor-Engine.dll!0x00000000C01B163B
[2017.09.13-10.40.24:452][364]LogWindows: Error: UE4Editor-Core.dll!0x00000000C6AD24F5
[2017.09.13-10.40.24:452][364]LogWindows: Error: UE4Editor-Core.dll!0x00000000C6AD2ADA
[2017.09.13-10.40.24:452][364]LogWindows: Error: UE4Editor-Core.dll!0x00000000C6AF29CE
[2017.09.13-10.40.24:452][364]LogWindows: Error: UE4Editor-Engine.dll!0x00000000C01CDD22
[2017.09.13-10.40.24:452][364]LogWindows: Error: UE4Editor-Engine.dll!0x00000000C01D32B2
[2017.09.13-10.40.24:452][364]LogWindows: Error: UE4Editor-Engine.dll!0x00000000BFAD21D4
[2017.09.13-10.40.24:452][364]LogWindows: Error: UE4Editor-Engine.dll!0x00000000BFADAEB6
[2017.09.13-10.40.24:452][364]LogWindows: Error: UE4Editor-UnrealEd.dll!0x00000000C471C942
[2017.09.13-10.40.24:453][364]LogWindows: Error: UE4Editor-UnrealEd.dll!0x00000000C4FACEE6
[2017.09.13-10.40.24:453][364]LogWindows: Error: UE4Editor.exe!0x000000003F52534A
[2017.09.13-10.40.24:453][364]LogWindows: Error: UE4Editor.exe!0x000000003F533970
[2017.09.13-10.40.24:453][364]LogWindows: Error: UE4Editor.exe!0x000000003F5339EA
[2017.09.13-10.40.24:453][364]LogWindows: Error: UE4Editor.exe!0x000000003F5402D9
[2017.09.13-10.40.24:453][364]LogWindows: Error: UE4Editor.exe!0x000000003F541C47
[2017.09.13-10.40.24:453][364]LogWindows: Error: kernel32.dll!0x00000000773959CD
[2017.09.13-10.40.24:453][364]LogWindows: Error: ntdll.dll!0x00000000775CB981
[2017.09.13-10.40.24:453][364]LogWindows: Error: ntdll.dll!0x00000000775CB981
[2017.09.13-10.40.24:453][364]LogWindows: Error: 
[2017.09.13-10.40.24:463][364]LogExit: Executing StaticShutdownAfterError
[2017.09.13-10.40.25:159][364]LogWindows: FPlatformMisc::RequestExit(1)
[2017.09.13-10.40.25:193][364]Log file closed, 09/13/17 12:40:25
