Log file open, 09/06/17 18:36:36
LogWindows: LoadLibraryWithSearchPaths failed for file aqProf.dll. GetLastError=0
LogWindows: LoadLibraryWithSearchPaths failed for file VtuneApi.dll. GetLastError=0
LogWindows: LoadLibraryWithSearchPaths failed for file VtuneApi32e.dll. GetLastError=0
LogInit: Display: Running engine for game: ScripterWorkshop
LogPlatformFile: Not using cached read wrapper
LogInit: Display: RandInit(964120827) SRandInit(964120827).
LogTaskGraph: Started task graph with 5 named threads and 8 total threads with 3 sets of task threads.
LogStats: Stats thread started at 0.196505
LogD3D11RHI: Aftermath initialized
LogPluginManager: Mounting plugin Paper2D
LogPluginManager: Mounting plugin LightPropagationVolume
LogPluginManager: Mounting plugin CodeLiteSourceCodeAccess
LogPluginManager: Mounting plugin GitSourceControl
LogPluginManager: Mounting plugin KDevelopSourceCodeAccess
LogPluginManager: Mounting plugin NullSourceCodeAccess
LogPluginManager: Mounting plugin PerforceSourceControl
LogPluginManager: Mounting plugin SubversionSourceControl
LogPluginManager: Mounting plugin UObjectPlugin
LogPluginManager: Mounting plugin VisualStudioSourceCodeAccess
LogPluginManager: Mounting plugin XCodeSourceCodeAccess
LogPluginManager: Mounting plugin AssetManagerEditor
LogPluginManager: Mounting plugin AudioCapture
LogPluginManager: Mounting plugin FacialAnimation
LogPluginManager: Mounting plugin GameplayTagsEditor
LogPluginManager: Mounting plugin MobileLauncherProfileWizard
LogPluginManager: Mounting plugin PluginBrowser
LogPluginManager: Mounting plugin SpeedTreeImporter
LogPluginManager: Mounting plugin AlembicImporter
LogPluginManager: Mounting plugin CharacterAI
LogPluginManager: Mounting plugin HTML5Networking
LogPluginManager: Mounting plugin AndroidMedia
LogPluginManager: Mounting plugin AvfMedia
LogPluginManager: Mounting plugin MediaPlayerEditor
LogPluginManager: Mounting plugin WmfMedia
LogPluginManager: Mounting plugin TcpMessaging
LogPluginManager: Mounting plugin UdpMessaging
LogPluginManager: Mounting plugin LevelSequenceEditor
LogPluginManager: Mounting plugin MatineeToLevelSequence
LogPluginManager: Mounting plugin OnlineSubsystemGooglePlay
LogPluginManager: Mounting plugin OnlineSubsystemIOS
LogPluginManager: Mounting plugin OnlineSubsystem
LogPluginManager: Mounting plugin OnlineSubsystemNull
LogPluginManager: Mounting plugin OnlineSubsystemUtils
LogPluginManager: Mounting plugin AndroidDeviceProfileSelector
LogPluginManager: Mounting plugin AndroidMoviePlayer
LogPluginManager: Mounting plugin AndroidPermission
LogPluginManager: Mounting plugin AppleMoviePlayer
LogPluginManager: Mounting plugin ArchVisCharacter
LogPluginManager: Mounting plugin CableComponent
LogPluginManager: Mounting plugin CustomMeshComponent
LogPluginManager: Mounting plugin ExampleDeviceProfileSelector
LogPluginManager: Mounting plugin GoogleCloudMessaging
LogPluginManager: Mounting plugin ImmediatePhysics
LogPluginManager: Mounting plugin IOSDeviceProfileSelector
LogPluginManager: Mounting plugin LinuxDeviceProfileSelector
LogPluginManager: Mounting plugin LocationServicesBPLibrary
LogPluginManager: Mounting plugin MobilePatchingUtils
LogPluginManager: Mounting plugin OculusVR
LogPluginManager: Mounting plugin PhysXVehicles
LogPluginManager: Mounting plugin ProceduralMeshComponent
LogPluginManager: Mounting plugin RuntimePhysXCooking
LogPluginManager: Mounting plugin SteamVR
LogPluginManager: Mounting plugin WindowsMoviePlayer
LogInit: Using libcurl 7.47.1
LogInit:  - built for x86_64-pc-win32
LogInit:  - supports SSL with OpenSSL/1.0.2g
LogInit:  - supports HTTP deflate (compression) using libz 1.2.8
LogInit:  - other features:
LogInit:      CURL_VERSION_SSL
LogInit:      CURL_VERSION_LIBZ
LogInit:      CURL_VERSION_IPV6
LogInit:      CURL_VERSION_ASYNCHDNS
LogInit:      CURL_VERSION_LARGEFILE
LogInit:      CURL_VERSION_IDN
LogInit:  CurlRequestOptions (configurable via config and command line):
LogInit:  - bVerifyPeer = false  - Libcurl will NOT verify peer certificate
LogInit:  - bUseHttpProxy = false  - Libcurl will NOT use HTTP proxy
LogInit:  - bDontReuseConnections = false  - Libcurl will reuse connections
LogInit:  - CertBundlePath = nullptr  - Libcurl will use whatever was configured at build time.
LogInit: Build: ++UE4+Release-4.17-CL-3586342
LogInit: Engine Version: 4.17.1-3586342+++UE4+Release-4.17
LogInit: Compatible Engine Version: 4.17.0-3573198+++UE4+Release-4.17
LogInit: Net CL: 3573198
LogDevObjectVersion: Number of dev versions registered: 16
LogDevObjectVersion:   Dev-Blueprints (B0D832E4-1F89-4F0D-ACCF-7EB736FD4AA2): 10
LogDevObjectVersion:   Dev-Build (E1C64328-A22C-4D53-A36C-8E866417BD8C): 0
LogDevObjectVersion:   Dev-Core (375EC13C-06E4-48FB-B500-84F0262A717E): 2
LogDevObjectVersion:   Dev-Editor (E4B068ED-F494-42E9-A231-DA0B2E46BB41): 20
LogDevObjectVersion:   Dev-Framework (CFFC743F-43B0-4480-9391-14DF171D2073): 28
LogDevObjectVersion:   Dev-Mobile (B02B49B5-BB20-44E9-A304-32B752E40360): 0
LogDevObjectVersion:   Dev-Networking (A4E4105C-59A1-49B5-A7C5-40C4547EDFEE): 0
LogDevObjectVersion:   Dev-Online (39C831C9-5AE6-47DC-9A44-9C173E1C8E7C): 0
LogDevObjectVersion:   Dev-Physics (78F01B33-EBEA-4F98-B9B4-84EACCB95AA2): 0
LogDevObjectVersion:   Dev-Platform (6631380F-2D4D-43E0-8009-CF276956A95A): 0
LogDevObjectVersion:   Dev-Rendering (12F88B9F-8875-4AFC-A67C-D90C383ABD29): 19
LogDevObjectVersion:   Dev-Sequencer (7B5AE74C-D270-4C10-A958-57980B212A5A): 4
LogDevObjectVersion:   Dev-VR (D7296918-1DD6-4BDD-9DE2-64A83CC13884): 0
LogDevObjectVersion:   Dev-LoadTimes (C2A15278-BFE7-4AFE-6C17-90FF531DF755): 1
LogDevObjectVersion:   Private-Geometry (6EACA3D4-40EC-4CC1-B786-8BED09428FC5): 1
LogDevObjectVersion:   Dev-AnimPhys (29E575DD-E0A3-4627-9D10-D276232CDCEA): 7
LogInit: Compiled (64-bit): Aug 15 2017 02:05:26
LogInit: Compiled with Visual C++: 19.00.24215.01
LogInit: Build Configuration: Development
LogInit: Branch Name: ++UE4+Release-4.17
LogInit: Command line:  
LogInit: Base directory: C:/Program Files/Epic Games/UE_4.17/Engine/Binaries/Win64/
LogInit: Installed Engine Build: 1
LogInit: Presizing for max 8388607 objects, including 0 objects not considered by GC, pre-allocating 0 bytes for permanent pool.
LogInit: Object subsystem initialized
[2017.09.06-16.36.38:617][  0]LogInit: Selected Device Profile: [Windows]
[2017.09.06-16.36.38:617][  0]LogInit: Applying CVar settings loaded from the selected device profile: [Windows]
[2017.09.06-16.36.38:661][  0]LogInit: Computer: ADMIN-PC
[2017.09.06-16.36.38:661][  0]LogInit: User: Admin
[2017.09.06-16.36.38:661][  0]LogInit: CPU Page size=4096, Cores=2
[2017.09.06-16.36.38:661][  0]LogInit: High frequency timer resolution =3.020517 MHz
[2017.09.06-16.36.38:661][  0]LogMemory: Memory total: Physical=8.0GB (8GB approx)
[2017.09.06-16.36.38:661][  0]LogMemory: Platform Memory Stats for Windows
[2017.09.06-16.36.38:661][  0]LogMemory: Process Physical Memory: 278.61 MB used, 278.61 MB peak
[2017.09.06-16.36.38:661][  0]LogMemory: Process Virtual Memory: 278.46 MB used, 278.46 MB peak
[2017.09.06-16.36.38:661][  0]LogMemory: Physical Memory: 4366.63 MB used,  3808.68 MB free, 8175.30 MB total
[2017.09.06-16.36.38:661][  0]LogMemory: Virtual Memory: 654.45 MB used,  3808.68 MB free, 8388608.00 MB total
[2017.09.06-16.36.40:120][  0]LogInit: Using OS detected language (it-IT).
[2017.09.06-16.36.40:120][  0]LogInit: Using OS detected locale (it-IT).
[2017.09.06-16.36.40:509][  0]LogTextLocalizationManager: No localization for 'it-IT' exists, so 'en' will be used for the language.
[2017.09.06-16.36.40:510][  0]LogTextLocalizationManager: No localization for 'it-IT' exists, so 'en' will be used for the locale.
[2017.09.06-16.36.47:378][  0]LogD3D11RHI: D3D11 adapters:
[2017.09.06-16.36.47:819][  0]LogD3D11RHI:    0. 'NVIDIA GeForce GTX 960' (Feature Level 11_0)
[2017.09.06-16.36.47:819][  0]LogD3D11RHI:       1969/0/3831 MB DedicatedVideo/DedicatedSystem/SharedSystem, Outputs:1, VendorId:0x10de
[2017.09.06-16.36.47:819][  0]LogD3D11RHI: Chosen D3D11 Adapter: 0
[2017.09.06-16.36.47:827][  0]LogD3D11RHI: Creating new Direct3DDevice
[2017.09.06-16.36.47:828][  0]LogD3D11RHI:     GPU DeviceId: 0x1401 (for the marketing name, search the web for "GPU Device Id")
[2017.09.06-16.36.47:828][  0]LogWindows: EnumDisplayDevices:
[2017.09.06-16.36.47:828][  0]LogWindows:    0. 'NVIDIA GeForce GTX 960' (P:1 D:1)
[2017.09.06-16.36.47:829][  0]LogWindows:    1. 'NVIDIA GeForce GTX 960' (P:0 D:0)
[2017.09.06-16.36.47:830][  0]LogWindows:    2. 'NVIDIA GeForce GTX 960' (P:0 D:0)
[2017.09.06-16.36.47:830][  0]LogWindows:    3. 'NVIDIA GeForce GTX 960' (P:0 D:0)
[2017.09.06-16.36.47:831][  0]LogWindows:    4. 'RDPDD Chained DD' (P:0 D:0)
[2017.09.06-16.36.47:831][  0]LogWindows:    5. 'RDP Encoder Mirror Driver' (P:0 D:0)
[2017.09.06-16.36.47:831][  0]LogWindows:    6. 'RDP Reflector Display Driver' (P:0 D:0)
[2017.09.06-16.36.47:832][  0]LogWindows: DebugString: GetVideoDriverDetailsInvalid PrimaryIsNotTheChoosenAdapter GetVideoDriverDetailsInvalid PrimaryIsNotTheChoosenAdapter GetVideoDriverDetailsInvalid PrimaryIsNotTheChoosenAdapter FoundDriverCount:4 
[2017.09.06-16.36.47:832][  0]LogD3D11RHI:     Adapter Name: NVIDIA GeForce GTX 960
[2017.09.06-16.36.47:832][  0]LogD3D11RHI:   Driver Version: 384.76 (internal:22.21.13.8476, unified:384.76)
[2017.09.06-16.36.47:832][  0]LogD3D11RHI:      Driver Date: 6-27-2017
[2017.09.06-16.36.47:832][  0]LogRHI: Texture pool is 1361 MB (70% of 1945 MB)
[2017.09.06-16.36.47:996][  0]LogD3D11RHI: Async texture creation enabled
[2017.09.06-16.36.48:012][  0]LogD3D11RHI: GPU Timing Frequency: 1000.000000 (Debug: 2 2)
[2017.09.06-16.36.48:014][  0]LogShaderCompilers: Guid format shader working directory is -40 characters bigger than the processId version (../../../../../../Users/Admin/Documents/Repositories/ScripterWorkshop/ScripterWorkshop/Intermediate/Shaders/WorkingDirectory/6884/).
[2017.09.06-16.36.48:014][  0]LogShaderCompilers: Cleaned the shader compiler working directory 'C:/Users/Admin/AppData/Local/Temp/UnrealShaderWorkingDir/0B5DAC344F771E4C192F36B89730C510/'.
[2017.09.06-16.36.48:014][  0]LogShaderCompilers: Display: Using Local Shader Compiler.
[2017.09.06-16.36.57:779][  0]LogTemp: Display: Loaded TP AllDesktopTargetPlatform
[2017.09.06-16.36.57:883][  0]LogTemp: Display: Loaded TP MacClientTargetPlatform
[2017.09.06-16.36.57:977][  0]LogTemp: Display: Loaded TP MacNoEditorTargetPlatform
[2017.09.06-16.36.58:089][  0]LogTemp: Display: Loaded TP MacServerTargetPlatform
[2017.09.06-16.36.58:214][  0]LogTemp: Display: Loaded TP MacTargetPlatform
[2017.09.06-16.36.58:309][  0]LogTemp: Display: Loaded TP WindowsClientTargetPlatform
[2017.09.06-16.36.58:413][  0]LogTemp: Display: Loaded TP WindowsNoEditorTargetPlatform
[2017.09.06-16.36.58:527][  0]LogTemp: Display: Loaded TP WindowsServerTargetPlatform
[2017.09.06-16.36.58:627][  0]LogTemp: Display: Loaded TP WindowsTargetPlatform
[2017.09.06-16.36.58:735][  0]LogTemp: Display: Loaded TP AndroidTargetPlatform
[2017.09.06-16.36.58:856][  0]LogTemp: Display: Loaded TP Android_ASTCTargetPlatform
[2017.09.06-16.36.58:955][  0]LogTemp: Display: Loaded TP Android_ATCTargetPlatform
[2017.09.06-16.36.59:070][  0]LogTemp: Display: Loaded TP Android_DXTTargetPlatform
[2017.09.06-16.36.59:176][  0]LogTemp: Display: Loaded TP Android_ETC1TargetPlatform
[2017.09.06-16.36.59:287][  0]LogTemp: Display: Loaded TP Android_ETC2TargetPlatform
[2017.09.06-16.36.59:492][  0]LogTemp: Display: Loaded TP Android_MultiTargetPlatform
[2017.09.06-16.36.59:492][  0]LogTemp: Display: Loaded TP Android_PVRTCTargetPlatform
[2017.09.06-16.36.59:578][  0]LogTemp: Display: Loaded TP HTML5TargetPlatform
[2017.09.06-16.36.59:812][  0]LogTemp: Display: Loaded TP IOSTargetPlatform
[2017.09.06-16.36.59:857][  0]LogTemp: Display: Loaded TP TVOSTargetPlatform
[2017.09.06-16.36.59:966][  0]LogTemp: Display: Loaded TP LinuxClientTargetPlatform
[2017.09.06-16.37.00:085][  0]LogTemp: Display: Loaded TP LinuxNoEditorTargetPlatform
[2017.09.06-16.37.00:201][  0]LogTemp: Display: Loaded TP LinuxServerTargetPlatform
[2017.09.06-16.37.00:326][  0]LogTemp: Display: Loaded TP LinuxTargetPlatform
[2017.09.06-16.37.00:326][  0]LogTargetPlatformManager: Display: Building Assets For Windows
[2017.09.06-16.37.01:779][  0]LogDerivedDataCache: Display: Max Cache Size: 512 MB
[2017.09.06-16.37.05:786][  0]LogDerivedDataCache: Loaded boot cache 4.01s 93MB C:/Users/Admin/AppData/Local/UnrealEngine/4.17/DerivedDataCache/Boot.ddc.
[2017.09.06-16.37.05:786][  0]LogDerivedDataCache: Display: Loaded Boot cache: C:/Users/Admin/AppData/Local/UnrealEngine/4.17/DerivedDataCache/Boot.ddc
[2017.09.06-16.37.05:786][  0]LogDerivedDataCache: FDerivedDataBackendGraph:  Pak pak cache file ../../../../../../Users/Admin/Documents/Repositories/ScripterWorkshop/ScripterWorkshop/DerivedDataCache/DDC.ddp not found, will not use a pak cache.
[2017.09.06-16.37.05:786][  0]LogDerivedDataCache: Unable to find inner node Pak for hierarchical cache Hierarchy.
[2017.09.06-16.37.05:786][  0]LogDerivedDataCache: FDerivedDataBackendGraph:  CompressedPak pak cache file ../../../../../../Users/Admin/Documents/Repositories/ScripterWorkshop/ScripterWorkshop/DerivedDataCache/Compressed.ddp not found, will not use a pak cache.
[2017.09.06-16.37.05:786][  0]LogDerivedDataCache: Unable to find inner node CompressedPak for hierarchical cache Hierarchy.
[2017.09.06-16.37.05:852][  0]LogDerivedDataCache: Display: Pak cache opened for reading ../../../Engine/DerivedDataCache/Compressed.ddp.
[2017.09.06-16.37.05:863][  0]LogDerivedDataCache: Using Local data cache path C:/Users/Admin/AppData/Local/UnrealEngine/Common/DerivedDataCache: Writable
[2017.09.06-16.37.05:878][  0]LogMaterial: Verifying Global Shaders for PCD3D_SM5
[2017.09.06-16.37.05:878][  0]LogSlate: Using Freetype 2.6.0
[2017.09.06-16.37.05:948][  0]LogSlate: SlateFontCache - WITH_FREETYPE: 1, WITH_HARFBUZZ: 1
[2017.09.06-16.37.05:948][  0]LogSlate: SlateFontCache - WITH_FREETYPE: 1, WITH_HARFBUZZ: 1
[2017.09.06-16.37.16:563][  0]LogAssetRegistry: FAssetRegistry took 0.0431 seconds to start up
[2017.09.06-16.37.18:355][  0]LogInit: Selected Device Profile: [Windows]
[2017.09.06-16.37.18:361][  0]LogContentStreaming: Texture pool size is 0.00 MB
[2017.09.06-16.37.19:423][  0]LogSimplygon: Simplygon DLL not present - disabling.
[2017.09.06-16.37.19:511][  0]LogMeshReduction: Using SimplygonSwarm for distributed automatic mesh merging
[2017.09.06-16.37.19:511][  0]LogMeshReduction: Using QuadricMeshReduction for automatic static mesh reduction
[2017.09.06-16.37.19:511][  0]LogMeshReduction: No automatic skeletal mesh reduction module available
[2017.09.06-16.37.19:511][  0]LogMeshReduction: No automatic mesh merging module available
[2017.09.06-16.37.19:511][  0]LogMeshMerging: No automatic mesh merging module available
[2017.09.06-16.37.21:945][  0]LogNetVersion: ScripterWorkshop , NetCL: 3573198, EngineNetVer: 2, GameNetVer: 0 (Checksum: 3244171880)
[2017.09.06-16.37.22:729][  0]LogPackageLocalizationCache: Processed 5 localized package path(s) for 1 prioritized culture(s) in 0.023138 seconds
[2017.09.06-16.37.22:737][  0]LogUObjectArray: 35825 objects as part of root set at end of initial load.
[2017.09.06-16.37.22:737][  0]LogUObjectAllocator: 7529104 out of 0 bytes used by permanent object pool.
[2017.09.06-16.37.22:737][  0]LogUObjectArray: CloseDisregardForGC: 0/0 objects in disregard for GC pool
[2017.09.06-16.37.22:866][  0]LogInit: WinSock: version 1.1 (2.2), MaxSocks=32767, MaxUdp=65467
[2017.09.06-16.37.45:948][  0]LogTcpMessaging: Initializing TcpMessaging bridge
[2017.09.06-16.37.46:009][  0]LogUdpMessaging: Initializing bridge on interface 0.0.0.0:0 to multicast group 230.0.0.1:6666.
[2017.09.06-16.37.48:777][  0]LogMaterial: Uniform references updated for custom material expression Custom.
[2017.09.06-16.37.49:750][  0]SourceControl: Source control is disabled
[2017.09.06-16.37.49:750][  0]SourceControl: Source control is disabled
[2017.09.06-16.37.49:893][  0]SourceControl: Source control is disabled
[2017.09.06-16.37.50:013][  0]SourceControl: Source control is disabled
[2017.09.06-16.37.51:253][  0]LogAndroidPermission: UAndroidPermissionCallbackProxy::GetInstance
[2017.09.06-16.37.51:788][  0]LogOcInput: OculusInput pre-init called
[2017.09.06-16.37.52:321][  0]LogEngine: Initializing Engine...
[2017.09.06-16.37.52:323][  0]LogHMD: Failed to initialize OpenVR with code 110
[2017.09.06-16.37.53:021][  0]LogStats: UGameplayTagsManager::ConstructGameplayTagTree: Construct from data asset -  0.000 s
[2017.09.06-16.37.53:021][  0]LogStats: UGameplayTagsManager::ConstructGameplayTagTree: GameplayTagTreeChangedEvent.Broadcast -  0.000 s
[2017.09.06-16.37.53:260][  0]LogAIModule: Creating AISystem for world Untitled
[2017.09.06-16.37.53:276][  0]LogInit: XAudio2 using 'Altoparlanti (Realtek High Definition Audio)' : 2 channels at 48 kHz using 32 bits per sample (channel mask 0x3)
[2017.09.06-16.37.53:323][  0]LogInit: FAudioDevice initialized.
[2017.09.06-16.37.53:479][  0]LogDerivedDataCache: Saved boot cache 0.16s 93MB C:/Users/Admin/AppData/Local/UnrealEngine/4.17/DerivedDataCache/Boot.ddc.
[2017.09.06-16.37.53:499][  0]LogInit: Texture streaming: Enabled
[2017.09.06-16.37.53:727][  0]LogEngineSessionManager: EngineSessionManager initialized
[2017.09.06-16.37.54:282][  0]LogInit: Transaction tracking system initialized
[2017.09.06-16.37.54:972][  0]BlueprintLog: New page: Editor Load
[2017.09.06-16.37.57:123][  0]LocalizationService: Localization service is disabled
[2017.09.06-16.37.59:021][  0]LogConsoleResponse: Display: 
[2017.09.06-16.38.02:290][  0]LogCook: Display: Max memory allowance for cook 16384mb min free memory 0mb
[2017.09.06-16.38.02:290][  0]LogCook: Display: Mobile HDR setting 1
[2017.09.06-16.38.02:290][  0]LogGameplayTags: Display: UGameplayTagsManager::DoneAddingNativeTags. DelegateIsBound: 0
[2017.09.06-16.38.02:978][  0]LogFileCache: Scanning file cache for directory 'C:/Users/Admin/Documents/Repositories/ScripterWorkshop/ScripterWorkshop/Content/' took 0.02s
[2017.09.06-16.38.06:542][  0]SourceControl: Source control is disabled
[2017.09.06-16.38.06:542][  0]Cmd: MAP LOAD FILE="../../../../../../Users/Admin/Documents/Repositories/ScripterWorkshop/ScripterWorkshop/Content/ScripterWorkshop.umap" TEMPLATE=0 SHOWPROGRESS=1 FEATURELEVEL=3
[2017.09.06-16.38.06:618][  0]LightingResults: New page: Lighting Build
[2017.09.06-16.38.06:699][  0]MapCheck: New page: Map Check
[2017.09.06-16.38.06:699][  0]LightingResults: New page: Lighting Build
[2017.09.06-16.38.10:820][  0]LogAIModule: Creating AISystem for world ScripterWorkshop
[2017.09.06-16.38.10:868][  0]LogEditorServer: Finished looking for orphan Actors (0.000 secs)
[2017.09.06-16.38.10:895][  0]Cmd: MAP CHECKDEP NOCLEARLOG
[2017.09.06-16.38.11:012][  0]MapCheck: Map check complete: 0 Error(s), 0 Warning(s), took 117.22ms to complete.
[2017.09.06-16.38.11:013][  0]LogFileHelpers: Loading map 'ScripterWorkshop' took 4.471
[2017.09.06-16.38.11:719][  0]LogCollectionManager: Loaded 0 collections in 0.004474 seconds
[2017.09.06-16.38.11:848][  0]LogFileCache: Scanning file cache for directory 'C:/Users/Admin/Documents/Repositories/ScripterWorkshop/ScripterWorkshop/Saved/Collections/' took 0.01s
[2017.09.06-16.38.11:848][  0]LogFileCache: Scanning file cache for directory 'C:/Users/Admin/Documents/Repositories/ScripterWorkshop/ScripterWorkshop/Content/Developers/Admin/Collections/' took 0.01s
[2017.09.06-16.38.11:848][  0]LogFileCache: Scanning file cache for directory 'C:/Users/Admin/Documents/Repositories/ScripterWorkshop/ScripterWorkshop/Content/Collections/' took 0.01s
[2017.09.06-16.38.11:848][  0]LogCollectionManager: Rebuilt the GUID cache for 0 collections in 0.000001 seconds
[2017.09.06-16.38.11:863][  0]LogContentBrowser: Native class hierarchy populated in 0.0142 seconds. Added 2392 classes and 504 folders.
[2017.09.06-16.38.11:985][  0]LogContentBrowser: Native class hierarchy updated for 'WidgetCarousel' in 0.0026 seconds. Added 0 classes and 0 folders.
[2017.09.06-16.38.15:329][  0]LogContentBrowser: Native class hierarchy updated for 'AddContentDialog' in 0.0027 seconds. Added 0 classes and 0 folders.
[2017.09.06-16.38.15:371][  0]LogSlate: Took 0.039373 seconds to synchronously load lazily loaded font '../../../Engine/Content/Slate/Fonts/Roboto-Regular.ttf' (155K)
[2017.09.06-16.38.15:403][  0]LogSlate: Took 0.029228 seconds to synchronously load lazily loaded font '../../../Engine/Content/Slate/Fonts/Roboto-Bold.ttf' (160K)
[2017.09.06-16.38.15:435][  0]LogSlate: Took 0.025244 seconds to synchronously load lazily loaded font '../../../Engine/Content/Editor/Slate/Fonts/FontAwesome.ttf' (139K)
[2017.09.06-16.38.15:472][  0]LogSlate: Took 0.036549 seconds to synchronously load lazily loaded font '../../../Engine/Content/Editor/Slate/Fonts/DroidSansMono.ttf' (77K)
[2017.09.06-16.38.15:916][  0]LogRenderer: Reallocating scene render targets to support 832x588 Format 10 NumSamples 1 (Frame:1).
[2017.09.06-16.38.16:320][  0]LogContentBrowser: Native class hierarchy updated for 'HierarchicalLODOutliner' in 0.0025 seconds. Added 1 classes and 2 folders.
[2017.09.06-16.38.16:321][  0]LogLoad: (Engine Initialization) Total time: 104.15 seconds
[2017.09.06-16.38.16:321][  0]LogLoad: (Engine Initialization) Total Blueprint compile time: 0.00 seconds
[2017.09.06-16.38.16:321][  0]LogExternalProfiler: Found external profiler: VSPerf
[2017.09.06-16.38.16:322][  0]LogExternalProfiler: Using external profiler: VSPerf
[2017.09.06-16.38.16:679][  0]LogContentStreaming: Texture pool size now 1000 MB
[2017.09.06-16.38.17:010][  1]LogAssetRegistry: Asset discovery search completed in 60.4740 seconds
[2017.09.06-16.38.17:013][  1]LogCollectionManager: Rebuilt the object cache for 0 collections in 0.000001 seconds (found 0 objects)
[2017.09.06-16.38.17:013][  1]LogCollectionManager: Fixed up redirectors for 0 collections in 0.000304 seconds (updated 0 objects)
[2017.09.06-16.38.17:723][  3]LogSlate: Took 0.059403 seconds to synchronously load lazily loaded font '../../../Engine/Content/Slate/Fonts/Roboto-Light.ttf' (159K)
[2017.09.06-16.39.17:376][238]LogSlate: Took 0.000495 seconds to synchronously load lazily loaded font '../../../Engine/Content/Slate/Fonts/Roboto-Light.ttf' (159K)
[2017.09.06-16.39.43:592][311]LogSlate: Took 0.000211 seconds to synchronously load lazily loaded font '../../../Engine/Content/Slate/Fonts/Roboto-Light.ttf' (159K)
[2017.09.06-16.40.35:807][  0]LogVSAccessor: Warning: Couldn't goto line number '0' in 'C:/Users/Admin/Documents/Repositories/ScripterWorkshop/ScripterWorkshop/Source/ScripterWorkshop/MaterialSwitcher.h'
[2017.09.06-16.40.35:910][  0]LogVSAccessor: Warning: Couldn't goto line number '0' in 'C:/Users/Admin/Documents/Repositories/ScripterWorkshop/ScripterWorkshop/Source/ScripterWorkshop/MaterialSwitcher.cpp'
[2017.09.06-18.07.01:457][658]LogHttp: Warning: 0000000036386380: request failed, libcurl error: 6 (Couldn't resolve host name)
[2017.09.06-18.07.01:457][658]LogHttp: Warning: 0000000036386380: libcurl info message cache 0 (Found bundle for host datarouter.ol.epicgames.com: 0x36403fb8 [can pipeline])
[2017.09.06-18.07.01:457][658]LogHttp: Warning: 0000000036386380: libcurl info message cache 1 (Re-using existing connection! (#11) with host datarouter.ol.epicgames.com)
[2017.09.06-18.07.01:458][658]LogHttp: Warning: 0000000036386380: libcurl info message cache 2 (Connected to datarouter.ol.epicgames.com (34.231.11.75) port 443 (#11))
[2017.09.06-18.07.01:458][658]LogHttp: Warning: 0000000036386380: libcurl info message cache 3 (upload completely sent off: 352 out of 352 bytes)
[2017.09.06-18.07.01:458][658]LogHttp: Warning: 0000000036386380: libcurl info message cache 4 (SSL read: error:00000000:lib(0):func(0):reason(0), errno 10054)
[2017.09.06-18.07.01:459][658]LogHttp: Warning: 0000000036386380: libcurl info message cache 5 (Connection died, retrying a fresh connect)
[2017.09.06-18.07.01:459][658]LogHttp: Warning: 0000000036386380: libcurl info message cache 6 (Closing connection 11)
[2017.09.06-18.07.01:459][658]LogHttp: Warning: 0000000036386380: libcurl info message cache 7 (Issue another request to this URL: 'https://datarouter.ol.epicgames.com/datarouter/api/v1/public/data?SessionID=%7BC80EC835-4581-07DF-201E-87943090CE9E%7D&AppID=UEEditor.Rocket.Release&AppVersion=4.17.1-3586342%2B%2B%2BUE4%2BRelease-4.17&UserID=e596fd8543d8b022c6c53ab13e8a51b7%7C2bdd1138e9c84a049480766a9822828c%7C2095de21-1a6e-4602-8a10-60df676f333c&AppEnvironment=datacollector-binary&UploadType=eteventstream')
[2017.09.06-18.07.01:460][658]LogHttp: Warning: 0000000036386380: libcurl info message cache 8 (Could not resolve host: datarouter.ol.epicgames.com)
[2017.09.06-18.07.01:460][658]LogHttp: Warning: 0000000036386380: libcurl info message cache 9 (Closing connection 12)
[2017.09.06-18.08.26:882][ 84]Candidate modules for hot reload:
[2017.09.06-18.08.26:883][ 84]  ScripterWorkshop
[2017.09.06-18.08.26:883][ 84]Launching UnrealBuildTool... [C:/Program Files/Epic Games/UE_4.17/Engine/Binaries/DotNET/UnrealBuildTool.exe ScripterWorkshop -ModuleWithSuffix ScripterWorkshop 8653 Win64 Development -editorrecompile -canskiplink "C:/Users/Admin/Documents/Repositories/ScripterWorkshop/ScripterWorkshop/ScripterWorkshop.uproject" ]
[2017.09.06-18.08.26:909][ 84]Warning: Starting HotReload took  0.2s.
[2017.09.06-18.11.12:162][ 36]CompilerResultsLog: New page: Compilation - Sep 6, 2017, 10:11:12 PM
[2017.09.06-18.11.12:162][ 36]CompilerResultsLog: Compiling game modules for hot reload
[2017.09.06-18.11.12:162][ 36]CompilerResultsLog: Parsing headers for ScripterWorkshopEditor
[2017.09.06-18.11.12:163][ 36]CompilerResultsLog:   Running UnrealHeaderTool "C:\Users\Admin\Documents\Repositories\ScripterWorkshop\ScripterWorkshop\ScripterWorkshop.uproject" "C:\Users\Admin\Documents\Repositories\ScripterWorkshop\ScripterWorkshop\Intermediate\Build\Win64\ScripterWorkshopEditor\Development\ScripterWorkshopEditor.uhtmanifest" -LogCmds="loginit warning, logexit warning, logdatabase error" -Unattended -WarningsAsErrors -installed
[2017.09.06-18.11.12:163][ 36]CompilerResultsLog: Reflection code generated for ScripterWorkshopEditor in 21,1564944 seconds
[2017.09.06-18.11.12:163][ 36]CompilerResultsLog: Performing 4 actions (2 in parallel)
[2017.09.06-18.11.12:163][ 36]CompilerResultsLog: MaterialSwitcher.gen.cpp
[2017.09.06-18.11.12:164][ 36]CompilerResultsLog: MaterialSwitcher.cpp
[2017.09.06-18.11.12:164][ 36]CompilerResultsLog: Error: C:\Program Files\Epic Games\UE_4.17\Engine\Source\Runtime\Core\Public\Logging/LogMacros.h(34) : error C2665: 'CheckVA': nessuno dei 11 overload potrebbe convertire tutti i tipi di argomenti
[2017.09.06-18.11.12:164][ 36]CompilerResultsLog: Error: C:\Program Files\Epic Games\UE_4.17\Engine\Source\Runtime\Core\Public\Misc/VarArgs.h(87) : note: potrebbe essere 'bool CheckVA(bool)'
[2017.09.06-18.11.12:164][ 36]CompilerResultsLog: Error: C:\Program Files\Epic Games\UE_4.17\Engine\Source\Runtime\Core\Public\Misc/VarArgs.h(86) : note: o 'void *CheckVA(ANSICHAR *)'
[2017.09.06-18.11.12:164][ 36]CompilerResultsLog: Error: C:\Program Files\Epic Games\UE_4.17\Engine\Source\Runtime\Core\Public\Misc/VarArgs.h(85) : note: o 'TCHAR CheckVA(TCHAR)'
[2017.09.06-18.11.12:165][ 36]CompilerResultsLog: Error: C:\Program Files\Epic Games\UE_4.17\Engine\Source\Runtime\Core\Public\Misc/VarArgs.h(84) : note: o 'long CheckVA(unsigned long)'
[2017.09.06-18.11.12:165][ 36]CompilerResultsLog: Error: C:\Program Files\Epic Games\UE_4.17\Engine\Source\Runtime\Core\Public\Misc/VarArgs.h(83) : note: o 'long CheckVA(long)'
[2017.09.06-18.11.12:165][ 36]CompilerResultsLog: Error: C:\Program Files\Epic Games\UE_4.17\Engine\Source\Runtime\Core\Public\Misc/VarArgs.h(82) : note: o 'double CheckVA(double)'
[2017.09.06-18.11.12:165][ 36]CompilerResultsLog: Error: C:\Program Files\Epic Games\UE_4.17\Engine\Source\Runtime\Core\Public\Misc/VarArgs.h(81) : note: o 'int64 CheckVA(int64)'
[2017.09.06-18.11.12:166][ 36]CompilerResultsLog: Error: C:\Program Files\Epic Games\UE_4.17\Engine\Source\Runtime\Core\Public\Misc/VarArgs.h(80) : note: o 'uint64 CheckVA(uint64)'
[2017.09.06-18.11.12:166][ 36]CompilerResultsLog: Error: C:\Program Files\Epic Games\UE_4.17\Engine\Source\Runtime\Core\Public\Misc/VarArgs.h(79) : note: o 'int32 CheckVA(int32)'
[2017.09.06-18.11.12:166][ 36]CompilerResultsLog: Error: C:\Program Files\Epic Games\UE_4.17\Engine\Source\Runtime\Core\Public\Misc/VarArgs.h(78) : note: o 'uint8 CheckVA(uint8)'
[2017.09.06-18.11.12:166][ 36]CompilerResultsLog: Error: C:\Program Files\Epic Games\UE_4.17\Engine\Source\Runtime\Core\Public\Misc/VarArgs.h(77) : note: o 'uint32 CheckVA(uint32)'
[2017.09.06-18.11.12:167][ 36]CompilerResultsLog: Error: C:\Program Files\Epic Games\UE_4.17\Engine\Source\Runtime\Core\Public\Logging/LogMacros.h(34) : note: durante la ricerca di corrispondenza con l'elenco di argomenti '(FString)'
[2017.09.06-18.11.12:167][ 36]CompilerResultsLog: Error: C:\Users\Admin\Documents\Repositories\ScripterWorkshop\ScripterWorkshop\Source\ScripterWorkshop\MaterialSwitcher.cpp(64) : note: vedere il riferimento all'istanza '<Sconosciuto>' della funzione <Sconosciuto> di cui ? in corso la compilazione
[2017.09.06-18.11.12:167][ 36]CompilerResultsLog: ERROR: UBT ERROR: Failed to produce item: C:\Users\Admin\Documents\Repositories\ScripterWorkshop\ScripterWorkshop\Binaries\Win64\UE4Editor-ScripterWorkshop-8653.dll
[2017.09.06-18.11.12:168][ 36]CompilerResultsLog: Total build time: 163,86 seconds (Local executor: 0,00 seconds)
[2017.09.06-18.11.12:168][ 36]LogMainFrame: MainFrame: Module compiling took 165.371 seconds
[2017.09.06-18.11.12:185][ 36]Warning: HotReload failed, recompile failed
[2017.09.06-18.11.53:028][184]Candidate modules for hot reload:
[2017.09.06-18.11.53:028][184]  ScripterWorkshop
[2017.09.06-18.11.53:028][184]Launching UnrealBuildTool... [C:/Program Files/Epic Games/UE_4.17/Engine/Binaries/DotNET/UnrealBuildTool.exe ScripterWorkshop -ModuleWithSuffix ScripterWorkshop 4047 Win64 Development -editorrecompile -canskiplink "C:/Users/Admin/Documents/Repositories/ScripterWorkshop/ScripterWorkshop/ScripterWorkshop.uproject" ]
[2017.09.06-18.11.53:030][184]Warning: Starting HotReload took  0.0s.
[2017.09.06-18.12.21:356][441]CompilerResultsLog: New page: Compilation - Sep 6, 2017, 10:12:21 PM
[2017.09.06-18.12.21:356][441]CompilerResultsLog: Compiling game modules for hot reload
[2017.09.06-18.12.21:356][441]CompilerResultsLog: Parsing headers for ScripterWorkshopEditor
[2017.09.06-18.12.21:356][441]CompilerResultsLog:   Running UnrealHeaderTool "C:\Users\Admin\Documents\Repositories\ScripterWorkshop\ScripterWorkshop\ScripterWorkshop.uproject" "C:\Users\Admin\Documents\Repositories\ScripterWorkshop\ScripterWorkshop\Intermediate\Build\Win64\ScripterWorkshopEditor\Development\ScripterWorkshopEditor.uhtmanifest" -LogCmds="loginit warning, logexit warning, logdatabase error" -Unattended -WarningsAsErrors -installed
[2017.09.06-18.12.21:357][441]CompilerResultsLog: Reflection code generated for ScripterWorkshopEditor in 11,1916198 seconds
[2017.09.06-18.12.21:357][441]CompilerResultsLog: Performing 3 actions (2 in parallel)
[2017.09.06-18.12.21:357][441]CompilerResultsLog: MaterialSwitcher.cpp
[2017.09.06-18.12.21:357][441]CompilerResultsLog: [2/3] Link UE4Editor-ScripterWorkshop-4047.dll
[2017.09.06-18.12.21:357][441]CompilerResultsLog: [3/3] Link UE4Editor-ScripterWorkshop-4047.lib
[2017.09.06-18.12.21:357][441]CompilerResultsLog:    Creazione della libreria C:\Users\Admin\Documents\Repositories\ScripterWorkshop\ScripterWorkshop\Intermediate\Build\Win64\UE4Editor\Development\UE4Editor-ScripterWorkshop-4047.lib e dell'oggetto C:\Users\Admin\Documents\Repositories\ScripterWorkshop\ScripterWorkshop\Intermediate\Build\Win64\UE4Editor\Development\UE4Editor-ScripterWorkshop-4047.exp
[2017.09.06-18.12.21:358][441]CompilerResultsLog:    Creazione della libreria C:\Users\Admin\Documents\Repositories\ScripterWorkshop\ScripterWorkshop\Intermediate\Build\Win64\UE4Editor\Development\UE4Editor-ScripterWorkshop-4047.suppressed.lib e dell'oggetto C:\Users\Admin\Documents\Repositories\ScripterWorkshop\ScripterWorkshop\Intermediate\Build\Win64\UE4Editor\Development\UE4Editor-ScripterWorkshop-4047.suppressed.exp
[2017.09.06-18.12.21:359][441]CompilerResultsLog: Total build time: 27,59 seconds (Local executor: 6,45 seconds)
[2017.09.06-18.12.21:359][441]LogMainFrame: MainFrame: Module compiling took 28.338 seconds
[2017.09.06-18.12.22:573][441]LogContentBrowser: Native class hierarchy updated for 'ScripterWorkshop' in 0.0026 seconds. Added 5 classes and 2 folders.
[2017.09.06-18.12.22:575][441]Display: HotReload successful (1 functions remapped  0 scriptstructs remapped)
[2017.09.06-18.12.22:957][441]LogContentBrowser: Native class hierarchy populated in 0.0136 seconds. Added 2393 classes and 506 folders.
[2017.09.06-18.12.23:012][441]Display: HotReload took 30.0s.
[2017.09.06-18.12.28:698][822]LogTemp: Repeating last play command: Selected Viewport
[2017.09.06-18.12.29:070][822]LogPlayLevel: PlayLevel: No blueprints needed recompiling
[2017.09.06-18.12.29:139][822]PIE: New page: PIE session: ScripterWorkshop (Sep 6, 2017, 10:12:29 PM)
[2017.09.06-18.12.29:160][822]LogPlayLevel: Creating play world package: /Game/UEDPIE_0_ScripterWorkshop
[2017.09.06-18.12.29:198][822]LogPlayLevel: PIE: StaticDuplicateObject took: (0.037617s)
[2017.09.06-18.12.29:199][822]LogAIModule: Creating AISystem for world ScripterWorkshop
[2017.09.06-18.12.29:215][822]LogPlayLevel: PIE: World Init took: (0.016770s)
[2017.09.06-18.12.29:225][822]LogPlayLevel: PIE: Created PIE world by copying editor world from /Game/ScripterWorkshop.ScripterWorkshop to /Game/UEDPIE_0_ScripterWorkshop.ScripterWorkshop (0.064685s)
[2017.09.06-18.12.29:361][822]LogInit: XAudio2 using 'Altoparlanti (Realtek High Definition Audio)' : 2 channels at 48 kHz using 32 bits per sample (channel mask 0x3)
[2017.09.06-18.12.29:378][822]LogInit: FAudioDevice initialized.
[2017.09.06-18.12.29:589][822]LogLoad: Game class is 'BasicFirstPerson_C'
[2017.09.06-18.12.29:775][822]LogWorld: Bringing World /Game/UEDPIE_0_ScripterWorkshop.ScripterWorkshop up for play (max tick rate 0) at 2017.09.06-20.12.29
[2017.09.06-18.12.29:811][822]LogWorld: Bringing up level for play took: 0.037360
[2017.09.06-18.12.30:248][822]LogContentBrowser: Native class hierarchy updated for 'MovieSceneCapture' in 0.0028 seconds. Added 11 classes and 0 folders.
[2017.09.06-18.12.30:936][822]PIE: Play in editor start time for /Game/UEDPIE_0_ScripterWorkshop 1.51
[2017.09.06-18.13.17:110][169]LogHttp: Warning: 0000000033D1F700: request failed, libcurl error: 0 (No error)
[2017.09.06-18.13.17:110][169]LogHttp: Warning: 0000000033D1F700: libcurl info message cache 0 (Connection 13 seems to be dead!)
[2017.09.06-18.13.17:111][169]LogHttp: Warning: 0000000033D1F700: libcurl info message cache 1 (Closing connection 13)
[2017.09.06-18.13.17:111][169]LogHttp: Warning: 0000000033D1F700: libcurl info message cache 2 (TLSv1.2 (OUT), TLS alert, Client hello (1):)
[2017.09.06-18.13.17:111][169]LogHttp: Warning: 0000000033D1F700: libcurl info message cache 3 (  Trying 52.70.206.117...)
[2017.09.06-18.13.17:111][169]LogHttp: Warning: 0000000033D1F700: libcurl info message cache 4 (Connected to datarouter.ol.epicgames.com (52.70.206.117) port 443 (#14))
[2017.09.06-18.13.17:111][169]LogHttp: Warning: 0000000033D1F700: libcurl info message cache 5 (ALPN, offering http/1.1)
[2017.09.06-18.13.17:111][169]LogHttp: Warning: 0000000033D1F700: libcurl info message cache 6 (Cipher selection: ALL:!EXPORT:!EXPORT40:!EXPORT56:!aNULL:!LOW:!RC4:@STRENGTH)
[2017.09.06-18.13.17:112][169]LogHttp: Warning: 0000000033D1F700: libcurl info message cache 7 (SSL re-using session ID)
[2017.09.06-18.13.17:112][169]LogHttp: Warning: 0000000033D1F700: libcurl info message cache 8 (TLSv1.2 (OUT), TLS handshake, Client hello (1):)
[2017.09.06-18.13.17:112][169]LogHttp: Warning: 0000000033D1F700: libcurl info message cache 9 (TLSv1.2 (IN), TLS handshake, Server hello (2):)
[2017.09.06-18.13.17:112][169]LogHttp: Warning: 0000000033D1F700: libcurl info message cache 10 (Closing connection 14)
[2017.09.06-18.38.17:065][547]LogHttp: Warning: 000000002503E800: request failed, libcurl error: 0 (No error)
[2017.09.06-18.38.17:065][547]LogHttp: Warning: 000000002503E800: libcurl info message cache 0 (Connection 21 seems to be dead!)
[2017.09.06-18.38.17:066][547]LogHttp: Warning: 000000002503E800: libcurl info message cache 1 (Closing connection 21)
[2017.09.06-18.38.17:066][547]LogHttp: Warning: 000000002503E800: libcurl info message cache 2 (TLSv1.2 (OUT), TLS alert, Client hello (1):)
[2017.09.06-18.38.17:066][547]LogHttp: Warning: 000000002503E800: libcurl info message cache 3 (  Trying 52.70.206.117...)
[2017.09.06-18.38.17:066][547]LogHttp: Warning: 000000002503E800: libcurl info message cache 4 (Connected to datarouter.ol.epicgames.com (52.70.206.117) port 443 (#22))
[2017.09.06-18.38.17:067][547]LogHttp: Warning: 000000002503E800: libcurl info message cache 5 (ALPN, offering http/1.1)
[2017.09.06-18.38.17:067][547]LogHttp: Warning: 000000002503E800: libcurl info message cache 6 (Cipher selection: ALL:!EXPORT:!EXPORT40:!EXPORT56:!aNULL:!LOW:!RC4:@STRENGTH)
[2017.09.06-18.38.17:067][547]LogHttp: Warning: 000000002503E800: libcurl info message cache 7 (SSL re-using session ID)
[2017.09.06-18.38.17:067][547]LogHttp: Warning: 000000002503E800: libcurl info message cache 8 (TLSv1.2 (OUT), TLS handshake, Client hello (1):)
[2017.09.06-18.38.17:067][547]LogHttp: Warning: 000000002503E800: libcurl info message cache 9 (TLSv1.2 (IN), TLS handshake, Server hello (2):)
[2017.09.06-18.38.17:067][547]LogHttp: Warning: 000000002503E800: libcurl info message cache 10 (Closing connection 22)
[2017.09.06-18.40.29:402][944]LogHttp: Warning: 000000002503DA80: request failed, libcurl error: 6 (Couldn't resolve host name)
[2017.09.06-18.40.29:403][944]LogHttp: Warning: 000000002503DA80: libcurl info message cache 0 (Connection 23 seems to be dead!)
[2017.09.06-18.40.29:403][944]LogHttp: Warning: 000000002503DA80: libcurl info message cache 1 (Closing connection 23)
[2017.09.06-18.40.29:403][944]LogHttp: Warning: 000000002503DA80: libcurl info message cache 2 (TLSv1.2 (OUT), TLS alert, Client hello (1):)
[2017.09.06-18.40.29:404][944]LogHttp: Warning: 000000002503DA80: libcurl info message cache 3 (Could not resolve host: datarouter.ol.epicgames.com)
[2017.09.06-18.40.29:404][944]LogHttp: Warning: 000000002503DA80: libcurl info message cache 4 (Closing connection 24)
[2017.09.06-18.42.16:688][232]Cmd: QUIT_EDITOR
[2017.09.06-18.42.17:154][232]LogExit: Preparing to exit.
[2017.09.06-18.42.18:925][232]LogDirectoryWatcher: A directory notification for 'C:/Users/Admin/Documents/Repositories/ScripterWorkshop/ScripterWorkshop/Content/' was aborted.
[2017.09.06-18.42.19:289][232]LogExit: Editor shut down
[2017.09.06-18.42.19:299][232]LogExit: Transaction tracking system shut down
[2017.09.06-18.42.19:604][232]LogDirectoryWatcher: A directory notification for '../../../Engine/Content/' was aborted.
[2017.09.06-18.42.19:605][232]LogDirectoryWatcher: A directory notification for '../../../../../../Users/Admin/Documents/Repositories/ScripterWorkshop/ScripterWorkshop/Content/' was aborted.
[2017.09.06-18.42.19:605][232]LogDirectoryWatcher: A directory notification for '../../../Engine/Plugins/2D/Paper2D/Content/' was aborted.
[2017.09.06-18.42.19:605][232]LogDirectoryWatcher: A directory notification for '../../../Engine/Plugins/Runtime/Oculus/OculusVR/Content/' was aborted.
[2017.09.06-18.42.19:605][232]LogDirectoryWatcher: A directory notification for '../../../Engine/Plugins/Runtime/Steam/SteamVR/Content/' was aborted.
[2017.09.06-18.42.22:048][232]LogExit: Object subsystem successfully closed.
[2017.09.06-18.42.22:477][232]LogD3D11RHI: Shutdown
[2017.09.06-18.42.22:485][232]LogD3D11RHI: CleanupD3DDevice
[2017.09.06-18.42.22:841][232]LogD3D11RHI: ~FD3D11DynamicRHI
[2017.09.06-18.42.24:215][232]LogModuleManager: Shutting down and abandoning module MovieSceneCapture (535)
[2017.09.06-18.42.24:215][232]LogModuleManager: Shutting down and abandoning module ScripterWorkshop (533)
[2017.09.06-18.42.24:215][232]LogModuleManager: Shutting down and abandoning module HierarchicalLODOutliner (532)
[2017.09.06-18.42.24:215][232]LogModuleManager: Shutting down and abandoning module AddContentDialog (530)
[2017.09.06-18.42.24:217][232]LogDirectoryWatcher: A directory notification for 'C:/Program Files/Epic Games/UE_4.17/FeaturePacks/' was aborted.
[2017.09.06-18.42.24:241][232]LogModuleManager: Shutting down and abandoning module WidgetCarousel (529)
[2017.09.06-18.42.24:241][232]LogModuleManager: Shutting down and abandoning module EditorWidgets (526)
[2017.09.06-18.42.24:241][232]LogModuleManager: Shutting down and abandoning module CollectionManager (524)
[2017.09.06-18.42.24:276][232]LogDirectoryWatcher: A directory notification for 'C:/Users/Admin/Documents/Repositories/ScripterWorkshop/ScripterWorkshop/Content/Collections/' was aborted.
[2017.09.06-18.42.24:277][232]LogDirectoryWatcher: A directory notification for 'C:/Users/Admin/Documents/Repositories/ScripterWorkshop/ScripterWorkshop/Content/Developers/Admin/Collections/' was aborted.
[2017.09.06-18.42.24:277][232]LogDirectoryWatcher: A directory notification for 'C:/Users/Admin/Documents/Repositories/ScripterWorkshop/ScripterWorkshop/Saved/Collections/' was aborted.
[2017.09.06-18.42.24:277][232]LogModuleManager: Shutting down and abandoning module SceneOutliner (522)
[2017.09.06-18.42.24:287][232]LogModuleManager: Shutting down and abandoning module StatsViewer (520)
[2017.09.06-18.42.24:307][232]LogModuleManager: Shutting down and abandoning module FoliageEdit (518)
[2017.09.06-18.42.24:307][232]LogModuleManager: Shutting down and abandoning module LandscapeEditor (516)
[2017.09.06-18.42.24:342][232]LogModuleManager: Shutting down and abandoning module MeshPaintMode (514)
[2017.09.06-18.42.24:342][232]LogModuleManager: Shutting down and abandoning module SceneDepthPickerMode (512)
[2017.09.06-18.42.24:342][232]LogModuleManager: Shutting down and abandoning module ActorPickerMode (510)
[2017.09.06-18.42.24:342][232]LogModuleManager: Shutting down and abandoning module GeometryMode (508)
[2017.09.06-18.42.24:342][232]LogModuleManager: Shutting down and abandoning module TextureAlignMode (506)
[2017.09.06-18.42.24:342][232]LogModuleManager: Shutting down and abandoning module BspMode (504)
[2017.09.06-18.42.24:348][232]LogModuleManager: Shutting down and abandoning module PIEPreviewDeviceProfileSelector (502)
[2017.09.06-18.42.24:348][232]LogModuleManager: Shutting down and abandoning module HardwareSurvey (500)
[2017.09.06-18.42.24:348][232]LogModuleManager: Shutting down and abandoning module SequenceRecorderSections (498)
[2017.09.06-18.42.24:361][232]LogModuleManager: Shutting down and abandoning module AutomationWorker (496)
[2017.09.06-18.42.24:366][232]LogModuleManager: Shutting down and abandoning module MatineeToLevelSequence (494)
[2017.09.06-18.42.24:387][232]LogModuleManager: Shutting down and abandoning module LevelSequenceEditor (492)
[2017.09.06-18.42.24:404][232]LogModuleManager: Shutting down and abandoning module PlacementMode (491)
[2017.09.06-18.42.24:404][232]LogModuleManager: Shutting down and abandoning module WmfMediaFactory (488)
[2017.09.06-18.42.24:404][232]LogModuleManager: Shutting down and abandoning module WmfMediaEditor (486)
[2017.09.06-18.42.24:404][232]LogModuleManager: Shutting down and abandoning module AvfMediaFactory (484)
[2017.09.06-18.42.24:404][232]LogModuleManager: Shutting down and abandoning module AvfMediaEditor (482)
[2017.09.06-18.42.24:404][232]LogModuleManager: Shutting down and abandoning module AndroidMediaFactory (480)
[2017.09.06-18.42.24:404][232]LogModuleManager: Shutting down and abandoning module Media (479)
[2017.09.06-18.42.24:404][232]LogModuleManager: Shutting down and abandoning module AndroidMediaEditor (476)
[2017.09.06-18.42.24:404][232]LogModuleManager: Shutting down and abandoning module CharacterAI (474)
[2017.09.06-18.42.24:404][232]LogModuleManager: Shutting down and abandoning module AudioCapture (472)
[2017.09.06-18.42.24:404][232]LogModuleManager: Shutting down and abandoning module SequenceRecorder (471)
[2017.09.06-18.42.24:412][232]LogModuleManager: Shutting down and abandoning module SmartSnapping (468)
[2017.09.06-18.42.24:412][232]LogModuleManager: Shutting down and abandoning module SessionServices (466)
[2017.09.06-18.42.24:412][232]LogModuleManager: Shutting down and abandoning module ViewportSnapping (464)
[2017.09.06-18.42.24:412][232]LogModuleManager: Shutting down and abandoning module ViewportInteraction (462)
[2017.09.06-18.42.24:412][232]LogModuleManager: Shutting down and abandoning module ClothPainter (460)
[2017.09.06-18.42.24:435][232]LogModuleManager: Shutting down and abandoning module LogVisualizer (458)
[2017.09.06-18.42.24:450][232]LogModuleManager: Shutting down and abandoning module IntroTutorials (456)
[2017.09.06-18.42.24:478][232]LogModuleManager: Shutting down and abandoning module GameProjectGeneration (455)
[2017.09.06-18.42.24:490][232]LogModuleManager: Shutting down and abandoning module IOSPlatformEditor (452)
[2017.09.06-18.42.24:490][232]LogModuleManager: Shutting down and abandoning module HTML5PlatformEditor (450)
[2017.09.06-18.42.24:490][232]LogModuleManager: Shutting down and abandoning module AndroidPlatformEditor (448)
[2017.09.06-18.42.24:491][232]LogModuleManager: Shutting down and abandoning module AndroidDeviceDetection (447)
[2017.09.06-18.42.25:198][232]LogModuleManager: Shutting down and abandoning module WindowsPlatformEditor (444)
[2017.09.06-18.42.25:198][232]LogModuleManager: Shutting down and abandoning module IOSRuntimeSettings (442)
[2017.09.06-18.42.25:198][232]LogModuleManager: Shutting down and abandoning module AndroidRuntimeSettings (440)
[2017.09.06-18.42.25:198][232]LogModuleManager: Shutting down and abandoning module InputBindingEditor (438)
[2017.09.06-18.42.25:221][232]LogModuleManager: Shutting down and abandoning module MergeActors (436)
[2017.09.06-18.42.25:261][232]LogModuleManager: Shutting down and abandoning module SizeMap (434)
[2017.09.06-18.42.25:261][232]LogModuleManager: Shutting down and abandoning module TreeMap (432)
[2017.09.06-18.42.25:300][232]LogModuleManager: Shutting down and abandoning module ReferenceViewer (430)
[2017.09.06-18.42.25:300][232]LogModuleManager: Shutting down and abandoning module LocalizationDashboard (428)
[2017.09.06-18.42.25:328][232]LogModuleManager: Shutting down and abandoning module LocalizationService (427)
[2017.09.06-18.42.25:358][232]LogModuleManager: Shutting down and abandoning module HardwareTargeting (424)
[2017.09.06-18.42.25:358][232]LogModuleManager: Shutting down and abandoning module DeviceProfileEditor (422)
[2017.09.06-18.42.25:374][232]LogModuleManager: Shutting down and abandoning module UndoHistory (420)
[2017.09.06-18.42.25:375][232]LogModuleManager: Shutting down and abandoning module XmlParser (418)
[2017.09.06-18.42.25:391][232]LogModuleManager: Shutting down and abandoning module Blutility (416)
[2017.09.06-18.42.25:391][232]LogModuleManager: Shutting down and abandoning module ProjectSettingsViewer (414)
[2017.09.06-18.42.25:391][232]LogModuleManager: Shutting down and abandoning module ProjectTargetPlatformEditor (413)
[2017.09.06-18.42.25:391][232]LogModuleManager: Shutting down and abandoning module EditorSettingsViewer (410)
[2017.09.06-18.42.25:391][232]LogModuleManager: Shutting down and abandoning module SettingsEditor (408)
[2017.09.06-18.42.25:456][232]LogModuleManager: Shutting down and abandoning module ProjectLauncher (406)
[2017.09.06-18.42.25:481][232]LogModuleManager: Shutting down and abandoning module SessionFrontend (404)
[2017.09.06-18.42.25:499][232]LogModuleManager: Shutting down and abandoning module ProfilerClient (402)
[2017.09.06-18.42.25:516][232]LogModuleManager: Shutting down and abandoning module DeviceManager (400)
[2017.09.06-18.42.25:545][232]LogModuleManager: Shutting down and abandoning module TargetDeviceServices (399)
[2017.09.06-18.42.25:629][232]LogModuleManager: Shutting down and abandoning module AutomationController (396)
[2017.09.06-18.42.25:635][232]LogModuleManager: Shutting down and abandoning module AutomationWindow (394)
[2017.09.06-18.42.25:651][232]LogModuleManager: Shutting down and abandoning module Layers (392)
[2017.09.06-18.42.25:729][232]LogModuleManager: Shutting down and abandoning module ComponentVisualizers (390)
[2017.09.06-18.42.25:729][232]LogModuleManager: Shutting down and abandoning module DetailCustomizations (388)
[2017.09.06-18.42.25:782][232]LogModuleManager: Shutting down and abandoning module PackagesDialog (386)
[2017.09.06-18.42.25:811][232]LogModuleManager: Shutting down and abandoning module Persona (384)
[2017.09.06-18.42.25:832][232]LogModuleManager: Shutting down and abandoning module AdvancedPreviewScene (383)
[2017.09.06-18.42.25:833][232]LogModuleManager: Shutting down and abandoning module AnimGraph (381)
[2017.09.06-18.42.25:846][232]LogModuleManager: Shutting down and abandoning module Kismet (378)
[2017.09.06-18.42.25:873][232]LogModuleManager: Shutting down and abandoning module ClassViewer (376)
[2017.09.06-18.42.25:873][232]LogModuleManager: Shutting down and abandoning module Toolbox (374)
[2017.09.06-18.42.25:873][232]LogModuleManager: Shutting down and abandoning module ModuleUI (372)
[2017.09.06-18.42.25:878][232]LogModuleManager: Shutting down and abandoning module MovieSceneTools (370)
[2017.09.06-18.42.25:902][232]LogModuleManager: Shutting down and abandoning module OutputLog (368)
[2017.09.06-18.42.25:902][232]LogModuleManager: Shutting down and abandoning module GammaUI (366)
[2017.09.06-18.42.25:912][232]LogModuleManager: Shutting down and abandoning module Documentation (364)
[2017.09.06-18.42.25:912][232]LogModuleManager: Shutting down and abandoning module MovieSceneTracks (362)
[2017.09.06-18.42.25:912][232]LogModuleManager: Shutting down and abandoning module MovieScene (360)
[2017.09.06-18.42.25:913][232]LogModuleManager: Shutting down and abandoning module Niagara (358)
[2017.09.06-18.42.25:913][232]LogModuleManager: Shutting down and abandoning module NiagaraEditor (357)
[2017.09.06-18.42.26:014][232]LogModuleManager: Shutting down and abandoning module StreamingPauseRendering (354)
[2017.09.06-18.42.26:014][232]LogModuleManager: Shutting down and abandoning module LauncherPlatform (352)
[2017.09.06-18.42.26:014][232]LogModuleManager: Shutting down and abandoning module AnalyticsET (350)
[2017.09.06-18.42.26:014][232]LogModuleManager: Shutting down and abandoning module PortalServices (348)
[2017.09.06-18.42.26:014][232]LogModuleManager: Shutting down and abandoning module PortalRpc (346)
[2017.09.06-18.42.26:014][232]LogModuleManager: Shutting down and abandoning module MessagingRpc (344)
[2017.09.06-18.42.26:014][232]LogModuleManager: Shutting down and abandoning module AIModule (342)
[2017.09.06-18.42.26:014][232]LogModuleManager: Shutting down and abandoning module GameplayDebugger (341)
[2017.09.06-18.42.26:014][232]LogModuleManager: Shutting down and abandoning module AITestSuite (339)
[2017.09.06-18.42.26:066][232]LogModuleManager: Shutting down and abandoning module ProfilerService (336)
[2017.09.06-18.42.26:148][232]LogModuleManager: Shutting down and abandoning module TaskGraph (334)
[2017.09.06-18.42.26:166][232]LogModuleManager: Shutting down and abandoning module SteamVRController (332)
[2017.09.06-18.42.26:166][232]LogModuleManager: Shutting down and abandoning module ProceduralMeshComponentEditor (330)
[2017.09.06-18.42.26:166][232]LogModuleManager: Shutting down and abandoning module ProceduralMeshComponent (328)
[2017.09.06-18.42.26:166][232]LogModuleManager: Shutting down and abandoning module OculusInput (326)
[2017.09.06-18.42.26:176][232]LogModuleManager: Shutting down and abandoning module MobilePatchingUtils (324)
[2017.09.06-18.42.26:176][232]LogModuleManager: Shutting down and abandoning module CustomMeshComponent (322)
[2017.09.06-18.42.26:176][232]LogModuleManager: Shutting down and abandoning module CableComponent (320)
[2017.09.06-18.42.26:179][232]LogModuleManager: Shutting down and abandoning module ArchVisCharacter (318)
[2017.09.06-18.42.26:179][232]LogModuleManager: Shutting down and abandoning module AndroidPermission (316)
[2017.09.06-18.42.26:179][232]LogModuleManager: Shutting down and abandoning module MediaPlayerEditor (312)
[2017.09.06-18.42.26:191][232]LogModuleManager: Shutting down and abandoning module HTML5Networking (310)
[2017.09.06-18.42.26:191][232]LogModuleManager: Shutting down and abandoning module AlembicImporter (308)
[2017.09.06-18.42.26:196][232]LogModuleManager: Shutting down and abandoning module AlembicLibrary (307)
[2017.09.06-18.42.26:196][232]LogModuleManager: Shutting down and abandoning module GeometryCache (306)
[2017.09.06-18.42.26:196][232]LogModuleManager: Shutting down and abandoning module GeometryCacheEd (305)
[2017.09.06-18.42.26:196][232]LogModuleManager: Shutting down and abandoning module SpeedTreeImporter (300)
[2017.09.06-18.42.26:196][232]LogModuleManager: Shutting down and abandoning module PluginBrowser (298)
[2017.09.06-18.42.26:257][232]LogModuleManager: Shutting down and abandoning module MobileLauncherProfileWizard (296)
[2017.09.06-18.42.26:291][232]LogModuleManager: Shutting down and abandoning module VisualStudioSourceCodeAccess (294)
[2017.09.06-18.42.26:291][232]LogModuleManager: Shutting down and abandoning module DesktopPlatform (293)
[2017.09.06-18.42.26:336][232]LogModuleManager: Shutting down and abandoning module UObjectPlugin (290)
[2017.09.06-18.42.26:336][232]LogModuleManager: Shutting down and abandoning module SubversionSourceControl (288)
[2017.09.06-18.42.26:340][232]LogModuleManager: Shutting down and abandoning module PerforceSourceControl (286)
[2017.09.06-18.42.26:361][232]LogModuleManager: Shutting down and abandoning module GitSourceControl (284)
[2017.09.06-18.42.26:399][232]LogModuleManager: Shutting down and abandoning module SourceControl (283)
[2017.09.06-18.42.26:415][232]LogModuleManager: Shutting down and abandoning module LightPropagationVolumeEditor (280)
[2017.09.06-18.42.26:415][232]LogModuleManager: Shutting down and abandoning module PaperTiledImporter (278)
[2017.09.06-18.42.26:415][232]LogModuleManager: Shutting down and abandoning module PaperSpriteSheetImporter (276)
[2017.09.06-18.42.26:415][232]LogModuleManager: Shutting down and abandoning module Paper2DEditor (274)
[2017.09.06-18.42.26:426][232]LogModuleManager: Shutting down and abandoning module MeshPaint (273)
[2017.09.06-18.42.26:434][232]LogModuleManager: Shutting down and abandoning module LevelEditor (271)
[2017.09.06-18.42.26:445][232]LogModuleManager: Shutting down and abandoning module PixelInspectorModule (270)
[2017.09.06-18.42.26:456][232]LogModuleManager: Shutting down and abandoning module MainFrame (268)
[2017.09.06-18.42.26:456][232]LogModuleManager: Shutting down and abandoning module HotReload (267)
[2017.09.06-18.42.26:456][232]LogDirectoryWatcher: A directory notification for 'C:/Users/Admin/Documents/Repositories/ScripterWorkshop/ScripterWorkshop/Binaries/Win64' was aborted.
[2017.09.06-18.42.26:457][232]LogModuleManager: Shutting down and abandoning module RuntimePhysXCooking (260)
[2017.09.06-18.42.26:457][232]LogModuleManager: Shutting down and abandoning module PhysXVehiclesEditor (258)
[2017.09.06-18.42.26:457][232]LogModuleManager: Shutting down and abandoning module PhysXVehicles (256)
[2017.09.06-18.42.26:457][232]LogModuleManager: Shutting down and abandoning module OculusEditor (254)
[2017.09.06-18.42.26:457][232]LogModuleManager: Shutting down and abandoning module LocationServicesBPLibrary (252)
[2017.09.06-18.42.26:457][232]LogModuleManager: Shutting down and abandoning module ImmediatePhysicsEditor (250)
[2017.09.06-18.42.26:457][232]LogModuleManager: Shutting down and abandoning module ImmediatePhysics (248)
[2017.09.06-18.42.26:461][232]LogModuleManager: Shutting down and abandoning module UdpMessaging (246)
[2017.09.06-18.42.26:563][232]LogModuleManager: Shutting down and abandoning module TcpMessaging (244)
[2017.09.06-18.42.26:670][232]LogModuleManager: Shutting down and abandoning module GameplayTagsEditor (242)
[2017.09.06-18.42.26:687][232]LogModuleManager: Shutting down and abandoning module FacialAnimationEditor (240)
[2017.09.06-18.42.26:688][232]LogModuleManager: Shutting down and abandoning module FacialAnimation (238)
[2017.09.06-18.42.26:688][232]LogModuleManager: Shutting down and abandoning module AssetManagerEditor (236)
[2017.09.06-18.42.26:693][232]LogModuleManager: Shutting down and abandoning module GraphEditor (235)
[2017.09.06-18.42.26:743][232]LogModuleManager: Shutting down and abandoning module ContentBrowser (233)
[2017.09.06-18.42.26:744][232]LogModuleManager: Shutting down and abandoning module LightPropagationVolumeRuntime (230)
[2017.09.06-18.42.26:744][232]LogModuleManager: Shutting down and abandoning module Paper2D (228)
[2017.09.06-18.42.26:751][232]LogModuleManager: Shutting down and abandoning module WindowsMoviePlayer (226)
[2017.09.06-18.42.26:758][232]LogModuleManager: Shutting down and abandoning module WmfMedia (224)
[2017.09.06-18.42.26:775][232]LogModuleManager: Shutting down and abandoning module PacketHandler (222)
[2017.09.06-18.42.26:775][232]LogModuleManager: Shutting down and abandoning module ClothingSystemEditor (220)
[2017.09.06-18.42.26:775][232]LogModuleManager: Shutting down and abandoning module ClothingSystemRuntime (218)
[2017.09.06-18.42.26:795][232]LogModuleManager: Shutting down and abandoning module Overlay (216)
[2017.09.06-18.42.26:795][232]LogModuleManager: Shutting down and abandoning module OverlayEditor (215)
[2017.09.06-18.42.26:795][232]LogModuleManager: Shutting down and abandoning module MediaAssets (212)
[2017.09.06-18.42.26:795][232]LogModuleManager: Shutting down and abandoning module VREditor (210)
[2017.09.06-18.42.26:812][232]LogModuleManager: Shutting down and abandoning module StringTableEditor (208)
[2017.09.06-18.42.26:817][232]LogModuleManager: Shutting down and abandoning module GameplayTasksEditor (206)
[2017.09.06-18.42.26:817][232]LogModuleManager: Shutting down and abandoning module BehaviorTreeEditor (204)
[2017.09.06-18.42.26:836][232]LogModuleManager: Shutting down and abandoning module FunctionalTesting (202)
[2017.09.06-18.42.26:836][232]LogModuleManager: Shutting down and abandoning module CollisionAnalyzer (200)
[2017.09.06-18.42.26:842][232]LogModuleManager: Shutting down and abandoning module WorkspaceMenuStructure (199)
[2017.09.06-18.42.26:842][232]LogModuleManager: Shutting down and abandoning module UMG (196)
[2017.09.06-18.42.26:856][232]LogModuleManager: Shutting down and abandoning module UMGEditor (195)
[2017.09.06-18.42.26:885][232]LogModuleManager: Shutting down and abandoning module Sequencer (194)
[2017.09.06-18.42.26:896][232]LogModuleManager: Shutting down and abandoning module MessageLog (191)
[2017.09.06-18.42.26:896][232]LogModuleManager: Shutting down and abandoning module SlateReflector (186)
[2017.09.06-18.42.27:014][232]LogModuleManager: Shutting down and abandoning module Slate (184)
[2017.09.06-18.42.27:014][232]LogModuleManager: Shutting down and abandoning module EditorStyle (182)
[2017.09.06-18.42.27:023][232]LogModuleManager: Shutting down and abandoning module MRMesh (180)
[2017.09.06-18.42.27:023][232]LogModuleManager: Shutting down and abandoning module SourceCodeAccess (178)
[2017.09.06-18.42.27:023][232]LogModuleManager: Shutting down and abandoning module HeadMountedDisplay (176)
[2017.09.06-18.42.27:023][232]LogModuleManager: Shutting down and abandoning module XAudio2 (174)
[2017.09.06-18.42.27:023][232]LogModuleManager: Shutting down and abandoning module Networking (172)
[2017.09.06-18.42.27:023][232]LogModuleManager: Shutting down and abandoning module Core (168)
[2017.09.06-18.42.27:023][232]LogModuleManager: Shutting down and abandoning module KismetCompiler (164)
[2017.09.06-18.42.27:023][232]LogModuleManager: Shutting down and abandoning module MeshUtilities (162)
[2017.09.06-18.42.27:042][232]LogModuleManager: Shutting down and abandoning module MeshMergeUtilities (161)
[2017.09.06-18.42.27:053][232]LogModuleManager: Shutting down and abandoning module MeshReductionInterface (160)
[2017.09.06-18.42.27:053][232]LogModuleManager: Shutting down and abandoning module SimplygonSwarm (159)
[2017.09.06-18.42.27:060][232]LogModuleManager: Shutting down and abandoning module SimplygonMeshReduction (157)
[2017.09.06-18.42.27:061][232]LogModuleManager: Shutting down and abandoning module QuadricMeshReduction (155)
[2017.09.06-18.42.27:077][232]LogModuleManager: Shutting down and abandoning module MaterialBaking (151)
[2017.09.06-18.42.27:084][232]LogModuleManager: Shutting down and abandoning module LevelSequence (148)
[2017.09.06-18.42.27:084][232]LogModuleManager: Shutting down and abandoning module DirectoryWatcher (146)
[2017.09.06-18.42.27:085][232]LogModuleManager: Shutting down and abandoning module DerivedDataCache (144)
[2017.09.06-18.42.27:118][232]LogDerivedDataCache: Shutdown
[2017.09.06-18.42.27:123][232]LogModuleManager: Shutting down and abandoning module TargetPlatform (142)
[2017.09.06-18.42.27:123][232]LogModuleManager: Shutting down and abandoning module VulkanShaderFormat (141)
[2017.09.06-18.42.27:134][232]LogModuleManager: Shutting down and abandoning module ShaderFormatVectorVM (139)
[2017.09.06-18.42.27:141][232]LogModuleManager: Shutting down and abandoning module ShaderFormatOpenGL (137)
[2017.09.06-18.42.27:158][232]LogModuleManager: Shutting down and abandoning module ShaderFormatD3D (135)
[2017.09.06-18.42.27:168][232]LogModuleManager: Shutting down and abandoning module MetalShaderFormat (133)
[2017.09.06-18.42.27:192][232]LogModuleManager: Shutting down and abandoning module TextureFormatUncompressed (131)
[2017.09.06-18.42.27:193][232]LogModuleManager: Shutting down and abandoning module TextureFormatPVR (129)
[2017.09.06-18.42.27:193][232]LogModuleManager: Shutting down and abandoning module TextureFormatDXT (127)
[2017.09.06-18.42.27:204][232]LogModuleManager: Shutting down and abandoning module TextureFormatIntelISPCTexComp (125)
[2017.09.06-18.42.27:216][232]LogModuleManager: Shutting down and abandoning module TextureFormatASTC (123)
[2017.09.06-18.42.27:216][232]LogModuleManager: Shutting down and abandoning module ImageWrapper (122)
[2017.09.06-18.42.27:216][232]LogModuleManager: Shutting down and abandoning module TextureFormatAndroid (119)
[2017.09.06-18.42.27:216][232]LogModuleManager: Shutting down and abandoning module AudioFormatOpus (117)
[2017.09.06-18.42.27:216][232]LogModuleManager: Shutting down and abandoning module AudioFormatOgg (115)
[2017.09.06-18.42.27:216][232]LogModuleManager: Shutting down and abandoning module AudioFormatADPCM (113)
[2017.09.06-18.42.27:216][232]LogModuleManager: Shutting down and abandoning module LinuxTargetPlatform (111)
[2017.09.06-18.42.27:216][232]LogModuleManager: Shutting down and abandoning module LinuxServerTargetPlatform (109)
[2017.09.06-18.42.27:216][232]LogModuleManager: Shutting down and abandoning module LinuxNoEditorTargetPlatform (107)
[2017.09.06-18.42.27:216][232]LogModuleManager: Shutting down and abandoning module LinuxClientTargetPlatform (105)
[2017.09.06-18.42.27:216][232]LogModuleManager: Shutting down and abandoning module TVOSTargetPlatform (103)
[2017.09.06-18.42.27:216][232]LogModuleManager: Shutting down and abandoning module Messaging (101)
[2017.09.06-18.42.27:216][232]LogModuleManager: Shutting down and abandoning module IOSTargetPlatform (99)
[2017.09.06-18.42.27:216][232]LogModuleManager: Shutting down and abandoning module HTML5TargetPlatform (97)
[2017.09.06-18.42.27:216][232]LogModuleManager: Shutting down and abandoning module Android_PVRTCTargetPlatform (95)
[2017.09.06-18.42.27:216][232]LogModuleManager: Shutting down and abandoning module Android_MultiTargetPlatform (93)
[2017.09.06-18.42.27:216][232]LogModuleManager: Shutting down and abandoning module Android_ETC2TargetPlatform (91)
[2017.09.06-18.42.27:216][232]LogModuleManager: Shutting down and abandoning module Android_ETC1TargetPlatform (89)
[2017.09.06-18.42.27:216][232]LogModuleManager: Shutting down and abandoning module Android_DXTTargetPlatform (87)
[2017.09.06-18.42.27:216][232]LogModuleManager: Shutting down and abandoning module Android_ATCTargetPlatform (85)
[2017.09.06-18.42.27:216][232]LogModuleManager: Shutting down and abandoning module Android_ASTCTargetPlatform (83)
[2017.09.06-18.42.27:216][232]LogModuleManager: Shutting down and abandoning module AndroidTargetPlatform (81)
[2017.09.06-18.42.27:216][232]LogModuleManager: Shutting down and abandoning module WindowsTargetPlatform (79)
[2017.09.06-18.42.27:216][232]LogModuleManager: Shutting down and abandoning module WindowsServerTargetPlatform (77)
[2017.09.06-18.42.27:217][232]LogModuleManager: Shutting down and abandoning module WindowsNoEditorTargetPlatform (75)
[2017.09.06-18.42.27:217][232]LogModuleManager: Shutting down and abandoning module WindowsClientTargetPlatform (73)
[2017.09.06-18.42.27:217][232]LogModuleManager: Shutting down and abandoning module MacTargetPlatform (71)
[2017.09.06-18.42.27:217][232]LogModuleManager: Shutting down and abandoning module MacServerTargetPlatform (69)
[2017.09.06-18.42.27:217][232]LogModuleManager: Shutting down and abandoning module MacNoEditorTargetPlatform (67)
[2017.09.06-18.42.27:217][232]LogModuleManager: Shutting down and abandoning module MacClientTargetPlatform (65)
[2017.09.06-18.42.27:217][232]LogModuleManager: Shutting down and abandoning module AllDesktopTargetPlatform (63)
[2017.09.06-18.42.27:217][232]LogModuleManager: Shutting down and abandoning module InputCore (60)
[2017.09.06-18.42.27:217][232]LogModuleManager: Shutting down and abandoning module Settings (58)
[2017.09.06-18.42.27:217][232]LogModuleManager: Shutting down and abandoning module PhysXCooking (56)
[2017.09.06-18.42.27:217][232]LogModuleManager: Shutting down and abandoning module SteamVR (54)
[2017.09.06-18.42.27:217][232]LogModuleManager: Shutting down and abandoning module OculusHMD (52)
[2017.09.06-18.42.27:225][232]LogModuleManager: Shutting down and abandoning module ExampleDeviceProfileSelector (50)
[2017.09.06-18.42.27:225][232]LogModuleManager: Shutting down and abandoning module OnlineBlueprintSupport (48)
[2017.09.06-18.42.27:226][232]LogModuleManager: Shutting down and abandoning module OnlineSubsystem (44)
[2017.09.06-18.42.27:226][232]LogOnline: Display: Unloading online subsystem: NULL
[2017.09.06-18.42.27:252][232]LogModuleManager: Shutting down and abandoning module XMPP (43)
[2017.09.06-18.42.27:273][232]LogModuleManager: Shutting down and abandoning module HTTP (41)
[2017.09.06-18.42.27:273][232]LogHttp: Display: Http module shutting down, but needs to wait on 1 outstanding Http requests:
[2017.09.06-18.42.27:282][232]LogHttp: Display: 	verb=[POST] url=[https://datarouter.ol.epicgames.com/datarouter/api/v1/public/data?SessionID=%7BC80EC835-4581-07DF-201E-87943090CE9E%7D&AppID=UEEditor.Rocket.Release&AppVersion=4.17.1-3586342%2B%2B%2BUE4%2BRelease-4.17&UserID=e596fd8543d8b022c6c53ab13e8a51b7%7C2bdd1138e9c84a049480766a9822828c%7C2095de21-1a6e-4602-8a10-60df676f333c&AppEnvironment=datacollector-binary&UploadType=eteventstream] status=Processing
[2017.09.06-18.42.27:282][232]LogHttp: Display: Sleeping 0.5s to wait for 1 outstanding Http requests.
[2017.09.06-18.42.27:782][232]LogHttp: Display: Sleeping 0.5s to wait for 1 outstanding Http requests.
[2017.09.06-18.42.28:282][232]LogHttp: Display: Sleeping 0.5s to wait for 1 outstanding Http requests.
[2017.09.06-18.42.28:782][232]LogHttp: Display: Sleeping 0.5s to wait for 1 outstanding Http requests.
[2017.09.06-18.42.29:282][232]LogHttp: Display: Sleeping 0.5s to wait for 1 outstanding Http requests.
[2017.09.06-18.42.29:790][232]LogModuleManager: Shutting down and abandoning module SSL (40)
[2017.09.06-18.42.29:805][232]LogModuleManager: Shutting down and abandoning module AnimationModifiers (36)
[2017.09.06-18.42.29:810][232]LogModuleManager: Shutting down and abandoning module PropertyEditor (35)
[2017.09.06-18.42.29:810][232]LogModuleManager: Shutting down and abandoning module AudioEditor (32)
[2017.09.06-18.42.29:821][232]LogModuleManager: Shutting down and abandoning module TextureCompressor (30)
[2017.09.06-18.42.29:830][232]LogModuleManager: Shutting down and abandoning module ShaderCore (28)
[2017.09.06-18.42.29:830][232]LogModuleManager: Shutting down and abandoning module Landscape (26)
[2017.09.06-18.42.29:830][232]LogModuleManager: Shutting down and abandoning module SlateRHIRenderer (24)
[2017.09.06-18.42.29:841][232]LogModuleManager: Shutting down and abandoning module OpenGLDrv (22)
[2017.09.06-18.42.29:844][232]LogModuleManager: Shutting down and abandoning module D3D11RHI (20)
[2017.09.06-18.42.29:844][232]LogModuleManager: Shutting down and abandoning module AnimGraphRuntime (18)
[2017.09.06-18.42.29:844][232]LogModuleManager: Shutting down and abandoning module Renderer (16)
[2017.09.06-18.42.29:844][232]LogModuleManager: Shutting down and abandoning module Engine (14)
[2017.09.06-18.42.29:844][232]LogModuleManager: Shutting down and abandoning module CoreUObject (12)
[2017.09.06-18.42.29:844][232]LogModuleManager: Shutting down and abandoning module NetworkFile (10)
[2017.09.06-18.42.29:847][232]LogModuleManager: Shutting down and abandoning module CookedIterativeFile (8)
[2017.09.06-18.42.29:847][232]LogModuleManager: Shutting down and abandoning module StreamingFile (6)
[2017.09.06-18.42.29:857][232]LogModuleManager: Shutting down and abandoning module SandboxFile (4)
[2017.09.06-18.42.29:857][232]LogModuleManager: Shutting down and abandoning module PakFile (2)
[2017.09.06-18.42.29:875][232]LogExit: Exiting.
[2017.09.06-18.42.29:887][232]Log file closed, 09/06/17 20:42:29
